-1.100439092634220684e+00
-1.310208207857857854e+00
-9.686986204801494305e-01
-1.244189143867308944e+00
-1.204297978697016713e+00
-1.303172364585705623e+00
-1.278459571298547592e+00
-2.013081513892049923e-01
-4.568457094722696565e-01
-1.186888846186838542e+00
-1.096208656340573073e+00
-1.121076827428001632e+00
-9.888313569730078356e-01
-5.355420928090975918e-01
-1.088849534244465067e+00
-1.042842341494737646e+00
-9.689833828482596889e-01
-1.004298830935516529e+00
-1.010637491244886110e+00
-1.073506211550517175e+00
-1.004295237812722785e+00
-1.098844441513277648e+00
-1.161493397647291204e+00
-6.241470347583215617e-01
-1.234805117138207287e+00
-1.246071076204956274e+00
-1.162345165450520579e+00
-1.281861545422920745e+00
-1.142300177150850082e+00
-1.183237156479709506e+00
-1.326910326073867941e+00
2.397616574909549048e-01
2.075183643333100569e-01
-4.792937825866909196e-01
-1.028534755184503435e+00
-1.122920071163781008e+00
-1.000768270808578331e+00
-1.003740675335286880e+00
-1.290348843017335323e+00
-5.793943905321108367e-01
-1.027073141719103022e+00
5.934912548770199248e-02
-1.238951707660638224e-01
-1.221058815535405628e+00
-6.728352074054362308e-01
-1.289508339872063258e+00
-4.164711479205016054e-01
-8.630989569724121235e-01
-1.081549874888221963e+00
-7.510314119811581923e-01
-7.277039856918174898e-01
-3.507246635180081284e-01
-8.784650472621147177e-01
-2.396210101980400520e-01
-1.205222467033086886e+00
-7.400370226677327468e-01
-1.009093299031295521e+00
-1.027199634272880635e+00
-9.582836266446741469e-01
-1.069402407114394160e+00
-1.004185091526386353e+00
-1.183614504237171960e+00
-1.123025021505282384e+00
-1.127041847333313029e+00
-1.111332367844563906e+00
-1.350797869042461574e-01
-1.242619469101972962e+00
-1.089118561916655237e+00
-9.637228539759459256e-01
-1.237253993497963833e+00
-1.001129608296622342e+00
-1.317645918537825089e+00
-1.106995821435955873e+00
-1.175544284649655769e+00
-9.664262248153768775e-01
-9.999462560242768916e-01
-1.178119266989081426e+00
-9.068311424087115435e-01
-1.085371679668610145e+00
-1.007979440233672142e+00
-1.004960259915062437e+00
-1.006557549481376546e+00
-1.254930212484440588e+00
-7.636316311848481142e-01
-8.844769378109506031e-01
-6.867407301872615610e-01
-1.069070385700723547e+00
-1.294408346613933780e+00
-1.020554160053184445e+00
-4.355154366466186810e-01
-1.804763186843765244e-01
-1.343592362126466710e+00
-1.250691269206959388e+00
-1.017649025727908718e+00
-1.045475702882445734e-01
-1.020111815429563196e+00
-1.007969106680778326e+00
-1.012587922453656919e+00
-1.266029366738147033e+00
-1.098369043090814401e+00
-1.145797318532925324e+00
-1.110342190785824856e+00
-1.099746924622968969e+00
-1.018896452874310077e+00
-1.018896452874310077e+00
-5.891832287934666290e-01
-1.018896452874310077e+00
-1.254061253062490167e+00
-9.445025245748565057e-01
5.752629511983540223e-01
-1.080395248080743054e+00
-9.908278807417677525e-01
-9.905153378292329558e-01
-1.255839533774901984e+00
-1.157553817260027484e+00
-1.241826103705293338e+00
-1.044676556507278642e+00
-1.236722529331239606e+00
-9.283852714605972389e-01
-3.168627100377995331e-01
-1.135570385288194650e+00
-8.430769348019639953e-01
-1.226414547650809705e+00
-1.160140617538048202e+00
-1.161668268559417738e+00
-1.024351016971786210e+00
-1.147828179455913089e+00
-9.454944373128603141e-01
-1.076897590785865777e+00
-1.082518975561200136e+00
-1.136847048518058623e+00
-1.048379715771498466e+00
4.665163447262070662e-01
-1.211000986739933838e+00
-1.106684395910642937e+00
-1.202354255788820714e+00
-1.040506729139885067e+00
-1.086395288779749002e+00
-1.067158926077749648e+00
-1.084072184634491842e+00
-1.132900066817256857e+00
-1.039936193386064689e+00
-1.005500536531150901e+00
-1.180351320419396055e+00
-9.966154255550967456e-01
-9.984696289861580976e-01
-1.007868388211934585e+00
-1.002836289562358818e+00
-1.191186221156421698e+00
-9.916758625720712983e-01
-9.767152963144204447e-01
4.693725985785990318e-02
6.296584703998910904e-01
-1.144769779575727231e+00
-1.055042708740890900e+00
-1.268297652775662421e+00
-1.159337873166267796e+00
-1.259643867468505318e+00
-9.864630168984594993e-01
-1.138184954544963379e+00
-1.021920849936341247e+00
1.337350992535544236e-01
-1.009690816018133486e+00
-9.978866493807079241e-01
-1.111621769989688646e+00
-9.875072453470939982e-01
-1.004384307303777035e+00
-5.654935726838157262e-01
-1.268437613703542022e+00
-9.934141437705420463e-01
-1.005445886392531518e+00
-9.899947319318325167e-01
-1.044511980595959511e+00
-9.724478436872798781e-01
-1.233140138076851855e+00
-1.033371798441383271e+00
-1.072547207933689961e+00
9.999895557750904107e-01
-1.263388411272089673e+00
-1.202622881393936138e+00
1.000052837507085624e+00
-1.002039856950436070e+00
-9.319352202419141085e-01
-1.144385053128541552e+00
-1.120756017990296893e+00
-1.124441224238926118e+00
-7.538831963633538802e-01
-1.202843467953063294e+00
-1.190963988309185373e+00
4.721769303886795832e-01
-9.871815330983676473e-01
-1.289475492777464094e+00
-1.100403362436671584e+00
-1.195441053176325763e+00
-9.944177491540616698e-01
-9.345066315474230834e-01
-1.024769463150185134e+00
1.000207140149035334e+00
-1.018896452874310077e+00
-1.116658488779798786e+00
-1.294550411529756140e+00
-1.116639991016351363e+00
-1.210187379294141330e+00
-1.051917271744503779e+00
-1.239721489559819867e+00
-1.028640452210815681e+00
-1.260676243076850334e+00
-9.965285607787456312e-01
-8.976849418311768636e-01
-9.951402006267948686e-01
1.642917767510088112e-01
-1.139624002669200609e+00
-9.797551297061637410e-01
-9.901111485845629501e-01
-1.004147169796713923e+00
-1.206198683493541424e+00
-1.126816954297936935e+00
-8.955119467376289055e-01
-1.213187688162899791e+00
-9.682973199214368609e-01
-1.115448648049155000e+00
-1.198186384125078385e+00
-1.104883719117451646e+00
-1.018896452874310077e+00
-1.204977992184797841e+00
-1.231611600677960272e+00
-1.231994072746058988e+00
-7.434504582157623886e-01
-1.170795233156872062e+00
-1.156051221676660967e+00
-1.057357820430491424e+00
-1.354175529077799034e+00
-1.152155468829136886e+00
-1.202176160701897700e+00
-7.131085209411265335e-01
-1.063684742172558373e+00
-1.012892366387308618e+00
-1.009059249783748946e+00
-1.001541875858465547e+00
-1.009466398831424749e+00
-1.004487857964888597e+00
-1.002217844497901966e+00
-1.213808153418165503e+00
-1.174209878247720384e+00
-1.099994039479094132e+00
-7.594027812230055297e-01
-1.272469336683770269e+00
-9.099185687844435488e-01
-1.280176637726058608e+00
-1.018896452874310077e+00
-1.003391554170967925e+00
-1.047151186333696193e+00
-1.139034691896183782e+00
-9.579513349374895181e-01
-1.001171196397113272e+00
-1.182439259117834762e+00
6.670494045030506136e-03
-1.228889702535030271e+00
-1.057884632656018287e+00
-1.114421413779634218e+00
-1.258455881874867233e+00
-9.040052978296297947e-01
9.332659709476578414e-01
-8.029363872969288440e-01
-1.002243822987356037e+00
-9.813377152009090665e-01
-1.001412478370946602e+00
-1.022556829027035263e+00
-1.136103356289803745e+00
-2.440059608618274645e-01
-1.168496915718771678e+00
-1.055057449919272194e+00
-9.043695119102952429e-01
-1.186845489858733060e+00
-1.256734968970375066e+00
-1.183438640058650293e+00
-1.163563792653607321e+00
-1.018896452874310077e+00
-1.190160849773006291e+00
-1.260738662041716474e+00
-9.414851281886259526e-01
-4.295354975163570566e-01
-1.116080844091123181e+00
-1.021811093098326628e+00
-1.024384621962762365e+00
-1.119314571877718434e+00
-8.815885445883246962e-01
-6.565254905028824473e-01
-1.204375936217259691e+00
-1.302616847449079795e+00
-9.882982415199661475e-01
-1.105130966340730492e+00
4.851195216763097839e-01
-1.018896452874310077e+00
-1.238027953482541799e+00
-6.248970801752882220e-01
-1.152175815997052100e+00
-1.230715314978527042e+00
-1.058048435523671227e+00
-9.885297934488019855e-01
-1.212327678370345829e+00
-1.000983593751948453e+00
-8.851774559889523664e-01
-1.260541711125575448e+00
-1.249041216001452348e+00
-8.505714534739607924e-01
-1.023253146133283886e+00
-1.026619276179129070e+00
5.616126081676064974e-01
7.863288541536817000e-01
-4.295354975163570566e-01
-1.223255129467817337e+00
-1.184839164553448176e+00
-8.970016895213736019e-01
-9.353890581488000233e-01
-9.626026849662415730e-01
-1.222090077535071151e+00
-1.107348824115128583e+00
-2.987536090003206635e-01
-1.319185428212676703e+00
-1.081247559305239747e+00
-9.969604028140871543e-01
-1.045205551332132998e+00
-9.394121831818738055e-01
-1.242120698081546015e+00
-1.018701437077627281e+00
-1.132381520070031566e+00
-1.060106911861679935e+00
-5.351895646240467652e-01
-9.592915729261888291e-01
-1.212027618235794080e+00
-1.148754556254701908e+00
-1.052679788663533511e+00
-1.121960480648273029e+00
-1.170442506413267969e+00
-9.912590723489997924e-01
-1.162736952429394455e+00
-1.111998371678061037e+00
4.426475198815111867e-01
-1.092190054835010526e+00
-1.228320626231581336e+00
-1.255714028273173799e-01
-4.051736884729184585e-02
-1.142326200749927967e+00
-1.108141748426880957e+00
-1.217904291710315778e+00
-1.075815601764178231e+00
-1.100381575905497789e+00
-1.085294206062662248e+00
-6.862158068387061993e-01
-1.002247801880662870e+00
-1.218928066007404443e+00
-1.136526281348696044e+00
-1.364391352579789496e+00
-1.237972674176329502e+00
-1.124382163511882027e+00
-1.313308184797801648e+00
-1.059410994847993281e+00
-1.015552229220347158e+00
-1.278188413371730281e+00
-1.018896452874310077e+00
-1.208921501833920553e+00
-1.386502920912115577e+00
-1.237360904571131126e+00
-1.013772952325182608e+00
-1.040347825584326369e+00
-9.247071209706565487e-01
3.108097253513208980e-01
-1.226015418210131269e+00
-1.185293686849083983e+00
-1.270924531349104436e+00
-9.426957296397815433e-01
-9.014769372342059661e-01
-1.215130594179131940e+00
-1.170872723875892918e+00
-1.072518039639013931e+00
-1.237709712184196009e+00
-1.018896452874310077e+00
-1.137905174753429449e+00
-1.188483008936554786e+00
-9.831794166358039933e-01
-1.225777699562863754e+00
-1.282593026510642442e+00
-1.018896452874310077e+00
-1.248039214616689208e+00
-1.096007520313723838e+00
-1.163827468734341286e+00
-1.129603274385333478e+00
-1.019759551975130130e+00
-1.274120358200507841e+00
-1.136165825086663528e+00
-1.065787588889088866e+00
-6.422154239909607654e-01
-1.216042193153728412e+00
-1.111988456703937533e+00
1.204279837323207758e-01
-1.166221278871121037e+00
-1.282013260588064529e+00
-1.104341641452626144e+00
-1.022734359707161200e+00
-1.140551825749994030e+00
-9.120794806506219432e-01
-1.325271056430079142e+00
-1.309129835436442679e+00
-1.263001674678295938e+00
-1.221159509158389778e+00
-9.866755875279609178e-01
-1.255592857034428356e+00
-1.058819405316149265e+00
6.750627161621312045e-01
-1.173387979315217322e+00
-1.185199980482671611e+00
-1.161401554180782281e+00
-1.083178123875426335e+00
-1.083367096258190498e+00
-1.102504078722338354e+00
-1.104308408969895350e+00
-1.257439927164871740e+00
-1.105565826525478634e+00
-1.004965259153758339e+00
-1.260296604664632669e+00
-1.143977084552173507e+00
-1.014998479979686064e+00
-1.111332367844563906e+00
4.667254785083276847e-01
-1.199134352970846251e+00
-1.262051663169000193e+00
-4.112313286361470865e-01
-1.104356639755899261e+00
-1.214477289439506613e+00
-1.141087420658370544e+00
-1.192322446547666726e+00
-1.179185623250801562e+00
-1.178349722238839714e+00
-6.520515303598204415e-01
-1.335503176930927349e+00
-1.233791962760139249e+00
-1.183540771136236458e+00
-1.007587598769807968e+00
-1.032364924909443538e+00
-1.164292398993270083e+00
-1.133438612336060691e+00
-1.219481673524320353e+00
-1.109862964986450429e+00
-7.682325543303567539e-01
-9.928220817245894114e-01
-1.211098604629049058e+00
-1.008126866736986038e+00
-1.006814335974112851e+00
-1.039297449340142121e+00
-1.231104487720437568e+00
-1.211088211472685972e+00
-1.125480506804274361e+00
-1.197897409637959543e+00
-1.018896452874310077e+00
-1.273289524722498012e+00
-8.824292939676905423e-01
4.076086083523182690e-01
-2.202338259653948693e-01
-1.006365578921108339e+00
-1.009510002446164956e+00
-1.014266163463135806e+00
-1.340275556255232647e-02
-9.846483405038071179e-01
-1.049443949501165152e+00
-1.008390725817013056e+00
-1.284655365480626532e+00
-9.585958902195290676e-01
-1.024118485156760849e+00
-1.197820099189407461e+00
-9.584151665630589179e-01
-1.006960460144096681e+00
-9.819618949852163547e-01
7.271598069925948593e-01
-1.371692652407251245e+00
-1.254445645267539211e+00
-1.145872832580711709e+00
-1.035999303264619975e+00
-9.178426861176258722e-01
-1.207571091456719037e+00
-1.053422720454400663e+00
-9.906076415234376098e-01
-4.295354975163570566e-01
-9.512249855562713297e-01
-1.017772895721444026e+00
-1.169445729087425612e+00
-1.300445743962966194e+00
-1.151223841984296614e+00
-1.140140961005627451e+00
-1.278368065484694061e+00
-1.020529587613448363e+00
-1.166151629741121187e+00
-1.084380826513944296e+00
-1.032256560016582281e+00
-1.001839429433455608e+00
-1.249303622920688639e+00
-1.144456353078799005e+00
-1.067836630131655085e+00
-1.132124915658367037e+00
-9.422778838701699744e-01
-6.469989551253261251e-01
-6.021372328828460407e-01
-7.053153429665605101e-01
-1.286098315391430713e+00
-1.127436413539121718e+00
-1.196315265699571473e+00
6.252091767396927846e-01
-9.929159776790517089e-01
-9.737167733688723015e-01
-1.101401311931363924e+00
-1.259210785202570460e+00
-1.214898137756205587e+00
-9.623336122864362130e-01
-1.230136615844429571e+00
-6.821747643638009784e-01
1.371927897901836779e-01
-1.060090439856694378e+00
-1.205354233326691116e+00
-8.222633095289260119e-01
-1.190365617125171083e+00
-1.233030949798776588e+00
-1.224175475263556079e+00
-1.034000715516078639e+00
-1.029251384347942944e+00
-1.018896452874310077e+00
-5.071578181792324447e-01
-1.018896452874310077e+00
-1.018896452874310077e+00
-1.167154619361345347e+00
-1.110418339880272942e+00
-6.070291378468017918e-01
-1.264939300473143735e+00
-6.816163703980671063e-01
-9.788489717436213988e-01
-1.310590022864276616e+00
-6.221476454197434336e-01
-1.159706567944131406e+00
-1.018896452874310077e+00
4.191522326931764741e-01
-1.034664560423307123e+00
-9.118368947624051479e-01
-9.374575813116927669e-01
-1.323226602675894314e+00
-4.295354975163570566e-01
-1.098212286899927559e+00
-1.264698327042296455e+00
-1.018896452874310077e+00
-1.300438498031099455e+00
-1.267833318030916256e+00
-1.125072562216437477e+00
-1.212786875515237117e+00
-1.091722101132774236e+00
-1.018896452874310077e+00
-7.167789397227253279e-01
-1.067613062977567084e+00
-1.129391999248618550e+00
-8.439946968480491751e-01
-9.587974968213017757e-01
-1.180208996693733470e+00
-1.094317196844690754e+00
-5.933642481749827891e-01
-7.856473773084209355e-01
-3.717490911008933807e-01
-7.770386977734184963e-01
-1.170347889970821953e+00
-8.183081868286646854e-01
-7.165455020023502319e-01
-1.252479705138421551e+00
-1.639745532368186431e-01
-1.066262541926892737e+00
-1.208948030576753041e+00
-1.225706151123573839e+00
-9.990956631030567525e-01
-1.041490614777851098e+00
-1.205042906628634558e+00
-1.043198979391199988e+00
-1.188737923268670338e+00
-1.018896452874310077e+00
-6.804426822180049683e-01
-1.015768972260217229e+00
-9.428150014313452232e-02
-9.958056951358960074e-01
-1.018896452874310077e+00
-1.129255446289785469e+00
-1.179277215568824477e+00
-1.018896452874310077e+00
-1.103040167924983272e+00
-1.036988847982341255e+00
-1.090857411742676586e+00
-1.103551560139310661e+00
-7.760345418464393852e-01
-9.894756488355016533e-01
-1.281464359854936452e+00
-9.495583704648346002e-01
-1.015613969516626636e+00
-1.137532303491811003e+00
-1.322000912521228866e+00
-6.779280766432422833e-01
-1.054775700404223526e+00
6.808777742558023149e-01
-9.722468593793270886e-01
-1.340150832988077578e+00
-1.232283942215793626e+00
-1.195216561738642991e+00
-9.691982352661667743e-01
-1.271658884284402546e+00
-8.554464492492136474e-01
-1.249028159064324628e+00
-1.245074989554877609e+00
-9.733009590969263769e-01
-1.212397591743348046e+00
-1.196132874418756931e+00
-1.027778279441537324e+00
-1.202057735564991958e+00
-8.328444170807980385e-01
-1.222760475700964466e+00
-1.083610685812294916e+00
-1.236936663230333355e+00
-8.512780664446116807e-01
-9.917127386179572790e-01
-1.233229200059603459e+00
-1.189833338787854577e+00
-1.134983134145435946e+00
-9.773913126937199269e-01
-1.001696204556665748e+00
-1.122769287003110517e+00
-1.210255677417524156e+00
-2.413242455215613980e-01
-1.033862605977798221e+00
-1.013918387073753813e+00
-1.059425037888233945e+00
-1.189451231065017822e+00
-1.226614837903444721e+00
-1.182341414222464859e+00
-1.152300554023680590e+00
-1.002392892490761689e+00
-1.151459147951949591e+00
-1.100613456570237902e+00
-1.004100039728493821e+00
-5.018055270461483364e-01
-1.244242196542412415e+00
-8.009213724200158202e-01
-1.049278179286996515e+00
-6.698049419711205044e-01
-7.033971324457551910e-01
-3.632929488526320805e-01
-1.033859706179835580e+00
3.489498018640495580e-01
-1.013805425129749027e+00
-1.229005583328485640e+00
-1.256022065609874616e+00
-7.088115125453062770e-01
-1.037247305027280575e+00
-9.814804836171973079e-01
-1.284832314268161468e+00
-9.958349383222082629e-01
-1.005086760367467580e+00
-9.568007596906163981e-01
-1.157373915425119026e+00
-1.240508874748287305e+00
-1.139697443677716304e+00
-7.881590258609888489e-01
-1.034185986014665604e+00
-9.717283553609238345e-01
-1.185983328642482793e+00
-9.621168059504434655e-01
-1.147392324112510575e+00
-1.009214113003909397e+00
-1.246575032553978613e+00
-1.238621507042651837e+00
-1.228363268642413075e+00
-7.373762158427834557e-01
-1.231129897717793131e+00
-9.797420377359598032e-01
-1.152824704226970809e+00
-1.238682692403522578e+00
-1.199226938190639302e+00
-1.030785587322282204e+00
-1.203371158034112431e+00
6.896800366146893513e-02
-1.270765284498302172e+00
-1.155347139187619332e+00
-1.206047966979395314e+00
-9.960637886604800650e-01
-1.339261405709524233e+00
-9.751273304109278062e-01
-9.710109909341144707e-01
-1.002682969126598600e+00
-1.197387529916161597e+00
-1.018896452874310077e+00
-1.161156268128300750e+00
-1.106261846285869321e+00
-1.005536822492698601e+00
-1.207207847711809778e+00
-1.217909905408877336e+00
-1.209079533993263844e+00
-1.204441664085851960e+00
-1.139109732895400295e+00
-1.276122103460544555e+00
-1.054274476616166245e+00
6.648778047246035605e-01
-1.058884420286627437e+00
-1.120324649444552900e+00
-1.223677870185100325e+00
-1.258676043840387893e+00
-1.070906475508736300e+00
-1.247617020036909441e+00
-9.852805500894363799e-01
-1.173537687684996778e+00
-1.198544097406112119e+00
-6.219213643042045270e-01
-9.999681090235604808e-01
-9.966091164077256481e-01
-1.075772908338969991e+00
-1.046181093711193721e+00
-1.194660497363081220e+00
-1.005851402370878223e+00
-4.295354975163570566e-01
-1.163580996392169054e+00
-1.222114799593804424e+00
-9.936898353230484426e-01
-1.036687523982555259e+00
-1.015227760596358442e+00
-1.011356542618413012e+00
6.469306577593492147e-01
-1.082036175178689552e+00
-1.215878406178974691e+00
-1.361700983705736112e+00
-8.681589862092092824e-01
-1.280282420648580999e+00
-1.039597827667153140e+00
-2.238536083873956528e-01
-1.079339803964797895e+00
-9.991319577159109011e-01
-5.407549139995744270e-01
-1.002642619619853237e+00
-9.331031291977301967e-01
-9.972275355462485447e-01
-4.295354975163570566e-01
-9.412377888681522364e-01
-1.086610895830914192e+00
-1.105439631972207071e+00
-9.952387532098688760e-01
-1.197099491497980672e+00
-1.012906909077636586e+00
-1.020275952508667539e+00
-9.923527733682294683e-01
-1.244780615204121421e+00
-1.077947884936686140e+00
-1.210911818731240430e+00
-1.020726485961017449e+00
-1.134340953864551471e+00
-1.281907327585499079e+00
1.807186707071661846e-01
-1.106649705221996793e+00
-1.010822699103242961e+00
-1.311549744524234118e+00
-1.114344651103369888e+00
-1.260427094807676340e+00
-9.826649442526693701e-01
-9.719621651266947548e-01
-1.138366470075046433e+00
-1.125567035433460594e+00
-1.018896452874310077e+00
-1.018896452874310077e+00
-4.295354975163570566e-01
-1.253354568394575264e+00
-1.002595939719744145e+00
-1.238987538428378610e+00
-1.091692848768681889e+00
-1.226452746488424284e+00
-1.210548857851084570e+00
-1.259096524627817182e+00
-1.006313332927612381e+00
-1.185356659192546402e+00
-4.523539003118085544e-01
-1.112085919105032739e+00
-9.493127857416197024e-01
-1.004088206436432262e+00
-9.811614897027465254e-01
-1.018896452874310077e+00
-9.865289614926913142e-01
-9.676692096943146915e-01
-1.166012249995493466e+00
-1.027870541971971363e+00
-7.850270930159202187e-01
-8.811354472911503422e-01
-9.033197774444887695e-01
-1.184958579296579551e+00
-1.067243432559277894e+00
-1.036685453719677241e+00
-9.534425401676458467e-01
-1.002576072795740014e+00
-1.127534603776421784e+00
-1.171619409657548072e+00
-1.025501060578105417e+00
-1.244239629068430553e+00
-1.082685643063756586e+00
-1.020188174299318185e+00
-9.989198073245375564e-01
-1.097632566943016919e+00
-1.267011238166523057e+00
-1.212655671202598651e+00
-7.382994118032628617e-01
-4.295354975163570566e-01
-1.150825527876517818e+00
-1.012287949025780565e+00
-1.018896452874310077e+00
-1.265144023176746124e+00
-1.173310237575328152e+00
-9.788501259491313444e-01
-1.105773295457693317e+00
-1.166995525069498107e+00
-1.272618124608132950e+00
-1.271586443726229421e+00
-1.302727964968168450e+00
-1.077789128878347213e+00
-1.125760498415915301e+00
-1.312610197123690314e+00
-1.118059459961410207e+00
-1.018896452874310077e+00
-1.012785107827582687e+00
-7.626158636909836641e-01
-8.586641165125730168e-01
-1.240560010485512343e+00
-1.220062832361333838e+00
-1.241200292307761188e+00
-1.198769317649464705e+00
-1.222182780464280416e+00
-9.854282530410541918e-01
-1.189830480999938489e+00
-1.286545547361092279e+00
-1.154259493905639422e+00
-1.174846962239655124e+00
-1.018896452874310077e+00
-1.010659133973566437e+00
-1.020599762332631943e+00
-1.088123670653357689e+00
-2.410828652742008638e-01
-2.483209147362732683e-01
-1.209441142149211501e+00
-1.174734432834849240e+00
-1.007703186604936629e+00
-1.217561927322666104e+00
-8.575166746519672367e-01
-1.151293844212137873e+00
-8.732571652809102414e-01
-9.862013004901121205e-01
-1.243097134938155213e+00
-1.282204024734187930e+00
-1.217056275417336852e+00
1.232652125961761769e-01
-1.180441470624894906e+00
-1.159924346514314308e+00
-9.527938444697877651e-01
-1.021666875065621038e+00
-1.131654860260997264e+00
-5.708951532258195183e-01
-2.677203170583084546e-01
-1.142238965064452438e+00
-7.380792152365149850e-01
-9.949030031721765033e-01
3.675544513274371372e-01
-1.010403554071641619e+00
2.065525124404834489e-01
-1.189162578864895625e+00
-1.104131841666619263e+00
-9.372873008125846006e-01
-1.263306976256209690e+00
-1.271646935439188830e+00
-1.131378041745865870e+00
-1.248948727430313932e+00
-9.528899634240515226e-01
-1.102788198335572512e+00
-1.001479042363249583e+00
-1.177229824791324653e+00
1.363152687897157822e-01
-1.178927705828116013e+00
-9.980442462514219626e-01
-1.066724643787699822e+00
-9.011070568813379644e-01
-1.001670218420110059e+00
-1.024756973855430298e+00
-1.115969633242112735e+00
-1.000172497570866348e+00
-1.138595086215703045e+00
-1.207372492947351716e+00
-9.995590045209035157e-01
-1.012050406683035364e+00
-1.004193280583726589e+00
-9.960774082106287342e-01
-1.032572332398201231e+00
-9.335682124487887368e-01
-1.230177863513322700e+00
-9.707747392678451881e-01
-1.004052235019802231e+00
-1.015572186120353493e+00
-1.036059663812356035e+00
-1.189117156969305533e+00
-8.306445903177475110e-01
-6.161333445203688308e-01
-1.013311170826663776e+00
-1.018896452874310077e+00
-1.099614247062609351e+00
-4.295354975163570566e-01
-1.121931185002023490e+00
-1.068031873748869653e+00
-1.212689458675062726e+00
-9.745060917968676462e-01
-1.158711198355736993e+00
-1.002814236804467685e+00
-1.119254907921177988e+00
-1.275359061252553161e+00
-9.948512973993999253e-01
-1.274742954403928596e+00
-1.028212543906733556e+00
-1.059460755995503156e+00
-1.137531940762588345e+00
-1.257384643930053780e+00
-1.217383781480303462e-01
-1.041372975759900177e+00
-9.775232007402459011e-01
-4.456195703956913889e-01
-9.362777207854173778e-01
-1.196691706368955277e+00
-1.199359507091846577e+00
-1.092298079463080329e+00
-1.207906158461186985e+00
-9.940292174755239740e-01
-1.006373102976112266e+00
-1.036180545249857587e+00
-1.098900444094504714e+00
-1.233591838145487785e+00
-9.810408234442634656e-01
-1.185719391432509262e+00
-1.000614532413212521e+00
-1.124884966579024592e+00
-1.060466708540996894e+00
-1.113423933601455307e+00
-9.966638845399843349e-01
-9.573954626094175469e-01
-1.273801870708900719e+00
-1.111755433483401889e+00
-1.076667600056694374e+00
-1.198507079163285027e+00
-1.261718914753661380e+00
-1.099098883469426635e+00
-5.946931116005926832e-01
-1.200050130132536141e+00
-1.180587238139781281e+00
-1.003610927105719863e+00
-1.132768779334287768e+00
-1.232624836800036316e+00
-1.005880869364474073e+00
-9.569138168362887331e-01
-1.068406822416080093e+00
-1.096454329278174988e+00
-1.178649372086566061e+00
-5.393854737543797295e-01
-1.106993894669372702e+00
-1.185513821787739452e+00
-1.044054343021632469e+00
-1.051172380925442518e+00
-1.077618465339169385e+00
-6.998038482548500916e-01
-1.192706011806433430e+00
-9.998708462780271367e-01
-9.815630258386208729e-01
3.222672703782958337e-01
-9.415052213009019733e-01
-9.231097213458893114e-01
-1.006934654691469921e+00
-1.062148883100385133e+00
-1.150923514997559627e+00
-9.281835200037382716e-01
-1.258058778209096173e+00
-1.135807377008746011e+00
-1.161204687742419361e+00
-7.446115746911308175e-01
-1.160779289283038862e+00
-9.882132875181878218e-01
-1.205075671665802872e+00
-9.242778813387695358e-01
-1.004562447173765083e+00
-9.510297126348599139e-01
-9.972136554363183469e-01
-1.273595965123269780e+00
-9.998373205657865581e-01
-1.003966961215159159e+00
-3.514265264914092635e-01
-1.176589689900833902e+00
-1.051184007826490907e+00
-1.001763733948687118e+00
-1.001420285384099440e+00
-1.187008827506255582e+00
-9.614515046122523723e-01
-1.018896452874310077e+00
-9.877431119811667104e-01
-1.000627654441045733e+00
-1.138553078364805016e+00
-9.836780614885713980e-01
-1.040977790584969087e+00
-1.043505449024897391e+00
-1.175160886984107922e+00
-9.977978300900660624e-01
-1.000212963977561653e+00
-1.000902128399480118e+00
-9.993152205890273310e-01
-4.930762004208111282e-02
-7.878248556578624218e-01
-1.152886215632438205e+00
-1.153971039967889078e+00
-1.146308086874707088e+00
-9.797917665837868606e-01
-1.021470770869938871e+00
-1.152580119986047480e+00
-1.007909332735118513e+00
-1.069458032498878719e+00
-8.044048028966657160e-01
-1.158980996238683003e+00
-1.207161709078108158e+00
6.250248348315778912e-02
-8.823714118865481071e-01
-9.882497087412310810e-01
-3.109905869342348694e-01
-1.210626110042251069e+00
-8.590869432993784027e-01
-1.165247313541516228e+00
-1.167190994715886720e+00
-9.944876840378327199e-01
-9.757850563914045594e-01
-1.004406757112870974e+00
-1.184404401869042500e+00
-1.119872810307636524e+00
-1.208174159778599543e+00
-1.006732870010861758e+00
-1.178066911374174630e+00
-1.007419518323778185e+00
-1.083028105230221971e+00
-1.001787551307004254e+00
-1.002077431995372470e+00
-1.220366669666443249e+00
-9.274831427482980173e-01
-8.427558304316653537e-01
-9.043554962801934050e-01
-9.081184692593646801e-01
-9.972327502676282540e-01
-1.244935128702212346e+00
-1.067700125157776236e+00
-1.130939259324484691e+00
-1.102093254055008131e+00
-9.930191510420897094e-01
-6.637893475204479365e-01
-9.946072225098377961e-01
-1.111472601750085554e+00
-1.205836552649246274e+00
-1.199645089844326051e+00
-1.042080492548981052e+00
-1.022484268772594129e+00
-1.177818845523027180e+00
-1.004946167483133479e+00
-1.145789471186451802e+00
-1.152860881986985664e+00
-1.141409036965339574e+00
-9.558930061059517369e-01
-9.998382652540506177e-01
-1.020572976011000721e+00
-1.175428543458012065e+00
-1.255064500920995973e+00
-1.169222889640400220e+00
-1.131805571251933484e+00
-1.200260432487197271e+00
-1.275573197515661672e+00
-1.005888053375164848e+00
-1.282199617322427043e+00
-1.203573377859053384e+00
-9.760729943273818154e-01
-1.289772678101464676e+00
-1.292163062557003972e+00
-1.272439860519920973e+00
-1.168364535327818032e+00
-1.195441053176325763e+00
-1.291815135170938156e+00
-1.084309082811588887e+00
-9.690393928526550571e-01
-1.010412852095879943e+00
-6.496554647927044179e-01
-1.126317452500424920e+00
-8.801281298042443746e-01
-1.130791408578568635e+00
-9.312184761482701356e-01
-1.189624183134510016e+00
-8.418690029145186049e-01
-1.137235718063748013e+00
-1.166351233233115847e+00
-1.098510463457458286e+00
-1.128364337098755277e+00
-1.130350293346060075e+00
-8.993374894534515995e-01
-1.128274883654280636e+00
-7.120732069048990587e-01
-5.152774840765681486e-01
-9.602139548550036041e-01
-1.139870121579701800e+00
-9.627481462537014201e-01
-1.142136708185565785e+00
-1.129236619914781414e+00
-1.181979111070641908e+00
-9.855514764157946583e-01
-1.026399744355001253e+00
-1.119897669866714685e+00
-8.343390293410619662e-01
-5.921714845049037557e-01
-1.313276950274471666e+00
-8.623717510422118648e-01
-1.175803340886520276e+00
-1.020939535202785020e+00
-1.172453354825698124e+00
-1.032423875581104378e+00
-1.157280933498662012e+00
-1.003985649688755810e+00
-9.586214614047612326e-01
-1.336221520247087069e+00
-1.103691579915515586e+00
-1.334620320712534003e+00
-1.170163397647261405e+00
-1.139456160928202122e+00
-1.062030003189380123e+00
-1.180143007790896981e+00
-1.270496779363273099e+00
-1.196419134188434708e+00
-1.204020038348103672e+00
-1.139299245764907820e+00
-1.105142885157733623e+00
-9.804896060832631877e-01
-1.190540958751258094e+00
-1.007924799254254378e+00
-1.011192655889702197e+00
-1.092515139001598579e+00
-9.991930193333065091e-01
-1.118146223166567976e+00
-1.018896452874310077e+00
-9.858295583219219838e-01
-9.771528278137365797e-01
-1.144511187921240403e+00
-1.014483723396430115e+00
-9.773142692301722834e-01
-1.014125647821931819e+00
-1.227541701393612517e+00
-1.007879599243967528e+00
-6.836477008817312129e-01
-1.170098729973330531e+00
-9.281407538944753677e-01
-1.218317543835342409e+00
-1.214366106148431212e+00
-1.167620672279537253e+00
-1.308660437866983717e+00
-1.018896452874310077e+00
-1.018896452874310077e+00
-1.222598186539998633e+00
-9.929968382572986751e-01
-6.766858339901546948e-01
-9.202468805488871473e-01
-1.249495748356886482e+00
-1.002235321718512262e+00
-1.086632577734421901e+00
-1.183384082398336368e+00
-7.077884847364972476e-01
-1.118675686577613737e+00
4.077449923639018259e-01
-6.103609285702971121e-01
-1.165453245233110335e+00
-4.413206045173271308e-01
-1.018896452874310077e+00
-2.140691257621036847e-01
-9.977211026408547845e-01
-1.224738689880439324e+00
-1.074375251221639793e+00
-1.108989902924029769e+00
-9.447218233336045490e-01
-1.198745168961841134e+00
-1.069570798784880594e+00
3.360449522197532790e-01
-7.187653477023977500e-01
4.570114184405731361e-01
-1.064021943846247709e+00
-4.644023392630707292e-01
-1.218319746107864532e+00
-4.264291924792606991e-04
-1.192748273673931880e+00
-1.128696605979553347e+00
-1.015161469107140668e+00
-1.003640651264390504e+00
-1.213852900061886730e+00
-8.906823949778874816e-01
-1.210469948669732121e+00
-1.288333084955217256e+00
-1.194936454590575403e+00
-8.705077110009162844e-01
-1.000054948593947834e+00
-1.085367371327371488e+00
-1.018896452874310077e+00
-1.150493097144904553e+00
-1.131013767354370092e+00
-1.185901644586163428e+00
-1.124711703439769561e+00
-1.251576428181263578e+00
-9.627740244898631561e-01
-1.096004114217058678e+00
-9.980889125936550643e-01
-1.002775167714700766e+00
-1.276606036433158398e+00
-1.039757426341519242e+00
-1.167690708208721562e+00
-9.853885929824837131e-01
-1.024251192857811077e+00
-9.964667034272091106e-01
5.631930361049108935e-01
-1.018768330849695980e+00
-9.930269795522305154e-01
-1.118483152582425921e+00
-1.162287454388585495e+00
-1.013669956332709399e+00
-1.028206683117305564e+00
-9.081947182318924616e-01
2.623581352813890710e-01
-1.648882783602229063e-01
-9.101422459003881693e-01
-9.647957290363361471e-01
-1.131753181311128120e+00
-1.296290089660255385e+00
-1.255466281897427816e+00
5.031193480161191278e-01
-1.093471793994156727e+00
-1.002752028471179280e+00
-1.199156000273149170e+00
-9.809445237005959273e-01
-9.855674103092454397e-01
-7.754659616554213653e-01
-9.189519513371160464e-01
-1.085598825964021019e+00
-9.578341279198117064e-01
-1.280764083898379591e+00
-1.318486720220980235e+00
-1.327219561541099990e+00
-9.812398383136797797e-01
-1.014077213179221726e+00
-1.082164438324845435e+00
-1.311480287955273161e+00
-1.072606512660613687e+00
-1.179593204193980505e+00
-1.110190356470682760e+00
-1.181421870162909116e+00
-1.158627594770173630e+00
-1.245155273047275246e+00
-1.045797840372078458e+00
-9.930018891557548244e-01
3.103784181261097785e-01
-8.320810978535264635e-01
-1.104417431845899022e+00
-1.142725095244301325e+00
-1.206224904831795008e+00
-6.778780500818852861e-01
-1.059540171236471151e+00
-1.215289696425092103e+00
-1.080755216243853178e+00
-1.222857682091052833e+00
-1.224823327355850644e+00
-9.074293716248318376e-01
-1.231165464655431752e+00
-1.153436548400961659e+00
-1.008288472649816914e+00
-1.289783739071790336e+00
-1.028754680101427565e+00
-9.835116615054730893e-01
-1.281645824420247326e+00
-1.054001827304901884e+00
-9.987452776947161048e-01
-8.176100836273487715e-01
-1.082863333865311084e+00
-1.119476056803238473e+00
-3.248174849403840936e-01
-1.135664298607235168e+00
-1.107426661819298719e+00
-1.013846496556505050e+00
4.076111699437747760e-01
-4.266911291299286813e-01
-8.143856950703876052e-02
-1.095030130917298727e+00
-1.003749939185909712e+00
-1.141531515828092758e+00
-1.131814163686157837e+00
-9.915113901576957378e-01
-1.145102159886405735e+00
-1.144131152585048605e+00
-1.017685187313869255e+00
-2.895827056093125407e-01
-1.046254013608026945e+00
-1.111564111020391321e+00
-1.247467469111705363e+00
-9.499784317813939616e-01
-9.672635641825794162e-01
-5.220617486038028332e-01
-1.317986299667542216e+00
-5.807684488889998109e-01
-1.325846191859667345e+00
-9.683912769127385189e-01
-1.263906129663625588e+00
-1.159036179929119337e+00
-1.130065229911362712e+00
-1.127252726116650283e+00
-1.138771680689529164e+00
-1.300587060758877866e+00
-1.309065575202235543e+00
-1.018896452874310077e+00
-8.094582099771967520e-01
-1.084550406997172756e+00
-1.176095432121048390e+00
-1.067851937371818272e+00
-9.907183884964596565e-01
-1.225822982652423843e+00
-8.872211483866677684e-01
-1.054390763341471304e+00
-1.107521655135963456e+00
-1.018896452874310077e+00
-1.058332088290360851e+00
-1.136632910267870500e+00
-1.152688674050543760e+00
-1.200522313320806722e+00
-9.741309807389555431e-01
-1.098214752403801731e+00
-1.175828842651546857e+00
-1.234460269616615813e+00
-1.187753188444461649e+00
-1.130334396413160913e+00
-2.467168436883877547e-01
-1.246672327523790758e+00
-1.060096586295318222e+00
-1.203944740180593165e+00
-1.269689169699615539e+00
-1.209101230928632642e+00
-1.208858166772859732e+00
-1.024112169755877932e+00
-1.209995631467219779e+00
-9.106845106293246506e-01
-1.196501105819046007e+00
-1.185238833291477611e+00
-1.214376175059222351e+00
-9.356842259276714202e-01
-1.216747473267090429e+00
-7.606020769264720816e-01
-9.754873193029711675e-01
-1.230488620803457778e+00
-1.219830880859488653e+00
-9.101839237905100521e-01
-1.284384423313299273e+00
-1.045375358007827105e+00
-9.374262617796401686e-01
-1.236433799399840883e+00
-1.185283445306076322e+00
-9.622206991368755791e-01
-1.261483821461759414e+00
-1.055707163554486350e+00
-8.173359395072619105e-01
-5.274527936845999632e-01
-1.106080942898855612e+00
-1.013478527056472789e+00
-1.316916610681640343e+00
-1.048361989109845682e+00
-1.046623444375883061e+00
-1.021111934566680368e+00
-1.298918371224772272e+00
-9.278838507096771604e-01
-9.664827249589286184e-01
-1.095473714490148964e+00
-1.237412192094851981e+00
-1.235139651053096088e+00
-1.007659069235978144e+00
-1.014634234008627622e+00
-1.168273961931437732e+00
-1.342302741643837116e+00
-1.183155177217110943e+00
-1.174351378863575990e+00
-9.803436381580640235e-01
-1.253313821055149990e+00
-1.002047186064061624e+00
-1.060241175952099324e+00
-1.029595374553696097e+00
-1.170830788818256085e+00
-1.258019353276453423e+00
-9.149565529926719787e-01
-1.020786902840715271e+00
-4.203536785161241518e-01
-1.086588988828489644e+00
-9.939501869913334176e-01
-1.001188344844711420e+00
-1.141004354848406788e+00
-1.014037936427395259e+00
-1.087208770806214364e+00
-1.125956430650217888e+00
-9.423803056660871036e-01
-1.254675146067705249e+00
-1.144418954245357334e+00
-1.136875203081354924e+00
-1.365392750457218973e+00
-1.323462613477391248e+00
-1.156402474037553807e+00
-1.206721289043171996e+00
-1.245396466790275936e+00
-1.268365895521372133e+00
-1.194696115385501578e+00
-1.007029500120947718e+00
-6.411799248983494071e-01
-1.268422295966828317e+00
-1.137670495673555937e+00
-1.292738311455863709e+00
-1.074234820836395432e+00
-9.923186815029925167e-01
-1.156552880712317322e+00
-1.210820995322391846e+00
-1.148724830468275337e+00
-1.241809668017357593e+00
-1.142341183500402035e+00
-9.303696597131684287e-01
-1.134260915010478765e+00
-1.163373703599039466e+00
-1.072548555180892649e+00
-1.013721596288446047e+00
-9.739609111323960233e-01
-1.069596439079302019e+00
-1.018896452874310077e+00
-1.018896452874310077e+00
-1.069163376079310446e+00
-1.307077020850722526e+00
-1.220463959475741156e+00
-9.892445506399698552e-01
-1.003715407606339483e+00
-1.268840078203320676e+00
-1.148552926778419803e+00
-9.904432981708153338e-01
-1.010700854047021924e+00
-1.030043905946843363e+00
-1.074738602663965370e+00
-1.069736328584424800e+00
-1.043590367839793531e+00
-9.845639934375278735e-01
-9.997748783524488259e-01
-1.284436178742328405e+00
-1.148217536133475658e+00
-9.718162308570124086e-01
-1.131490697994921968e+00
-1.090523264365422351e+00
-1.018896452874310077e+00
-1.318214636319783306e+00
-1.046214135115193899e+00
-1.018896452874310077e+00
-1.177135658662486151e+00
-8.908250249599496406e-01
-1.068232547186166226e+00
-1.315277823862675888e+00
-1.284160005449555442e+00
-1.015089707531082963e+00
-9.916434044649755641e-01
-1.291280479194518493e+00
-1.239707275542611953e+00
-9.840269856882926103e-01
-1.106953307011423693e+00
-9.286357151511211994e-01
-9.898868279893096034e-01
-1.117369713148452348e+00
-1.192675539665936535e+00
-1.073353746809655229e+00
-1.128313438598647078e+00
-1.113575045989180223e+00
-1.009867310945609553e+00
-1.340982336164659339e+00
-1.175631778535652261e+00
-1.187229883896406823e+00
-1.222714882964352823e+00
-1.028207561442806783e+00
5.379534643923689075e-02
-1.089026358230333891e+00
-1.038587101010145508e+00
-7.924024771102204934e-01
-1.023712762200320370e+00
-8.301425763371654831e-01
-8.565221788221484278e-01
-9.372809943160489432e-01
-1.199045384962205363e+00
-1.029350716182172443e+00
-1.205488916312582592e+00
-9.294589146931988566e-01
-1.175147676726485235e+00
-1.203094622869499419e+00
-1.246162875051069152e+00
-1.162446169636806026e+00
-1.269003775011937618e+00
-1.157393284226502006e+00
-9.804522926821191975e-01
-1.311488066208352343e+00
-1.226779896905198619e+00
-1.207316960163464570e+00
-1.214493831058900852e+00
-1.018896452874310077e+00
-1.022440253344386152e+00
-1.218132529460913105e+00
-4.370874280882875995e-01
-1.068653301463208249e+00
-7.914977843618624664e-01
-1.214704632414011165e+00
-1.034963896706000197e+00
-1.249819951230347392e+00
-9.887793747816634449e-01
-1.060422088701755694e+00
-9.595936143746219837e-01
-2.424355947642563569e-01
-1.087710237622308673e+00
-9.799234615621741362e-01
-1.002812358796065118e+00
-1.308465609197310142e+00
-1.094544211131667444e+00
-1.282112052984248907e+00
-7.068863598226580169e-01
-1.311440447714191437e+00
-1.117017380742422183e+00
-1.092255193424809701e+00
-1.162894053696221786e+00
-1.173429127745206468e+00
-1.105264988848665864e+00
-1.126592189896271412e+00
-1.148626411688005389e+00
-1.061457394580204383e+00
-1.042191739612869039e+00
-1.107262437013046164e+00
-1.174587404657724043e+00
-1.148498844105618533e+00
-1.074782861822172197e+00
-1.147077265814008484e+00
-1.070629953024966552e+00
-1.080122720085034960e+00
-1.011715586813560330e+00
-1.080054238395593336e+00
-9.779612952755255550e-01
2.329379378477798301e-01
-1.008387962795085357e+00
-1.283754674050044065e+00
1.942908693227327621e-01
-1.018896452874310077e+00
-1.174924877389380118e+00
-1.213799374374230355e+00
-8.602278820847336638e-01
-9.490487257568016588e-01
-9.729157329535061960e-01
-1.037374557240648532e+00
-1.243622998705726346e+00
-1.031939202811228862e+00
-1.228142448120403074e+00
-1.022391507047261117e+00
-1.106925325993721954e+00
-1.223099101184855542e+00
-1.209983278642352333e+00
-1.009206560744251302e+00
-9.897737937589983215e-01
4.896403269672586767e-01
-1.119824252655642116e+00
-3.769592340794055696e-01
-1.191548124640700257e+00
-1.368753565893975122e+00
-9.780962985282507516e-01
-1.073603947771476053e+00
-1.057400408731613561e+00
-1.010511251625758167e+00
-7.139894921483534995e-01
-9.071322230052553115e-01
-1.033225736865844624e+00
-1.110030381028814572e+00
-1.237946420465556585e+00
-1.089175364256569800e+00
-1.205575771141418562e+00
-1.216882099853712207e+00
-1.139826935252589823e+00
-1.175977775063093755e+00
-1.183900376668235443e+00
-9.921250711505358311e-01
-1.051099630247803063e+00
-1.176674844443639012e+00
-1.180632022605642151e+00
-1.185504143768848495e+00
-1.215868601345977851e+00
-9.573806252518798354e-01
-1.112102855333369833e+00
-1.240256228669541327e+00
3.521540276005132863e-01
-1.126803303719482452e+00
-1.126882830833167759e+00
-1.121282143547982724e+00
-1.009191723717650424e+00
-1.225656947342119718e+00
-8.688745589707598249e-01
-1.274918327346673097e+00
-1.096502951942639692e+00
-1.031445257552288330e+00
-1.109569595131864483e+00
-1.213863247545983626e+00
-7.396092095954094336e-01
-1.002479957470586491e+00
-1.001988281823955385e+00
-1.006090641426066856e+00
-1.002261214465588246e+00
-1.001965775532691616e+00
-5.358408365319122790e-01
-1.082456884976538358e+00
-1.021151786234638870e+00
-1.108214720478550408e+00
-1.148755625243127909e+00
-1.303088030026517519e+00
-1.298788723709789483e+00
-1.006603571365914274e+00
-1.218687168040722080e+00
-1.101755588140481246e+00
-8.093211759279848039e-01
-9.410751327674711231e-01
-9.901553611733412419e-01
-1.239736291779917954e+00
-1.153743793689060881e+00
-1.214547571992274477e+00
-1.301794146783810557e+00
-8.634244178406236259e-01
-1.155456687445249209e+00
-1.069197985007100504e+00
-1.021275958422881658e+00
-1.018896452874310077e+00
-1.305801211574366238e+00
-9.628831116245630817e-01
-1.259296324620701402e+00
-1.036829636088789863e+00
-9.683707076892708043e-01
-1.088662246384260790e+00
1.396775721838627859e-01
-1.071709301678733794e+00
-1.253488460984024666e+00
-1.030015440145606309e+00
-1.214925517966479518e+00
-1.006609965839301957e+00
-1.004914475359337533e+00
-9.629249040599696663e-01
-1.158776029170460298e+00
-4.295354975163570566e-01
-1.233504626858695108e+00
-9.054266304480211858e-01
-9.803404098328230010e-01
-1.013235170388762096e+00
-1.096543975769533219e+00
-9.185951737912643189e-01
-1.186526285317268670e+00
-1.153717427967054787e+00
-1.240944709215432207e+00
-1.166628518179328111e+00
-1.253178016107603598e+00
-9.740124358610897648e-01
-1.177477941876303724e+00
-1.018896452874310077e+00
-1.018896452874310077e+00
-4.569723739159312625e-01
-1.142502354149599997e+00
-1.301504605042550722e+00
-1.107800558117988166e+00
-1.148522730927754587e+00
-1.287807980382093431e+00
-1.003044869062869937e+00
-1.048620755785218517e+00
-1.146358172532770947e+00
-1.018896452874310077e+00
-1.020294767473040487e+00
-8.238742716826403800e-01
-1.215752899702251533e+00
-1.009615774589642134e+00
-1.018896452874310077e+00
-8.998486736738189329e-01
-9.641896035423032085e-01
-9.986666998238095116e-01
-1.172850103035009584e+00
-1.059057085745646054e+00
-5.814530159788211527e-02
-1.143217967522356160e+00
-1.004914768280174453e+00
-1.002593479176534075e+00
-1.000110193405125081e+00
-9.024241705267054270e-01
-8.902726340396283078e-01
3.332324992024040533e-01
-9.641601971288895623e-01
-9.560933276297591821e-01
-1.006667935446581730e+00
-1.208857626951844733e+00
-1.027026714253550077e+00
2.363429390404829800e-01
-1.266104230554843557e+00
-1.242514547484426357e+00
