5.428283049101073621e-01
-1.054530905363673776e+00
-9.148606368652849596e-01
9.662759550600064085e-02
-6.600972150072499378e-01
-1.273127416060767958e+00
-1.263901021244902445e+00
-1.091302192771756552e+00
-1.064608043790472358e+00
-1.136144155165811798e+00
-1.427482092500097721e+00
-1.298189508141257109e+00
-1.114290151059869283e+00
-9.645464217160601983e-01
-1.254737728421235543e+00
-1.094485113491132200e+00
-9.901348235007809695e-01
-1.202033979671722097e+00
2.434954509521066734e-01
3.442599838338081808e-01
-9.998015949744217812e-01
-1.304280255777286346e+00
-1.194594649347731963e+00
-1.027936442584186594e+00
9.087383429952422542e-02
6.168575241334833814e-01
5.470275944673900215e-01
1.035345922204710112e-01
-1.230113680451891067e+00
-1.185384923566207505e+00
-1.121521478718616294e+00
-1.055368121107951529e+00
-1.080485738523852435e+00
-1.135210578929317649e+00
-1.082395627484576073e+00
-1.051419161138555936e+00
-1.128102870028758975e+00
-1.031393239350695712e+00
-1.047927641383133546e+00
-1.070600744475916244e+00
-6.371755259578660846e-01
-1.131509119558918197e+00
-1.149075769826929605e+00
-1.436936234400987500e+00
-1.111707378114117128e+00
-1.576392142033555821e+00
-9.686440963330837928e-01
-1.250643858459696167e+00
-4.367313971048838450e-01
-1.022350608991436705e+00
-1.026357973228116061e+00
-1.045461195859206605e+00
-1.057680370468766728e+00
-9.952949497520194866e-01
-1.083275929086976452e+00
-1.257129238166618368e+00
-1.009870541691310963e+00
-1.043033071281512569e+00
-1.008485887098697242e+00
-1.195688697408172185e+00
-1.088027852354671587e+00
-1.322031212630963015e+00
-1.336137965998103638e+00
-1.396948292560369120e+00
-1.113568216900247210e+00
-1.026691014786343725e+00
-9.142312783514976449e-01
-1.012766625131770182e+00
-6.527788323940937332e-01
-1.300539685475862406e+00
7.484168864009509425e-01
-9.219653275123340652e-01
-1.125862759677996650e+00
-1.142727996596160311e+00
-1.071357715090955898e+00
-1.033991596278084568e+00
-1.224106970707059094e+00
-1.108733967039430723e+00
-1.317433002851811308e+00
-9.952621056402988220e-01
-1.003788967104357166e+00
-9.758276175330242719e-01
-1.362332174090749026e-01
-1.078930672169742033e+00
-1.042987285044715495e+00
-1.128127900621716639e+00
-1.389578530557987079e+00
-8.958388551706408798e-01
-1.058613208000307448e+00
-1.314182679814318577e+00
-1.272958980666134110e+00
-1.330153645656522166e+00
-1.303728741309507111e+00
-1.025348425337499592e+00
-1.265542599198292706e+00
-1.045290077482675883e+00
-1.028395435692111226e+00
-1.030177209423115414e+00
-3.520584687707295490e-01
-1.134053657912629909e+00
-1.344517916131489965e+00
-1.301234001979375776e+00
-1.048399109566707343e+00
-1.047276111754530614e+00
-1.047276111754530614e+00
-1.406811454721364152e+00
-1.047276111754530614e+00
2.943120052393347619e-01
-9.817494275922059588e-01
-1.055503643042468243e+00
-1.033131288138836590e+00
-1.041990927477058015e+00
-3.223061525013684037e-01
-5.883928697650180339e-01
1.876575490089583687e-01
-1.901481185300569754e-01
3.745806303422579697e-01
1.226401398153303957e-01
-1.125724486724804185e+00
-1.006213350151946573e+00
-1.228992064562556052e+00
-1.011234918623488133e+00
-1.009386534649353795e+00
-1.079001327429084389e+00
-1.087080412278926156e+00
-7.848184378154364760e-01
2.014670604546676680e-01
-1.017562517735391081e+00
6.574166379811300365e-01
-6.732181601264776161e-01
5.626128140191773985e-01
4.966362613811293736e-01
-1.041754969158141808e+00
-4.358433509441776987e-01
-1.289937439821381426e+00
-4.845107299024102865e-01
7.389553808380394662e-01
5.135874743338807447e-01
1.415080088155863391e-01
-1.182980966053526206e-02
-1.833471838476198323e-01
6.701947329050180757e-01
-7.390580478083221827e-01
-1.107345568796725965e+00
-7.646250901640350151e-01
-6.291888996949295265e-01
-9.636858092348619120e-01
-9.419941197286576529e-01
2.098104507526643570e-02
-6.011759471675093280e-01
-1.004787667171678223e+00
-1.002539599585854591e+00
-1.096872084394320268e+00
-1.029721417439438014e+00
-1.392394956767354586e+00
-1.097972642461696235e+00
-1.142078503058753025e+00
-8.887333909549484101e-01
-6.919000576942153646e-01
-1.183530551130717479e+00
-1.006513536701012512e+00
-1.066066589100008954e+00
-1.457543917892377694e-01
-1.164682163012460414e+00
-6.524123652904330051e-01
-9.032663999662676746e-01
-1.000173059562330380e+00
-1.038343792390796105e+00
-1.099723167564936599e+00
-8.155960617145412428e-01
-1.133493398060204660e+00
-1.039550220956061199e+00
-1.201825437052317147e+00
-1.022199720710230908e+00
-8.721400803802517032e-01
-1.061142116418325232e+00
-1.264468106953126725e+00
-1.007976588180296673e+00
-1.241249682048343184e+00
-1.278802815550108329e+00
-1.300021481721672867e+00
-1.000176548158493883e+00
-9.561009223172014515e-01
-1.402673206629842184e+00
-1.265649036753136114e+00
-1.184959239628905925e+00
-1.172283857365941095e+00
-1.000734349077293306e+00
-1.152028321411247891e+00
-1.013794934267906678e+00
-1.061920197022428347e+00
-1.094312011618329361e+00
-1.269973294840375466e+00
-1.078215916242695638e+00
-9.829040682152412334e-01
-1.206942608251889482e+00
-1.047149441978619588e+00
-1.000152411491006532e+00
-1.047276111754530614e+00
-1.141400894573548541e+00
-1.237496856963914205e+00
-1.146805800850455359e+00
-1.077006191220287290e+00
-1.255507424175584363e+00
-1.432300889061565830e+00
-1.210530972410521988e+00
-1.058249329316281351e+00
-1.038481334924861610e+00
-1.014081782680414046e+00
-9.993180279797386767e-01
-1.074109453275757797e+00
-1.397842109417300360e+00
-9.966162371358009420e-01
-1.127719512897577658e+00
-1.000500853719983985e+00
-1.180014795970516506e+00
-1.194252155909582891e+00
-1.369760434203535659e+00
-1.300230062680644227e+00
-1.414808223275275445e+00
-1.090900174773103082e+00
-1.137100890619576310e+00
-1.237826475750394506e+00
-1.047276111754530614e+00
-3.794359813860498365e-01
-4.761979147293570191e-01
-8.161820025034574044e-01
-9.815829966811048246e-01
-1.038194219086933989e+00
-1.440399218750282540e+00
-1.038460237635224992e+00
-1.277166171709348985e+00
-1.242522059919845212e+00
-1.284497412861566268e+00
-1.323869431548676312e+00
-1.474366657646136947e+00
2.320845365541527316e-01
-1.003693776835212770e+00
-9.999398098022317383e-01
-1.050800389150304159e+00
-5.727436472575797577e-02
-1.000208957376934160e+00
-6.728770788622389087e-01
-7.533062752399335427e-01
-1.374999820822600194e+00
-1.231512250766509942e+00
-1.023006519837546424e+00
-1.339556277580399746e+00
-1.087786218189122023e+00
-1.047276111754530614e+00
-1.136206078657465257e+00
-1.251380137553331107e+00
-1.266914859751223199e+00
-1.257179554486665074e+00
7.081544468426107519e-01
-1.410795352105447931e+00
-1.043558274151808352e+00
-1.338839390094057169e+00
-1.241101192357685123e+00
-1.103247885700048503e+00
-1.449279443167158066e+00
-1.358937868661777015e-01
-1.048337595699777136e+00
-1.314713772597432495e+00
-9.083169136259122700e-01
-1.470334309164223807e+00
-1.001094121065526421e+00
-1.106091846312164950e+00
-1.204935908820548462e+00
-9.867012389943056183e-01
-1.123484821993214977e+00
-1.259770299074881139e+00
-1.078552651299703458e+00
-1.267634571247784114e+00
-1.407465063663606575e+00
-1.382010150932625248e+00
-1.342634711057290264e+00
-1.047276111754530614e+00
-1.405583627485285980e+00
-1.415180978469267048e+00
-9.868640571953635199e-01
-1.000420664866157550e+00
-1.450968049278810845e+00
-1.310874439996184249e+00
-5.570857507411752785e-01
-9.568973089866834592e-01
-1.041875297822359325e+00
-1.112287432746155602e+00
-1.025281745544016854e+00
-1.143023585577422008e+00
-1.342826612270358488e+00
-1.366766832767468243e+00
-9.885762244303114565e-01
-1.047276111754530614e+00
-1.267798543037534920e+00
-1.112768209006462783e+00
-1.115100488950305113e+00
-1.183828546586271013e+00
-9.396077268537466054e-01
-9.856427175461067725e-01
-1.078829232372368718e+00
-7.849219185564888512e-01
-8.213566642986857014e-01
-1.102304690306458390e+00
-1.023324769692461000e+00
-1.241151929961404665e+00
-2.299872482298666032e-01
-1.001780257021136045e+00
-1.008939422201273750e+00
-1.017011934237692428e+00
-1.000420664866157550e+00
-1.262693890009568776e+00
-1.176564873608159534e+00
-1.109431709029426782e+00
-1.265243368633399257e+00
-1.184187745087552868e+00
-8.737578924717235296e-01
-1.149690588888393039e+00
-1.005873219056580670e+00
-1.349075293019499355e+00
-9.772627673946355786e-01
-1.065840474235241420e+00
-9.619169750027849464e-01
-1.369863125987108132e+00
-5.620632693746723252e-01
-9.717472845991740327e-01
-1.373519942594011223e+00
-1.370555225914422026e+00
-1.236876984293847404e+00
-1.070420196983196570e+00
-1.305141811347958480e+00
-1.131260956471533463e+00
-1.087269559639024274e+00
-1.051445827616401152e+00
-1.229234291353795028e+00
-1.019110152119767632e+00
-1.468975992264849761e+00
-3.274507131715437280e-01
-1.042417628271302465e+00
-1.461982147334288884e+00
-1.439532952391677334e+00
-1.001864283395213162e+00
-1.002241492318564076e+00
-1.425263063592877577e+00
-1.048548007274607841e+00
-1.298031389036875982e+00
-1.261224239239377987e+00
-1.348757215156978440e+00
-1.225515618543489449e+00
-1.306963559409210163e+00
-1.000448565998706574e+00
-1.183915451493821713e+00
-5.152134165254411702e-01
-1.008375119583463375e+00
-1.212435531779524123e+00
-9.812308985674644823e-01
-7.211394307412537508e-01
-9.307482677662020087e-01
-1.206771389443953790e+00
-1.264726415841561202e+00
-1.047276111754530614e+00
-1.334852853355729341e+00
-1.338691323809184652e+00
-1.352643047365394091e+00
6.173160541815342350e-01
-1.010550219109610293e+00
-1.249986239102099272e+00
-1.197688179788939156e+00
-1.273221305154425664e+00
-1.123223496557660184e+00
-1.234869122054914614e+00
-1.349858075262679424e+00
-1.224287136369236695e+00
-1.235243509850590282e+00
-1.352010708989981325e+00
-1.416066240651994157e+00
-1.471271891394522857e+00
-1.047276111754530614e+00
-1.420127178730389517e+00
-1.169740707589425055e+00
-9.955042262268374298e-01
-1.254757368487065206e+00
-1.313092002104530476e+00
-1.047276111754530614e+00
-1.180287087656734180e+00
-1.145028774342181199e+00
-1.339041731302295313e+00
-1.340210924330719644e+00
2.172987463598718971e-02
-1.305100061518864596e+00
-1.161328135827103258e+00
-1.138942140457151808e+00
-1.257681736186628818e+00
-1.250073631557707898e+00
-1.392832821819717681e+00
-9.250925909260669933e-01
-1.311020194738223843e+00
-1.349436959649137346e+00
-1.142560475262838438e+00
-1.187019680599722182e+00
-1.283725567090552522e+00
-1.333658204683574988e+00
-1.165590996321471451e+00
-1.199615458283465941e+00
-1.088132496161682727e+00
-6.571688871254222075e-01
-8.677634559794262792e-01
-1.507305360117180415e+00
-1.291624609640388055e+00
-1.012669263760949345e+00
-1.232890814468200258e+00
-1.139871448436833967e+00
-1.417149796148754692e+00
-1.077756727114577373e+00
-1.234275797290255383e+00
-1.393542383159176445e+00
-1.064599511707461366e+00
-1.365302647997725938e+00
-1.015043188994139589e+00
-1.324778554947128484e+00
-9.543934830638693967e-01
-1.285756585056190504e+00
-1.054488676288408033e+00
-1.113568216900247210e+00
-1.043589033012697342e+00
-1.227900333379214670e+00
-1.327900256665057732e+00
-1.240663105613891704e+00
-1.333717504958568334e+00
-1.399165331167287585e+00
-9.048023180219555428e-01
-1.398903735880052235e+00
-1.410540393852516727e+00
-8.995711176959391153e-01
-9.997780508234452856e-01
-1.213837877141737742e+00
-6.694603706674987498e-01
1.588420216725244805e-01
-1.037266124126182243e+00
-1.177500553874453626e+00
-1.360471805646522814e+00
-1.159003791852320608e+00
-4.408154032705008385e-01
-1.064661117126775025e+00
-9.582408805002415875e-01
-9.624427665358041839e-01
-1.535268523201135604e+00
-1.002258587435608028e+00
-1.091389234928166641e+00
-1.358330386756640973e+00
-6.485066890373497595e-01
-1.234153127486716794e+00
-1.212113650441177803e+00
-5.322554714633482842e-01
-1.047276111754530614e+00
-1.472082644242431293e+00
-1.308423805976318910e+00
-1.071032301725879377e+00
-1.010922608401744194e+00
-1.064000368993238466e+00
-1.033767186729786403e+00
-9.044742549522750696e-01
-1.039303832351390566e+00
-1.070373977272403243e+00
-1.176020827973159211e+00
-1.048262217582993205e+00
-9.841154219555094951e-01
-7.479814164665169463e-01
-1.284437836749979578e+00
2.500084731254015313e-02
-1.027206747283332389e+00
-1.206610003982748314e+00
-1.011631368987211621e+00
-1.058810464756222647e+00
-1.290796972128176900e+00
-8.503760073523510821e-01
-1.236570116146895604e+00
-1.058661053552260700e+00
-1.253869549376416703e+00
-7.987250299618201543e-01
-1.238226114169527214e+00
-1.037688134874885426e+00
-1.000420664866157550e+00
-9.845400802006347707e-01
-9.667128061039104159e-01
3.213142931288862636e-01
-1.293202658209129385e+00
-1.434399811264908120e+00
-1.229669298397812138e+00
-3.927565473156141573e-01
-1.247106321628772108e+00
-4.248720342694815022e-01
-1.226177324110092615e+00
-1.336814163458489579e+00
-1.032171687596339815e+00
-1.174945766180948370e+00
-9.665431118606895300e-01
-1.060936973817325102e+00
-9.009222205898896885e-01
-9.923494223335047604e-01
-1.328575103306028460e+00
-1.076826721638232343e+00
-9.893614890928323913e-01
-1.497751926394903954e+00
-1.094866566551702558e+00
-5.041952543351776450e-01
-1.024751059967108802e+00
-9.936351265677304534e-01
-1.437348147330825165e+00
-7.245160008057978107e-01
-1.166857196963252630e+00
-1.162986056483342967e+00
-1.076972380046858468e+00
-1.431226537879956462e+00
-1.089619447792206763e+00
-9.953765901969089391e-01
-1.095306998193673165e+00
-1.230627957904300018e+00
-1.037432517115511210e+00
-1.390240408957390317e+00
-1.339871774658596415e+00
-1.268866385163222255e+00
-1.039091012694140170e+00
-1.182391976374213893e+00
-1.047276111754530614e+00
-1.195887341658501191e+00
-1.047276111754530614e+00
-1.047276111754530614e+00
-1.247525239691233079e+00
-1.178209168453308919e+00
-9.908863999354819985e-01
-1.385976473072136450e+00
-1.149793380009053401e+00
-9.510455545187082027e-01
-1.224516344438289606e+00
-1.248639300416939379e+00
-1.272731211350972780e+00
-1.047276111754530614e+00
-1.155959332554548524e+00
-5.202111905312207796e-01
-1.332261647113402336e+00
-1.035225443680242607e+00
-1.175738936704228577e+00
-1.000420664866157550e+00
-1.065034209173980839e+00
-1.405446230173941879e+00
-1.047276111754530614e+00
-1.189864530357368277e+00
-1.262737704686716089e+00
-1.245456498725197481e+00
-8.152819828647044353e-01
-1.303613085454272458e+00
-1.047276111754530614e+00
-1.219393894936782408e+00
-1.005024754752946281e+00
-2.706042670031362229e-01
-1.152958670255280982e+00
-1.010582517210760534e+00
-1.155138253117116598e+00
-7.356410619588031885e-01
-1.105012151168339063e+00
-1.137319989182465019e+00
-1.230244745534939010e+00
-1.090902716691353636e+00
-1.114824262286386203e+00
-9.901179552663359473e-01
-1.074777065599396231e+00
-1.206856453616693470e+00
-1.253724834853430448e+00
-1.066677541703732857e+00
-1.398136871679702242e+00
-1.320164886369093793e+00
-1.012574655837488846e+00
-1.242719280409111615e+00
-8.467805488985973295e-01
-1.080547879553408697e+00
-1.247897859945924726e+00
-1.047276111754530614e+00
-1.294807007756499928e+00
-1.317692281666588139e+00
-9.936234517329309845e-01
-9.989758707497201629e-01
-1.047276111754530614e+00
-1.942993073713473740e-01
-8.801790619307829910e-01
-1.047276111754530614e+00
-1.041739166621441282e+00
-1.061271271139778705e+00
-1.198373038111130384e+00
-1.488156686037683585e+00
-1.138831119742631737e+00
-9.081993804033060558e-01
-1.419719595122642453e+00
-1.010645563020540205e+00
-1.117014391096395887e+00
-1.088572297067446071e+00
-1.313434831309106654e+00
-1.082193583837298245e+00
-1.019940024846705207e+00
-1.031330360422263004e+00
-1.060942365932534326e+00
-1.195271885663000910e+00
-1.191799014652862754e+00
-1.121436428111326489e+00
-9.485693280947107286e-01
-1.229278213281020271e+00
-1.276935987826249175e+00
-1.374744563405944753e+00
-1.387308749500621108e+00
-1.173508672529215646e+00
-1.071802879586059687e+00
-1.206611577968583759e+00
-6.782021668069964093e-01
-1.430693845330544445e+00
-1.045183519692253427e+00
-1.342325280587358005e+00
-1.170880821941278072e+00
-1.379444066250076428e+00
-1.288979009633954842e+00
-1.053883527976960721e+00
-1.220472189818726516e+00
-1.218610227436006443e+00
-1.359609397642395745e+00
-9.921878193944581037e-01
-1.005257025312176200e+00
-1.228357357128408989e+00
-1.435438257906741288e+00
-1.019059165642042020e+00
-1.176793017842748368e+00
-8.004854020140957926e-01
-1.031283897781396286e+00
-1.267282306258637359e+00
-1.166265779680393022e+00
-9.695144061900971000e-01
-1.081730651504570817e+00
-8.260706125708455749e-01
-1.345910956058718799e+00
-1.191227847954831276e+00
-1.016304095378484540e+00
-1.156060402001230170e+00
-1.295376485799772714e+00
-9.990193613599975819e-01
-1.156765709065660452e+00
-1.259161433460604940e+00
-1.060878885745803579e+00
-1.104611418027305003e+00
-1.064723867966904880e+00
-1.064939926511027091e+00
-1.283326377367437487e+00
-1.326946035973800786e+00
-6.856940399456832314e-01
-1.199347098738912321e+00
-1.135219046560026479e+00
-1.067032666111726202e+00
-1.220324671510034431e+00
-1.157830058692008723e+00
-1.127729267072032915e+00
-1.157670163056180090e+00
-1.274991750443358107e+00
-1.304909036936788613e+00
-1.198433871900956182e+00
-1.183898910565276852e+00
-1.332441995351508979e+00
-1.482943989889437653e+00
-1.302070681530248741e+00
-4.344421953615847931e-01
-4.102705882295113460e-01
-1.126270537161736751e+00
-1.130523275609726985e+00
-9.835606123016321645e-01
-1.086831687362947996e-01
-1.232653519365938477e+00
-9.833975576667958185e-01
-9.966477761265282176e-01
-1.127004974464140830e+00
-1.438142240429095109e+00
-1.415271210522019540e+00
-1.021494374824343243e+00
-7.349529948397950374e-01
-9.898687685637419520e-01
-1.372222454921858681e+00
-9.269396569960424159e-01
-6.641263534712775751e-01
-1.008552087300318201e+00
-9.833308722296631998e-01
-9.168193859666542433e-01
-1.006223485033536535e+00
-1.000004778298671626e+00
-5.903948815373508685e-01
-1.047276111754530614e+00
-7.866401333427288645e-01
-1.222797402684093981e+00
-1.028149221971801808e+00
-7.702971863394060259e-01
-9.172568848362920857e-01
-1.332833835982936588e+00
-1.409460230382293844e+00
-1.517221840788351539e+00
-1.351915912502749340e+00
-1.059439923563662678e+00
-1.131945049359513344e+00
-1.512177531995322788e+00
-1.224473448572020118e+00
-9.025527834340587585e-01
-2.903035724648354021e-01
-1.163144277632254697e+00
-5.908484090112378073e-01
-1.208545166285831973e+00
-1.471779638136692991e+00
-1.253792723654816754e+00
-1.353666116422305832e+00
-4.159255635433627418e-01
-2.832207648907945075e-01
-1.389273517965824656e+00
-4.768377254444322588e-01
-1.336841697867129142e+00
-1.186367448012799031e+00
-1.000420664866157550e+00
-1.054946974167528584e+00
-1.260869796766250328e+00
-7.027100691077863281e-01
-1.137216014989962165e+00
-1.008995329889029291e+00
-1.068819135817036248e+00
-1.053748013616416568e+00
-1.051630538650431879e+00
-6.452291814728434716e-01
-1.484621771602019136e+00
-1.284729863494917579e+00
-8.383110259699223521e-01
-8.984587690214276279e-01
-1.029516753248913785e+00
-1.224828565839634287e+00
-1.109646267596619662e+00
-1.051789558619827147e+00
-1.116324830967311277e+00
-1.012954371622076799e+00
-1.004017212913828727e+00
-1.000420664866157550e+00
-1.147910898684557424e+00
-1.227920868906203555e+00
-1.071083221675142694e+00
-1.064369078870947449e+00
-1.277283555403472048e+00
-8.360764317513109667e-01
-1.000756833705718885e+00
-9.980428406559223031e-01
-7.202202347769818269e-01
-1.433150835231139508e-01
-2.605699032652731839e-01
-1.022040734331226997e+00
-1.061889100118536211e+00
-3.341019734555790155e-01
-1.060454395238821901e+00
-1.052177653601152008e+00
-1.119202037975740360e+00
-1.260479568743077206e+00
-1.374869744307368302e+00
-1.220709565179514122e+00
-1.123056423430470074e+00
-1.177888344878209370e+00
-3.644849168361820047e-01
-7.950117627864811132e-01
-1.047276111754530614e+00
-1.047276111754530614e+00
-1.000420664866157550e+00
-1.414032117459001370e+00
-1.000276523868084633e+00
-1.145501855854460516e+00
-1.216284967678744833e+00
-8.775325394268447265e-01
-1.341271757850180713e+00
-1.430873080949075948e+00
-8.617459846624806463e-01
-1.205284601678499046e+00
-1.058931194322147107e+00
-1.139655941486767965e+00
-1.188509912560964388e+00
-1.014284563481268497e+00
-9.999521232735963938e-01
-1.047276111754530614e+00
-1.061425442896831939e+00
-1.023551014221418587e+00
-1.182450127323000810e+00
-1.238602955014506790e+00
-1.310095151231411181e+00
-1.291540085452338449e+00
-1.326970866715711406e+00
-1.305579392037310438e+00
-1.257055833953579782e+00
-1.504293998016740019e+00
-1.018629971111754795e+00
-1.130225245088851027e+00
-1.336714610736260411e+00
-1.277477910340764300e+00
-1.021265849910469425e+00
-1.325201248594152226e+00
-1.188007385050422471e+00
-9.332429336313387003e-01
-5.701804482988876988e-01
-1.135466598552050899e+00
-7.852189294174090062e-01
-1.186511496590624715e+00
-1.126576871807673630e+00
-1.000420664866157550e+00
-1.069293722324532903e+00
-9.982063378770765771e-01
-1.047276111754530614e+00
-1.265466608004313986e+00
-1.475865437237162237e+00
-9.966614030384823852e-01
-9.533138145117443507e-01
-1.390656015474879936e+00
-7.278602618236145183e-01
-5.127610741642980585e-01
-1.298792935179053032e+00
-1.324662634746264001e+00
-1.190511743736941908e+00
-1.518607130682791517e+00
-1.249192049582615205e+00
-1.047276111754530614e+00
1.645834698394016415e-01
-1.347749462772056539e+00
-1.344992488522910090e+00
-1.365970016873424564e+00
-1.201374423072427700e+00
-1.266814161426406571e+00
-1.159130159294837314e+00
-1.242229078941101017e+00
-1.014000859208167737e+00
-1.414762196844722597e+00
-1.327003156556162855e+00
-7.589337263969180292e-01
-6.565149240245883311e-01
-1.047276111754530614e+00
-6.005809309811274144e-01
-1.204445811965940916e+00
-1.226218268727733873e+00
-1.284573717899501144e+00
-1.272972657916230821e+00
-1.100998963598573077e+00
-5.954975170216868507e-01
-1.007000352048261105e+00
-6.543402513988705316e-01
-7.506693900488687898e-01
-1.259678674912879215e+00
-1.240966905030695733e+00
-9.973369622078767094e-01
-1.217536129899029929e+00
-1.150104076574791634e+00
-1.149284696561628127e+00
-1.077780506841486963e+00
-1.429298197303273454e+00
-1.196605566364644435e+00
-1.232065873333280770e+00
-1.210422158619615995e+00
-1.180847475304601879e+00
-1.193415706945963439e+00
-1.075873226142725070e+00
-9.268745737841141974e-01
-1.006941640531135551e+00
-1.256979620572478140e+00
-9.928387717450708472e-01
-1.189747331652021511e+00
-1.109411645222407872e+00
-1.207046111779177977e+00
-1.296122920716384241e+00
-1.149593840627436192e+00
-1.266367495821904221e+00
-1.290467584637710052e+00
-1.460590163788294094e+00
-9.725641656672505686e-01
-9.195974802856817787e-01
-9.168530015731838345e-01
-9.994435717466174651e-01
-1.191963881516699741e+00
-1.181474864352117571e+00
-1.385184710812310982e+00
-1.140626375192768993e+00
-1.007082539846895886e+00
-1.078108355434434840e+00
-1.000104505507291686e+00
-1.006705096215547268e+00
-1.187180052221950444e+00
-9.998061642476852029e-01
-1.183624939133808729e+00
-1.343227517273637872e+00
-9.996821468572505420e-01
-4.890013209617808942e-01
-1.000572883794022871e+00
-1.044133956393913598e+00
-1.182745813760533782e+00
-1.000413546845218438e+00
-1.426022733591745029e+00
-9.930989867784338898e-01
-1.023729695943066842e+00
-1.068917756022687682e+00
-1.141590157885133516e+00
-1.350799860263188545e+00
-1.033483660068871490e+00
-1.074303796408305534e+00
-5.346086907953137013e-01
-1.047276111754530614e+00
-1.450195278472625082e+00
-1.000420664866157550e+00
-1.466733850207698309e+00
-5.795594879189799320e-01
-1.347377479115416943e+00
-9.966278268285836406e-01
-1.234984325438016395e+00
-1.005136397874905940e+00
-1.207275918181946794e+00
-1.410902123813885911e+00
-1.077967517398071395e+00
-5.987681190983775714e-01
-1.115682575158412071e+00
-1.096614456180692088e+00
-1.108961796067583716e+00
-1.361490027470352304e+00
-1.217492206817910150e+00
-1.198470617934623395e+00
-1.294229142844637082e+00
-1.015861962739374569e+00
-1.174637296676683818e+00
-1.035354755666999749e+00
-1.375435627440626973e+00
-2.732949450845727490e-01
-1.149882096442444324e+00
-1.014161331396756571e+00
-8.243797381898068100e-01
-2.048062235738976611e-01
-1.247040114027613278e+00
-1.295285014255662670e+00
-1.189697285460563858e+00
-1.065225454467602084e+00
-1.599565654805497061e-01
-1.054666887101112005e+00
-6.211851631125141493e-01
-1.046934010951917626e+00
-1.031256247002772186e+00
-1.021693798800987540e+00
-1.232349054116924858e+00
-1.039767535727047942e+00
-1.286872333086676701e+00
-1.403095912482051899e+00
-1.321662311624684838e+00
-1.259908978075159558e+00
-1.040529598897413477e+00
-1.022298253498403753e+00
-8.546061292425741751e-01
-1.000451313324469460e+00
-9.729851327000160754e-01
-8.950333940064887361e-01
-1.000368160042460319e+00
-9.921906153146941021e-01
-4.679115067314859600e-01
-8.201083335708633237e-01
-1.351661861514268814e+00
-9.896256833196275249e-01
-9.176268784924649369e-01
3.978220882805988401e-01
-7.174108341474765282e-01
-1.297924939259944788e+00
-1.187569708772316490e+00
-1.067915356282433281e+00
-1.374257253183684302e+00
-1.032604172717041635e+00
-1.047077675618056869e+00
-1.001529997514899462e+00
-9.867510443498035411e-01
-9.828228707630198846e-01
-1.048585275530729000e+00
-1.283965863308230482e+00
-6.943202436347450934e-01
-9.858080415552371578e-01
-1.025548388521884791e+00
-7.841591371706879698e-01
-1.205398612434007699e+00
-1.052387189216553498e+00
-5.087258689955226343e-01
-1.120025807170500709e+00
-1.422518286758023720e+00
-1.050648102520436167e+00
-1.000616860061597890e+00
-1.077008705207931127e+00
-1.062691033300912746e+00
-1.395103789731690025e+00
-9.997384631044847758e-01
-1.004815527689430166e+00
-1.006021410321110254e+00
-1.282661018494952954e+00
-1.013569904717209091e+00
-1.022620223565035458e+00
-9.999949345486883745e-01
-9.508782004075271299e-01
-9.935436919028606262e-01
-1.047276111754530614e+00
-1.037131298162985660e+00
-9.998971196698823727e-01
-1.131515797708960491e+00
-9.976663433893527833e-01
-1.045165606309006900e+00
-1.111263303688255100e+00
-9.682397775539599571e-01
-9.992103701376846558e-01
-9.998133582389732155e-01
-9.999515867002384262e-01
-9.995213597361203295e-01
-1.002090646919084671e+00
-1.174098862604949778e+00
-1.185253281008273429e+00
-1.203452839126369245e+00
-1.257824191123824153e+00
-9.173204264347204484e-01
-1.019163718546346908e+00
-1.218269496795844953e+00
-1.199837626635091858e+00
-1.017643998171300357e+00
-1.065696635179212537e+00
-1.483710213276789869e+00
-1.164527197669099401e+00
-1.006071202346698445e+00
-1.154617628529007511e+00
-1.002936766538956803e+00
-1.125673225286377921e+00
-1.124752513510079766e+00
-1.361516521773547650e+00
-1.162951525215589310e+00
-1.244872418930378144e+00
3.655218777740790737e-01
-1.272023782574547512e+00
-1.015902822128921912e+00
-1.461101221363021452e+00
-7.532402293686484285e-01
-3.012857509780354492e-01
-8.056772247350314498e-01
-1.183394473316000894e+00
-1.084452830323935801e+00
-1.293331699480357422e+00
-1.083746805746313990e+00
5.815713822224392038e-01
-1.101270962764010264e+00
-1.102502685198345933e+00
-1.464962440612536332e+00
-9.835376649425278117e-01
-1.436941949335428959e+00
-9.997521769439876582e-01
-1.210830993668370770e+00
-1.215389211001284941e+00
-1.198434801800502880e+00
-1.157511920743866218e+00
-1.291811986451925964e+00
-1.373835932858767261e+00
-1.345800670373695107e+00
-1.128954665403502311e+00
-3.115755696918250939e-01
-1.257969213938960884e+00
-5.864296363594694306e-01
-1.206053351989783362e+00
-1.049919652749693233e+00
-1.000645981383550431e+00
-6.670259258951314330e-01
-1.207970281596609352e+00
-1.240018616729060108e+00
-1.053315354445940155e+00
-1.050839079760830463e+00
-1.063000700741434601e+00
-1.230465256042320821e+00
-7.593676631418322387e-01
-1.354996204016067463e+00
-9.905098086484168673e-01
-1.216146118740482507e+00
-1.192116707227074190e+00
-6.475986988573785297e-01
-1.312094882093626680e+00
-1.348139745986418614e+00
-1.048410260348365153e+00
-8.871031220038433363e-01
-1.197118168458240373e+00
-1.102879643006280830e+00
-9.037616474243588272e-01
-1.078215916242695638e+00
-1.221855287107248333e+00
-1.125785460026245355e+00
-9.303707181648760427e-01
-1.060875609493506566e+00
-1.197301616929098200e+00
-1.031105920021778477e+00
-1.065215812363111025e+00
3.537384135221596226e-01
-1.317537941419789638e+00
-1.202693538373793336e+00
-1.304572286584139373e+00
-1.165225325730884665e+00
-1.219373495109937089e+00
-1.164243763337814652e+00
-1.150680172957714298e+00
-1.231659591594071568e+00
-1.226661624090503500e+00
-1.032580406396730988e+00
-1.000628174206378063e+00
-1.182414461519351923e+00
-9.915089899531152051e-01
-6.689428677556567004e-01
-9.941980512516498392e-01
-1.289728857786143212e+00
-2.114587240703984516e-01
-1.272261720213881286e+00
-1.146468461671437566e+00
-9.316566785293494135e-01
-1.122508914218221410e+00
-1.313505832794504835e+00
-1.345972884736965192e+00
-1.009336117378619502e+00
-1.059335088824760573e+00
-1.158224033210209836e+00
-1.314855892609938515e+00
-1.314044832773625160e+00
-1.353708802570690262e+00
-1.176703964759506338e+00
-1.021580035364434869e+00
-1.002380472784469179e+00
-1.122114516000757511e+00
-7.344008142931364169e-01
-1.274165764336392614e+00
-1.321811036029087338e+00
-1.920207541735199364e-01
-7.726062743479641393e-01
-1.265217063423120791e+00
-1.192147784539969280e+00
-9.518906929321314658e-01
-1.378916919933017127e+00
-1.164776711777791629e+00
-1.359604760397234546e+00
-1.014579508848207690e+00
-1.303337053279375324e+00
-1.146661262864040243e+00
-9.212602272904717449e-01
-1.089739977005781846e+00
-1.099582085330719661e+00
-1.255880588449588497e+00
-1.047276111754530614e+00
-1.006558703734397486e+00
-1.044515918838648805e+00
2.992628690911768308e-01
-1.202542749361059649e+00
-9.325011579700046571e-01
-1.248245008342545592e+00
-1.384114896352784729e+00
-1.727976013144624234e-01
-1.023416368557350742e+00
-1.255198091021994866e+00
-9.904006617981807592e-01
-1.446955437022754642e+00
-1.286985448360516315e+00
-1.037869074882901366e+00
-1.362880509885747493e+00
-1.047276111754530614e+00
-1.047276111754530614e+00
-1.358603692278440356e+00
-1.287074673589578389e+00
-1.128055418424708245e+00
-1.248239330917545020e+00
-1.522692711092421325e+00
-1.092616322015984132e+00
-1.323738800666074855e+00
-1.383433818577451513e+00
-1.323426579114345358e+00
-1.237842153720368543e+00
-1.000587281516478910e+00
-1.102807720323739193e+00
-1.324199756861585087e+00
-1.046746823827900519e+00
-1.047276111754530614e+00
-1.004454367111249358e+00
-1.300501384912540415e+00
-9.229883948862348531e-01
-1.373102014291186723e+00
-1.051653778708062648e+00
-1.004113352276825744e+00
-1.283191436007222075e+00
-1.287540357597447116e+00
-1.017576715518892172e+00
-1.040453434767153240e+00
-1.040944328661699725e+00
-1.060867298792581792e+00
-1.138548853263389837e+00
-1.050678381492172520e+00
-1.066680324865360241e+00
-1.241991120683961114e+00
-1.012382057351250753e+00
-1.054203896497043269e+00
-1.000365204982855527e+00
-8.563911074779468890e-01
-1.045823879426171832e+00
-8.362413891424537171e-01
-1.186438206419276886e+00
-1.228649098358288949e+00
-1.096860596786466857e+00
-1.067890040432480703e+00
-1.043322424771005119e+00
-1.047276111754530614e+00
-9.140683406096642427e-01
-1.290924052114224452e+00
-1.268457734908780221e+00
-1.082642356109499771e+00
-6.410847933973939927e-01
-9.936473879547678134e-01
-1.093335385186001707e+00
-9.992659590516760337e-01
-1.000295131236903501e+00
-1.216617815146054715e+00
-1.033383648838325453e+00
-6.463744604988747033e-01
-9.955159065857839273e-01
-8.001603511636925514e-01
4.139433956221557631e-01
-1.058636206041183581e+00
-1.215750718214108961e+00
-1.031070866156007737e+00
-1.206553477035746447e+00
-1.181705003854690572e+00
6.049322107343350075e-01
-1.145649027746441062e+00
-1.023757215650001662e+00
-1.038203308822637227e+00
-1.036246077633458551e+00
-1.143930236623521557e+00
-9.825450215520949993e-01
-1.120095618621180567e+00
-1.225320961770593797e+00
-1.126301525332101372e+00
-1.046690404331085622e+00
-1.248464126012337916e+00
-3.310435466819223738e-01
-1.297931373530221588e+00
-1.145468614903061955e+00
-1.073457353907674827e+00
-1.159030524109841309e+00
-1.178437732033180918e+00
-1.317150246469436903e+00
-1.114219272534636263e+00
-1.324201369377590476e+00
-1.307323813749896591e+00
-1.319214181239121153e+00
-1.004730989191068735e+00
-1.008041714788873167e+00
-5.825149952284693899e-01
-1.013966455835602520e+00
-1.212040774696019119e+00
-1.423387686553937215e+00
-9.254272074077779520e-01
-1.160444435789786510e+00
-8.310696202909457764e-01
-5.627602218561484904e-01
-2.953333860278911649e-01
-1.014816757811677794e+00
-1.085592421388418494e+00
-1.360394253027894074e+00
-1.296081359078995909e+00
-1.272011795393373168e+00
-1.269466634268204164e+00
-1.190174663544587119e+00
-1.021338801815179220e+00
-1.259555017065494553e+00
-1.034032026040506480e+00
-1.517687576750224032e+00
-1.106857761869471712e+00
-1.290392035381070279e+00
-8.016224984755830896e-01
-1.176727374365952317e+00
-8.228682401499947119e-01
-1.232499906401851364e+00
-1.026454607127506691e+00
-1.000735522144526657e+00
-5.858094653410825803e-01
-1.152203694240697907e+00
-1.037955154208418662e+00
-1.027915539745494211e+00
-1.283909081135227837e+00
-1.329884143735759805e+00
-1.330160899917679496e+00
-1.001043931213563054e+00
-1.170910782567769814e+00
-1.305932906130015336e+00
-1.075697711922528832e+00
-9.914684312302608493e-01
-1.035572716261384585e+00
-1.095834908361709159e+00
-1.022301673769651975e+00
-1.112064840692108980e+00
-1.246550328971005150e+00
-2.205432433906781009e-01
-8.241930648426101236e-01
-1.259870506723729688e+00
-1.198362408382489752e+00
-1.084264002134619265e+00
-1.107933757881166104e+00
-1.371324202443771956e+00
-9.092739666754487970e-01
-9.900649666644925073e-01
-1.206759949507500318e+00
-1.025209131652984329e+00
-1.430997014327559880e+00
-1.009815754096176743e+00
-1.281669632337022247e+00
-9.939652586165000914e-01
-1.294187594904560701e+00
-7.223222504971401614e-01
-3.717597476941841839e-01
-5.129167597172225035e-01
-8.923514303536360659e-01
-1.634088021800658153e-01
-1.411778427013797632e+00
-1.047276111754530614e+00
-1.250896948903551742e+00
-6.469590077788537341e-01
-1.214660545199555797e+00
-9.031835416392708371e-01
-1.042559975809125961e+00
-7.267431665107508820e-01
-1.129378643014637529e+00
-1.251539157531499358e+00
-1.276098554824479869e+00
-1.047276111754530614e+00
-1.052240444961610510e+00
-1.413740546141192045e+00
-5.985046279749184350e-01
-4.665862363662898193e-02
-1.085272533612238410e+00
-3.352908293166557696e-01
-1.013816596313231511e+00
-1.402553966745887060e+00
-3.835137091598205261e-01
-1.352103021207660571e+00
-1.047287398391715474e+00
-1.221224958509605774e+00
-1.145524630251078424e+00
-1.206338004599298186e+00
-1.420709482571265836e+00
6.632175399529446347e-01
-8.800568138312490074e-01
-6.924484841809381841e-01
-8.780210749386403446e-01
-1.103682885676845471e+00
-1.281882115148005319e+00
-1.259514580662822070e+00
-4.690284158805145820e-01
-1.301064981570594359e+00
-5.220909886020157487e-01
-1.238163470892197138e+00
-1.189258255317187318e+00
-1.190346170389883440e+00
-1.324511528105697167e+00
-1.336982959761096490e+00
-2.763456219137667702e-01
-1.379027793351240483e+00
-1.220516623721386917e+00
-1.263830057490314074e+00
-1.322442910276211636e+00
-9.976351220183109492e-01
-1.398390779053965582e+00
-1.018601430202629166e+00
-1.045234258891818202e+00
-1.145123361874662349e+00
-1.524409330088690506e+00
-4.536261999115890342e-01
-1.118289146670198519e+00
-1.249800053245228693e+00
-4.549759847450928207e-01
-1.007956131591367654e+00
-1.211151468714958712e+00
-1.284829742666123931e+00
-9.989640231507505019e-01
-1.516789156768312719e+00
-1.400113679411340684e+00
-1.504779917981835746e+00
-1.103758623486340351e+00
3.584848812150495112e-01
-1.140558021263958999e+00
-1.320076912353167931e+00
-1.239284760462139756e+00
-7.747665095653466505e-01
-9.946436982540237670e-01
-1.340408535516345978e+00
-7.792547279490121825e-01
-1.272321864606835273e+00
-1.297774827689552879e+00
-1.228101009611728855e+00
-1.106183198084409236e+00
-8.716075054339041950e-01
-1.240489650926000387e+00
-9.580175738994322066e-01
-1.187720183097337401e+00
-9.983604976237976381e-01
-1.048527194825868314e+00
-1.160781339069113960e+00
-9.749279398121213358e-01
-8.440204103249362433e-01
-1.421185081838518771e+00
-1.347584440929522565e+00
-1.424839749734152949e+00
-1.070714007898989850e+00
-1.090825986342861986e+00
-1.317367687688183908e+00
-1.396816824756160536e+00
-1.261369777395888292e+00
-1.036032300298804776e+00
-1.132701928406097291e+00
-1.031658961518995499e+00
-1.195161020899411231e+00
-1.072327873621499839e+00
-1.308635746717641268e+00
-1.489426663816558971e+00
-1.039850643043741529e+00
-4.473341280389186991e-02
-1.369675984651909317e+00
-1.151485894077745709e+00
-6.292013798556370663e-01
-2.035852910924235148e-01
-1.572399620749448834e+00
-1.199832292431739056e+00
-9.088842270773511700e-01
-1.181866367355336900e+00
-1.019532595473898073e+00
-9.906232699758513727e-01
-7.813391351399703311e-01
-1.116563562117049324e+00
-1.050279445598118588e+00
-9.667362441166298392e-01
-1.047276111754530614e+00
-1.047276111754530614e+00
-1.198675545462999148e+00
-1.282397558297607265e+00
-1.293837761080383952e+00
-1.037431968078222910e+00
-1.000274701983101755e+00
-1.151008853019696243e+00
-2.858661217026317036e-01
-7.549849227546354680e-01
-1.184574178327402860e+00
-1.267134787183026745e+00
-1.414879956868211330e+00
-1.071109905710389443e+00
-1.210490495722940540e+00
-1.071532074628723352e+00
-1.014058946751436263e+00
-5.164840198902945767e-01
-5.169362140413124029e-01
-9.727777473930413477e-01
-1.259031576940620845e+00
-1.111243844960354554e+00
-1.047276111754530614e+00
-1.202049525817157516e+00
-1.322775608091180555e+00
-1.047276111754530614e+00
-1.103880264228615404e+00
-1.097987980115342710e+00
-1.191839950320226826e+00
-1.464697675356015250e+00
-8.772948576731569581e-01
-9.777715143183691726e-01
-9.984490196333800638e-01
-1.370908488754768673e+00
-1.201155384405158566e+00
-1.024135090735805997e+00
1.405394215737324481e-01
-1.042471132437718495e+00
-8.390707799733954086e-01
-6.964792179599583744e-01
-6.591749431387183833e-01
5.897115738332922019e-01
-1.044366408401175672e+00
-1.301361341853370712e+00
-9.185883681668984835e-01
-1.144627549477041928e+00
-8.049530364014420014e-01
-1.297153450019546739e+00
-1.573340287118076830e-01
-6.169978854406977797e-01
-1.128738727976348555e+00
-1.031302098881915708e+00
-7.620342745657342487e-01
-9.962793587238030213e-01
-1.260532996985645582e+00
-9.114979391057009828e-01
-1.090999098328225614e+00
-1.125533470099647326e+00
-1.012194811570328312e+00
-9.665918665714928748e-01
-1.182936039859882715e+00
-9.945430864185231812e-01
-1.456962761125767836e+00
-1.187989819744517117e+00
-8.971214554510513750e-01
-1.289121298361037837e+00
-1.214677210300732391e+00
-1.126342558156338214e+00
-1.391655234269057795e+00
-1.322338558224386729e+00
-1.178426510642687886e+00
-1.267425134408934007e+00
-1.111412789577550519e+00
-1.047276111754530614e+00
-1.033789071645137225e+00
-1.596796791857595377e+00
-1.187051615307479047e+00
-7.888660908154436768e-01
-1.276323266070777285e+00
-1.227396414229150690e+00
-9.917794085138568194e-01
-1.186380088376609576e+00
-9.092444954851106598e-01
-8.183215606063900527e-01
-9.942243179807690456e-01
-1.063486856533543357e+00
-1.195724971602295295e+00
-1.152295572976463012e+00
-1.000122575914571987e+00
-1.375428397557397098e+00
-8.194596674375825840e-01
-1.318517088315866115e+00
-1.242037459754586903e+00
-7.310322002022594523e-01
4.777968399603008676e-01
-1.258728148187828300e+00
-9.468946332912614450e-01
-9.835078245968402744e-01
-1.072975640030919386e+00
-1.333669127715748193e+00
-1.381115766047110283e+00
-6.082221930756487316e-01
-1.302650341641940601e+00
-1.432787491548267234e+00
-1.076244256797380894e+00
-1.237187555075996759e+00
-1.099327485736987464e+00
-1.126246166587252073e+00
-1.400437171772176193e+00
-1.343611902308081252e+00
-1.139405055060073169e+00
-1.308983775944792427e+00
-9.968191739395908524e-01
-1.000723112504955825e+00
-1.011576613530243751e+00
-1.359441115843350367e+00
-1.012682314206831080e+00
-1.047276111754530614e+00
-1.439135373872777679e+00
-1.009850398116236114e+00
-1.049110328302044426e+00
-1.087349612147129108e+00
2.755584148655298993e-02
-4.606914328986403406e-01
-8.806707710837855529e-01
-8.433641784419585452e-01
-1.246788377261075942e+00
-8.551838258483231980e-01
-6.235428338432903450e-01
-1.211307528153360069e+00
-1.013219669087383146e+00
-1.017133100799375578e+00
2.256252051652637425e-01
-9.969616555738451957e-01
-1.309079077798049884e+00
-9.947875546406853564e-01
-1.224611644685801082e+00
-1.362490045415019280e+00
-8.962242067690946445e-01
-1.327386568299679936e+00
-1.124014335363523909e+00
-1.232399451684833114e+00
-1.086133381687081290e+00
-1.057324148707643241e+00
-1.218733934623992043e+00
-6.174880623150513781e-01
-1.406938208944744417e+00
-1.160952136400456469e+00
-1.088776662362296088e+00
-1.310921366608473360e+00
-1.308615633822868052e+00
-8.419432567268300138e-01
-9.479988588562385798e-01
-9.549776357460687537e-01
-8.431665284800464732e-01
-1.119836390051664132e+00
-1.248318711033371997e+00
-1.138069130404776086e+00
-7.440536846133612991e-01
-1.045048160997591236e+00
-9.470597480870101004e-01
-1.194616988064791219e+00
-1.049088710248010425e+00
-1.043790684787045953e+00
-9.222621821344711979e-01
-7.017117122261593565e-01
-1.029247448791136721e+00
-7.708604523291912036e-01
-1.319094108654587982e+00
-9.625522377446155131e-01
-1.044082537013858447e+00
4.849782920529371877e-01
-1.318525892847165260e+00
-1.334050235412073793e+00
-1.125159207725153543e+00
-1.001957529588588081e+00
-1.001726116329336724e+00
-1.025432434458928066e+00
-1.001488181905041408e+00
-1.002426910632717716e+00
-1.118575313619448730e+00
-1.128148104512028960e+00
-1.372335074803392008e+00
-1.400792642985206893e+00
-1.094378584670519849e+00
-1.325329846065195438e+00
-1.218634258215216093e+00
-1.045232768096159282e+00
-9.444001826542647304e-01
-1.361778877215085615e+00
-1.320956587894342338e+00
-9.857370437634010996e-01
-9.973544240801216487e-01
-9.649154561706780875e-01
-1.127733191231736987e+00
-1.215417123310503333e+00
-1.355983265294430140e+00
-1.126135348522405488e+00
-1.016051573654021434e+00
-1.016590221006280936e+00
-1.195527873190648238e+00
-1.047276111754530614e+00
-1.302364578552016816e+00
-1.031562625836328184e+00
-1.427744268844731490e+00
-1.119537770003970145e+00
1.139214261491362512e-01
-1.071982916959361987e+00
-9.987448918879698878e-01
-1.229547903375321383e+00
-1.491164875019407976e+00
-1.176215433120209486e+00
-8.553862898418654881e-01
-1.070712871218020057e+00
-1.753272453553733623e-02
-9.944093714437538534e-01
-1.221386997036627786e+00
-1.000420664866157550e+00
-1.279038485733081432e+00
-7.872886014133025911e-01
-1.181830044689810455e+00
-1.209855409778279434e+00
8.916098210778012900e-01
-1.316872306204037724e+00
-1.166646846561711026e+00
-1.382349996212314913e+00
-2.762886832235508239e-01
2.507222644856766935e-01
-2.199129218791640028e-02
-1.009152104642481840e+00
-1.255643271369048408e+00
-1.047276111754530614e+00
-1.047276111754530614e+00
-1.262369708205815622e+00
-1.130332612411736992e+00
-1.287781939474602844e+00
-8.348295626034669681e-01
-1.064979667931353013e+00
-7.054444575642343507e-01
-6.350375650985516929e-01
-1.043724322207185029e+00
-1.257306538525031714e+00
-1.047276111754530614e+00
-1.001731535591105615e+00
-1.410480453447311877e+00
-1.464548328873161775e+00
-8.657944937244186345e-01
-1.047276111754530614e+00
-9.918256629031713123e-01
-1.070711347896992072e-01
-1.101376923709316502e+00
-1.255542531335622325e+00
-1.146119863582962806e+00
-1.206447853917203439e+00
-1.310609502703953044e+00
-5.622106557285253547e-01
-1.014415084055582561e+00
-1.220438907213503787e+00
-1.356079559681357072e+00
-1.364844215888200374e+00
-9.958915046495411261e-01
-8.419286605435813975e-01
-1.090150994862877809e+00
-1.361389131841944877e+00
-1.049345393043156660e+00
6.972295461303362751e-01
-9.814647903798698891e-01
-1.230063618616096921e+00
-9.820060576446700829e-01
