-1.125343747372812508e+00
-1.130262542030421313e+00
-1.096172032051560441e+00
-1.586290017857967527e+00
-1.420577790662380657e+00
-5.647471771922466521e-01
-5.104345684720748011e-01
1.210959773397146666e-02
-6.343328805109225144e-01
-6.634830445072278371e-01
-8.973251400876998130e-01
-6.301937593164341767e-01
-1.067224860479292436e+00
-2.326066724386356421e-01
-5.300979527231890476e-01
-7.010777374935227568e-01
-9.098242406604942767e-01
-7.263283087314665876e-01
-1.129873703187974643e+00
-1.058795592246779993e+00
-1.000519334633870328e+00
-1.139321286178627490e+00
-8.351323793024674202e-01
-5.154296326273262174e-01
-1.289943480967016054e+00
-1.665966199076156062e+00
-1.460807202790569193e+00
-1.827072195671804788e+00
-9.758201268984391108e-01
-1.127742393022766798e+00
-4.911947559698479626e-01
-4.946595645568173660e-01
1.302171364401728537e-01
5.419267761018643492e-01
-1.270203094984762471e+00
-6.438412583950559043e-02
-1.000155621375457438e+00
-1.015457696955894162e+00
-9.094515660783597522e-01
-4.633206120750407164e-01
-8.486375200123033036e-01
-7.508139240569522421e-02
3.772607456217713651e-02
-9.360063743448108209e-01
-5.390729443548558653e-01
-2.034271853486269155e-01
-2.780931070609339306e-01
-1.135475423805857087e+00
-1.598949734765296338e+00
-1.198333847561044552e+00
-1.226561506505348342e+00
-1.432287702167456267e-01
-2.598336200408216667e-01
-6.417259266408997798e-01
-1.028625968396964296e+00
-1.185210485353669574e+00
2.115318525655806026e-01
-1.040302416302089750e+00
-9.977825688700684426e-01
-1.154776619207062094e+00
-4.373980923022861012e-01
-5.394308606684128371e-01
-6.717887617301629977e-01
-1.225563694264325765e+00
-1.309356549534559377e-01
-1.392349062192347331e-01
-1.401009820739365752e+00
-9.911787455344041042e-01
-1.042746380569099962e+00
-2.778327264410950237e-01
-1.049896395279665384e+00
-6.648490331370252582e-01
-4.415943752567974556e-02
-8.860537309209133294e-01
-1.029171732062434286e+00
-1.010012041953147532e+00
-7.669345026234197782e-02
-9.416850565377106186e-01
-1.498681045719417515e+00
-1.002509734362526439e+00
-9.993842438007486395e-01
-1.006034117372128778e+00
-1.708884961217987275e+00
-2.974949981225759599e-01
-8.961645838676303155e-01
-6.064978175429949214e-01
-2.865848981558906106e-01
-1.333231749345138883e+00
-1.052074853414842082e+00
-9.813653491320057931e-01
-1.193350499143166488e+00
-4.061640039427895088e-01
-9.061182874631326101e-01
-6.569125317474102665e-01
-7.630875617393564347e-01
-9.950131295924560249e-01
-1.002233521272435590e+00
-1.033720173665509501e+00
-1.297339308876037656e+00
-6.016089631274511573e-01
-9.053060690568237590e-01
-9.843941637954267687e-01
-1.098133938775927243e+00
-6.444166350737592364e-01
-6.444166350737592364e-01
-6.648109287820851421e-01
-6.444166350737592364e-01
-1.416333306127039338e+00
-1.003907720859850139e+00
4.248922196089782721e-01
-2.289949355388930519e-01
-9.874967161570827878e-01
-1.000191590782826490e+00
-1.240806789158749535e+00
-1.172880674471814766e+00
-1.194261754140558018e+00
-1.289865388316743022e+00
-1.414281811842933223e+00
-1.084283883396727655e+00
-1.045350383724122478e+00
-9.665591077680391052e-01
-9.071687063089245440e-01
-8.556355094840772946e-01
-1.199601455683970919e+00
-8.467883228373480620e-01
-1.060230145029198434e+00
-1.530364252760355148e+00
-9.834209248395321401e-01
-1.436493848865562750e+00
-1.340825803122748017e+00
-1.321039165569233731e+00
-1.356644686859069804e+00
-7.581255889935832881e-01
-1.445631308700980666e+00
-1.282890996807271256e+00
-1.536190365118401235e+00
-1.245820036132511355e+00
-1.280374127340466073e+00
-1.331511189173529175e+00
-1.400263963258245203e+00
-1.355834948603220180e+00
-1.243981052564254286e+00
-1.000256261108351419e+00
-1.069212234255607852e+00
-9.980611816392288560e-01
-1.001225107693165084e+00
-1.000646646718639010e+00
-9.990967980743439281e-01
-1.482976563749383025e+00
-9.949561817514778195e-01
-6.616645440733603944e-02
3.796384831802824822e-01
1.638307382759779385e-01
-1.030911421040797027e+00
-1.140967512794214711e+00
-1.415338682381809932e+00
-1.180198570818335790e+00
-1.375748143302872650e+00
-1.145992727874783235e+00
-8.560947048424771832e-01
-9.643457224885904067e-01
2.384143736341618469e-01
-9.268061312222783954e-01
-1.220642351108507828e+00
-1.461745965479639420e+00
-1.120185504475733396e+00
-1.002178356811474602e+00
-1.089747680506781835e+00
-1.212740889661057864e+00
-9.988930796256918487e-01
-1.008561584299487057e+00
-1.001152591756139465e+00
-1.019147595678462137e+00
-9.942907113430561328e-01
-1.366011451025319179e+00
-1.229823062572222625e+00
-6.052787396956331722e-01
-1.023015048645946390e+00
-8.129154990172375861e-01
6.594871094548330204e-01
-1.042319588405892450e+00
-1.000583066890230022e+00
-1.015640675151062489e+00
-5.886918454162202163e-01
-6.943971285617707156e-01
-1.336671953303317117e+00
-1.132681452961057156e+00
-1.175988461124366946e+00
2.394244643177231291e-01
5.807609411657460585e-01
-5.335355430638788476e-01
-1.096934670930242106e+00
-8.416630094267364415e-01
-3.114128511470145577e-01
-1.006475447633529141e+00
-1.045996009977690600e+00
-1.093421055424356414e+00
-9.994981183051064866e-01
-6.444166350737592364e-01
-1.232792816660923219e+00
-4.926605737586444711e-01
-6.175310632302409841e-01
-6.315773827023251075e-01
-7.432361259889135319e-01
-1.074014458653455906e+00
-7.214187200776086550e-01
-7.700436324710345781e-01
-9.994571964655294405e-01
-1.049224232960579428e+00
-9.988556745361703015e-01
8.154977752378311795e-02
2.309706840984370180e-01
-9.952817825176132338e-01
-1.108176047323145896e+00
-1.001184906068941727e+00
-1.171837630587964085e+00
-9.631726165526868222e-01
-5.108036652637636399e-01
-8.373394025084108794e-01
-4.604616035412646413e-01
1.254953712529521814e-01
-1.242864114967399125e+00
-5.090037981580037840e-01
-6.444166350737592364e-01
-1.413245133278621335e+00
-1.600293729424039579e+00
-1.136752798874049564e+00
-1.033761513142208210e+00
-8.168416603357706585e-01
-8.532723317284187647e-01
-8.696839958959612371e-01
-3.408453700412924503e-01
-8.612845732759332185e-01
-1.033404304263500606e+00
-8.346170862691826287e-01
-9.225007882730942299e-01
-1.004025512224576477e+00
-1.001479698898813497e+00
-1.000713360384964723e+00
-1.004862857092813311e+00
-1.004180874388135303e+00
-1.000627366235902871e+00
-1.414165478087953343e+00
-1.448502762354195283e+00
-6.657493392292788137e-01
-1.478300567527796705e+00
-4.404499892451788634e-01
-7.748916154130458533e-02
-8.129605537832426121e-01
-6.444166350737592364e-01
-1.027825680654568252e+00
-1.170028309000878730e+00
-7.468195371433848928e-01
2.773692100996253407e-01
-1.001373530453983474e+00
-1.152966216513902964e+00
-3.180824170293498065e-01
-1.733319243282560596e-02
-1.259719152408617981e+00
-6.606923132864799264e-01
-5.649779583723923970e-01
-1.036143358623846433e+00
5.599482411027068007e-02
-9.260390353597204305e-01
-9.989562677686719683e-01
4.923082407379264502e-03
-1.000073468893683204e+00
-9.825133789335072088e-01
-8.356189700721691205e-01
-6.948790270499163313e-01
-1.386144779163699825e+00
3.528875423095815256e-01
-1.045019008473282218e+00
-1.108323603053588124e+00
-7.684008393836341266e-01
8.539607196481424634e-02
2.252533445812613389e-01
-6.444166350737592364e-01
-1.070638133284657734e+00
-8.613892968134491124e-01
-9.979882941683357878e-01
-1.000328599966205267e+00
-3.819000203768786461e-01
-8.638335167636429501e-01
-9.572753455626955565e-01
-8.131830592697520954e-01
-1.086621658432994852e+00
-2.853938676356453374e-01
-3.773891704344578546e-02
4.444689956800581543e-01
-1.177973654088948940e+00
-5.867283003275699516e-01
2.251246656560711434e-01
-6.444166350737592364e-01
-1.477756640362078988e-01
-2.363071583158793398e-02
-1.513694611228459053e+00
-9.372421704173283796e-01
-8.083524124036515213e-01
-1.008474547512543174e+00
-9.260872011965275430e-01
-9.998387492153146816e-01
-1.242669260668499698e+00
-1.185343280541799160e+00
-1.205323282749644953e+00
-9.584429451529030697e-01
-1.070237218489400233e+00
-6.353904538027264071e-01
-1.290497688745332328e-01
-3.045310889498675788e-02
-1.000328599966205267e+00
-2.574618178925781597e-01
-1.067845373662196451e+00
-8.660840716220022939e-01
-9.654601845006837157e-01
-1.256598281368825010e+00
-1.270239328912294852e+00
-1.196085349155605604e+00
-9.269980448186538879e-01
1.699584695020402991e-01
-9.936080570882837026e-01
-1.173806973723676261e+00
-1.245793232754420554e+00
-7.272363974821192123e-01
-1.389161099977152647e+00
-7.476098346151174301e-01
-1.087999227014489589e+00
-4.140348198027983262e-01
-1.152799516116184586e+00
-1.013504091251774319e+00
-7.994267576311364643e-02
-1.035027306369670663e+00
-5.521732537088797077e-01
-2.879499803709338890e-01
-1.137899417329997442e+00
-1.001242339633207301e+00
-3.325095029435077842e-01
-1.062236135991242003e+00
6.496064597315877043e-01
-3.896783500297289482e-01
-4.472568912975355415e-01
-1.002028525084264432e+00
-1.002564388208832646e+00
-1.038963644209255799e+00
-1.115755051338239268e+00
-3.050422631426125131e-01
-6.289753970401413818e-01
-1.652262789411567123e-01
-1.252521504356608917e+00
-8.958279707581446871e-01
-1.000321539471139776e+00
-1.011856676233971353e+00
-1.433641161485328830e+00
-1.178150414776959032e+00
-6.348648077128216105e-02
-1.161905209967854180e+00
-1.341918556470527824e+00
-7.713296381802008383e-01
-1.302018386136191141e+00
-8.251823750103635113e-01
-6.444166350737592364e-01
-3.305464470525792953e-01
1.496615567309403927e-01
5.444997890627945036e-02
-1.095624044369459149e+00
-1.099719518509572058e+00
-6.275298661147972190e-01
-1.227099863320210149e+00
6.434794977451471221e-01
1.000148254925818936e+00
-9.206079434891792923e-01
-9.677098510593686864e-01
-6.516438421309544982e-01
-6.037938255749863981e-02
-4.116065043499336218e-01
-6.490846155290473929e-01
7.698143077779495691e-03
-6.444166350737592364e-01
-8.781127497880033550e-01
-4.614914368449344328e-01
-1.005943698848281276e+00
-5.644314494552955530e-01
-7.726866458022926265e-01
-6.444166350737592364e-01
-7.873688236334528412e-01
-1.359402769205495076e+00
-1.031182708867974362e+00
-6.757790253417803594e-01
-1.117213273457891676e+00
-3.213807247061203354e-01
-2.493208558975669176e-01
-1.264613076612058462e+00
-1.154998667592240569e+00
-7.411862500915796792e-01
-1.074824690692882001e+00
-4.818045521881262894e-01
3.331797734367948349e-01
-6.818906454707995834e-01
-1.353154790527124618e+00
-1.210967708032586465e+00
-1.214301470917702463e+00
-1.134123515022017026e+00
-5.239647786070569246e-01
-1.066288527481049186e+00
-9.421459938800726963e-01
-1.164793684220624792e+00
-1.120057391402125679e+00
7.793277334961316027e-01
-5.270155673513020611e-01
-4.225616088959983641e-01
8.826904907643517983e-02
-7.564413132315567223e-01
-2.423132118584151451e-01
-8.837726047421652353e-01
-3.126830597094026887e-01
-1.167506514382536054e+00
2.655274768580723199e-01
-1.621123775986217375e-01
-6.524844693365033921e-01
-1.078333651230357182e+00
-1.203973455481803789e+00
-4.471893647605675870e-01
-1.058601925245994169e+00
-1.309356549534559377e-01
-9.790866856442358435e-01
-3.770643437184525437e-01
1.656005567838841896e-01
-4.999472563047083762e-01
-1.946543082418191739e-01
-1.268964926893283662e+00
-1.337941453206390241e+00
-1.274557707022387909e+00
-9.492722396811523744e-01
-8.538133452608402951e-01
-1.099901892925208902e+00
-1.533295574395231453e-01
-1.295164881069500673e+00
-1.020448228856751127e+00
-1.004429317742530747e+00
-1.229695719946843235e+00
-4.084235342677380309e-01
-1.203081030821274489e+00
-1.095696719136380004e+00
-1.253756788409808642e+00
-1.131863142734899741e+00
-1.070228330121550275e+00
-9.205831313161425555e-01
-9.363200318166096103e-01
-1.002366647800233546e+00
-8.271508741770015050e-01
-1.548287371111564337e+00
-4.034847846334980170e-01
-8.437600253858148491e-01
-1.310974887272261302e+00
-6.444166350737592364e-01
-2.828191228323203577e-01
-1.308654604577910163e+00
-1.193442993355791959e+00
-1.093127435190135444e+00
-1.095330494517117170e+00
-1.026535387792698595e+00
-1.389600622380973594e+00
-1.185606360986288133e+00
-1.101271638321766222e+00
-9.137016810014676471e-01
-1.003284424693672294e+00
-1.401766410017088793e+00
-8.640818287289041555e-01
-1.188117424547984413e+00
-1.443205424023637828e+00
-1.015187233091132013e+00
-1.281476702459408479e+00
-1.003782581016146924e+00
1.336989398867357570e-01
-6.235766842677908928e-01
-1.453490838639660110e+00
-7.086411923580309136e-01
-1.011633963042940509e+00
-1.103661626587542077e+00
-1.126262542441838654e+00
-1.090578024709798921e+00
-9.983043894790416539e-01
-1.000328599966205267e+00
-7.995397384057889578e-02
-1.049840221566892939e+00
-1.486870363467980738e+00
-1.123566399404109628e+00
-1.362842612968766298e+00
-1.426364617307190219e+00
-1.481369207663256748e+00
-1.137422574912557938e+00
-1.347781065111618881e+00
-1.245949054277679213e+00
-1.243663487689888436e+00
-9.772694928131666625e-01
-6.205083659405029595e-01
-9.966581666079495916e-01
-1.059554163578069419e+00
-1.421902132282491626e+00
-9.964293215055981534e-01
-1.283278265929072459e+00
-1.100573660868314985e+00
-2.845061634709450393e-01
-8.219160327024661594e-01
-6.890660473837024735e-01
-1.576012419494174699e+00
3.574526040359317092e-01
-7.865240864589655434e-01
-1.190930086264069265e+00
-9.419954169790254461e-01
-9.750041702969315383e-01
-1.159743070693727285e+00
-1.108387363806721648e+00
-4.231489662452277978e-01
-8.378078551835783649e-01
-1.004890530973364893e+00
-1.169523276394739408e+00
3.903785387706885102e-01
-1.192876633805414643e+00
-3.168949399735663253e-01
-8.035376708965532577e-01
-5.513826829801073970e-01
-5.050648367332288835e-01
-3.396299446103314690e-01
-6.444166350737592364e-01
-8.076338785321767189e-01
-6.444166350737592364e-01
-6.444166350737592364e-01
-5.304064575669746873e-01
-3.716455399188673958e-01
-1.033378267979007115e+00
3.198666731249740769e-01
-1.164089536245062284e+00
-1.070095877497444503e+00
-3.057717930526749894e-01
-1.170404420796073097e+00
-5.875995941074138029e-01
-6.444166350737592364e-01
-1.218305482430097397e+00
-9.264549019347321224e-01
-6.257887375302522148e-01
-1.050414941739570507e+00
-9.600215410851344888e-01
-1.000328599966205267e+00
-6.923049470149572615e-01
-2.646903775337459130e-01
-6.444166350737592364e-01
-2.024178949048914822e-01
6.634910669543251371e-01
-1.120331289614274750e+00
-9.029248092660902003e-01
-7.347631721523564252e-01
-6.444166350737592364e-01
-7.468607931817171641e-01
-1.099259868699663745e+00
-1.229577818025220814e+00
-1.027577250827748978e+00
-1.019263273366278311e+00
-8.354993239729340271e-01
-1.334784423189134372e+00
-7.318505890794866353e-01
-9.711278569698498231e-01
-1.289695461300716328e+00
-1.324010441299520835e+00
-1.242523123050831346e+00
-1.220729800477507343e+00
-9.957365763818917248e-01
-1.158910023811390300e+00
-8.807417558875716423e-01
-1.073877555282802598e+00
-1.421130930042820983e-01
-2.959376387628868121e-01
-1.000268469792941151e+00
-1.204314762432706187e+00
-1.423446602887934009e+00
-6.287359683358212381e-01
-7.867435232423116709e-01
-6.444166350737592364e-01
-1.151420823554823780e+00
-9.413817438652591907e-01
-1.013193454802742144e+00
-9.991783043984260315e-01
-6.444166350737592364e-01
-1.315083538245125139e+00
-8.664923234723775902e-01
-6.444166350737592364e-01
-7.194724775808434281e-01
-9.258239993963800485e-01
-8.675665285842613095e-01
-1.183509155450404915e+00
-1.175232613964078077e+00
-1.197466360736870516e+00
-2.246290560332283581e-01
-9.948197662311499823e-01
-8.534385476486165967e-01
-1.130135098904470281e+00
6.976365917366134095e-02
-7.042253656742301082e-01
-7.637202288455076093e-01
7.092149661965218010e-01
-7.270387088134621090e-01
-9.720764902065743840e-01
-5.961521238186365812e-01
5.388283631038348620e-02
-1.013094245116009873e+00
-9.844624779979155305e-01
-1.204330399978681410e+00
-6.574598628737999828e-01
-9.746359034943981037e-01
-1.109979421521557263e+00
-4.429667984471193920e-01
-6.851936936174911619e-01
-9.476789127117297706e-01
-8.106899799058983058e-01
-3.688623154209129673e-01
-8.601133959425525388e-01
-6.087808714186224712e-01
-1.203041666780233276e+00
-1.113295168843339233e+00
-1.070136594284393672e+00
-6.388819188159717832e-01
-8.615343437761205925e-01
-5.625215617615720864e-01
-9.926279565069394684e-01
-9.997320453598554924e-01
-9.377326508067679312e-01
-9.072972992369255918e-01
-1.751367988164339584e-01
-9.665078326824886323e-01
-1.037704807050314759e+00
-9.724417202113312397e-01
-7.363368137319644680e-01
-1.358240027891440160e+00
-9.246094863157671151e-01
-5.228297069495011495e-01
-7.126457754269139855e-01
-9.668851514416820780e-01
-1.544409547420085849e-01
-1.047404156525755692e+00
-1.253070973903551266e+00
-2.494643326513630299e-01
-3.244655449192587193e-01
-1.259336919440146696e+00
-9.238833862945330377e-01
-1.159387291366884121e+00
-2.870845741019555364e-01
-9.247185924389049738e-01
-5.808155591890129532e-02
-9.489055111409712140e-01
-3.855837817012627289e-01
-1.212739994206637917e+00
-1.143319096028145854e+00
-1.233000333801983261e+00
-1.014814140058129421e+00
-4.097301176196929129e-01
-1.021632068276639327e+00
-9.764751023638587046e-01
-1.003471629565238832e+00
-8.207092422552522137e-01
8.144274097237401699e-01
-1.171339595669045996e+00
-1.288887028762332854e+00
-1.290981746483859993e+00
-7.990395819956677137e-01
-5.195380410566463603e-01
-1.115139795462154026e+00
-1.535849405092895026e+00
-1.019199078292861049e+00
-8.602717988224590773e-01
-1.178736032265653044e+00
-1.225950061878314123e+00
-1.001893662514803385e+00
-7.383709054294900209e-01
-1.399803032866836494e-01
-1.173544350618070276e+00
-1.634208177148083196e-01
2.659592212103286668e-01
-9.049183676211043359e-01
-1.503702296581341358e+00
-6.996533158349159676e-01
-4.768271467296478772e-01
-1.153321614863511479e+00
-1.026887669114673329e+00
-9.998726918177018863e-01
-8.348237462588923297e-01
-8.924200039491317904e-01
-9.750790432177688372e-01
-1.001058808052479820e+00
-8.820214675600874799e-01
-6.444166350737592364e-01
-1.176443843792965849e+00
-1.280259283887063226e+00
-2.017574301531809278e-01
-1.169277572873112847e+00
-8.755745133720118645e-01
-9.670508801025063939e-01
-9.139769510619368820e-01
-1.116240621037134728e+00
4.014304549287278645e-01
-8.910123770646709573e-01
-2.681027042691473961e-01
-9.489293954841295786e-01
-5.845980915770104813e-01
-1.409925409180176503e+00
-1.270008325904111501e+00
-1.200350779259102829e+00
-1.464167317246240163e+00
-1.163758315085453354e+00
-6.169867875362846643e-01
-1.807096887896414428e-01
-1.432210640381984090e+00
-1.000757269664000804e+00
-1.001859149469134680e+00
-1.170657640214528783e+00
-9.169389480475664822e-01
-2.665910585823852985e-01
-1.306362488786901199e+00
-1.000328599966205267e+00
-1.168668180747124197e+00
3.527779653282425709e-02
-9.979624866149914286e-01
-1.070226960084406986e+00
-9.958790963732875312e-01
-1.047454425779287046e+00
4.094055853504955378e-01
-9.119033088747253712e-01
-1.470904172056582526e+00
3.785853026276287947e-01
-1.095456337211576425e+00
-9.537242111015215018e-01
-1.027658614132476611e+00
-8.886411774976694655e-01
-4.933981857956673545e-01
-1.124311423032443358e+00
-4.522762780481781597e-02
-4.748039384729114687e-01
-8.999766069997550133e-01
-1.002524507323668601e+00
-1.000328599966205267e+00
-4.761838792165574707e-01
-8.931834000806481155e-01
-9.680517757680167090e-01
-1.019761375196632347e+00
-9.839083498215187573e-01
-1.061000984244836687e+00
-1.009942370311942339e+00
-9.983509354747265307e-01
-1.312707046979207703e+00
-1.518646820320474600e+00
-1.016075479381000068e+00
-9.689167030367247246e-01
-1.199001801472767026e+00
-1.458459738175696740e+00
-4.687996091935328069e-01
-2.893548541460322365e-02
-1.048053706170500643e+00
-1.456225196080079831e-01
-5.419028816330591081e-01
-1.197311974110648825e+00
-1.045832413059321953e+00
-1.163977700032532647e+00
-1.391292303156604460e+00
-1.307399830198780366e+00
-6.444166350737592364e-01
-6.444166350737592364e-01
-1.000328599966205267e+00
-1.704086853679339653e-01
-1.000735396951531575e+00
-9.510258678824496936e-01
-1.009209200302610521e+00
-1.092956057940496439e+00
-3.976921053065852751e-01
-4.440611644207872466e-01
-8.340990058315436162e-01
-1.272777675113283102e+00
-1.218767235794566250e+00
-1.146513619845768828e+00
-8.783757116392657549e-01
-1.041002093186462307e+00
-9.981080371228949755e-01
-6.444166350737592364e-01
-1.040989531830336157e+00
-5.719370783894152099e-01
1.711172404149871040e-01
-1.303134886427505856e+00
-1.161949340568805500e+00
-1.152423553388139510e+00
-1.163617154651018115e+00
-1.128312621731154097e+00
-1.211096555069562486e+00
-8.648802206186760877e-01
-1.017714088422353447e+00
-1.000391212022668119e+00
-9.685254892710932761e-01
-7.221774513735499390e-01
-9.308121892998924007e-01
-1.302597762201772369e+00
-1.089878127675838249e+00
-6.587832653640139924e-01
-1.001030068570361031e+00
-2.302748019957109316e-01
-2.932140134022164224e-01
-1.610513220547810098e-01
-1.179901524782281941e+00
-1.000328599966205267e+00
-1.041462796998382956e+00
-1.005110226587285993e+00
-6.444166350737592364e-01
1.464340422978166467e-01
-9.352147429976411797e-01
-1.001559235842926388e+00
-1.057135568617165955e+00
-8.857960478064108578e-01
-1.417767776191995344e+00
-1.389819788895044983e+00
-6.778648825719293392e-01
-1.576075170326658448e-01
-9.791051378979630515e-01
-3.733019547289088136e-01
-2.174394279234814764e-01
-6.444166350737592364e-01
-1.085731240282749255e+00
-1.127827965539073496e+00
-1.032960313688634946e+00
-6.541500418592538502e-01
-1.097077976895069584e+00
-9.151374120206194895e-01
-7.216542332326134623e-01
-9.561662199287676023e-01
-1.003147341125647296e+00
-2.567700927709001268e-01
-9.560247886725038446e-01
-1.165405974519711396e+00
-1.126037244959940953e+00
-6.444166350737592364e-01
-1.005222678687346161e+00
-9.247089640983305880e-01
-9.588494867035448621e-01
-1.008442764613604492e+00
-1.020930859275474001e+00
-7.563779161216179769e-01
-1.545905720801124872e+00
-1.082189598092117233e+00
-1.045204475663275012e+00
-1.465888886288546855e+00
2.147364996342197019e-01
-8.816869650011177617e-01
-9.931394031064754158e-01
-6.560927384330090817e-01
-4.082666882348346959e-01
-3.944645210102010191e-01
-1.419617876455695482e-01
-4.139071608860739326e-01
-1.459160654519198852e+00
-1.170764676285086292e+00
-4.937211154631999666e-01
-5.580050988644446042e-01
-3.948187742739984740e-01
-1.659488932493343727e-01
-1.159722538320881347e+00
-6.319429910099316761e-01
-8.108587850198207825e-01
6.355998528042859919e-01
-1.043135328807435425e+00
-1.218632761996353286e-01
-5.723192990038086236e-01
-1.193649977092499093e+00
-1.212418864259180440e+00
-6.920162798725546516e-01
-8.991405357298665191e-01
-3.843695900884430694e-01
-1.275085483284750243e+00
-9.948330726454465145e-01
-1.372780119820281364e+00
-1.001619305364905399e+00
-1.186091919150139118e+00
-1.434007565732641654e+00
-1.014878048350193129e+00
-1.005368249276378023e+00
-1.288731383372891948e+00
-9.888400165384687579e-01
-1.000498750337932563e+00
-1.010830691895008959e+00
-6.636111496082637284e-01
-1.000156539612781836e+00
-1.460624827228048206e+00
-4.400172446083869815e-01
-1.000018112449654106e+00
-1.002612056798602547e+00
-1.001139373342625927e+00
-1.000201873673661312e+00
-1.275771974054939140e+00
-9.875337416603539031e-01
1.626807306383338814e-01
-9.935325453702690268e-01
-1.011422143362338044e+00
-9.840507192705676420e-01
-7.465367601358423588e-01
-6.693206958456322520e-01
-3.325804671838533677e-01
-9.286675310920817772e-01
-7.762760440533763573e-01
-6.444166350737592364e-01
-9.614051289335463490e-01
-1.000328599966205267e+00
2.237021966580942101e-01
-7.720780028713492005e-01
-9.671167357478991367e-01
-9.950246485062087531e-01
-1.403356696883417243e+00
-1.009659118850604775e+00
-9.757855287065532179e-01
-6.640136092115658251e-01
-1.057116349474499062e+00
-9.425989896103421639e-01
-1.159536943500913297e+00
-1.055981832062876435e+00
2.806009459484085644e-01
-1.115724486808777893e+00
-1.025945045420088020e+00
-1.114262246996136962e+00
-3.842967909864586362e-01
-1.587561670590054153e-01
-9.917704762626182724e-01
-1.146923023606606140e+00
-6.395412472205086463e-01
-1.128379385974664029e+00
2.551492657961506039e-01
-1.007087374167267457e+00
-1.109677472539878362e+00
-1.298939437375931982e+00
-1.080631975040531323e+00
-1.356096251296369237e-01
-2.880214984577761372e-01
-1.010530907441111292e+00
-1.005936218729408749e+00
-3.288589940161643632e-01
-8.248027990968447298e-01
-1.451483192622824436e+00
-1.058962821291973500e+00
-9.914876861985231216e-01
-9.035088953497849573e-01
-1.291906449879962615e+00
2.212955518452298653e-01
-6.771290451397451449e-01
-6.474422825477139654e-01
1.106211570191905080e-01
-1.130532805381155192e+00
2.778640089974848681e-02
-1.313304681893527226e+00
-1.000983458007820071e+00
-8.386646597762277278e-01
-7.427288734128534298e-01
-1.010899230466989929e+00
-9.966009701379208163e-01
-1.446766699363136288e+00
-1.525070213740002067e+00
5.183970712407737214e-02
-9.710277120060785139e-01
-8.900706179259952888e-01
-1.354511139128453889e+00
-1.232678139800861716e+00
-1.271112667959512166e+00
-3.929219153766572159e-02
3.342379223860970638e-01
-4.522574189417922774e-01
-9.721266430832276040e-01
-1.024595487428562324e+00
-1.013240173467891081e+00
-9.959760563149760992e-01
-9.745233703968314565e-01
-1.003327251669555942e+00
-1.289993693552420773e+00
-1.250484444090832259e+00
-9.820368078187411420e-01
-1.056604198869754985e+00
-1.504767367569933789e+00
-1.131291740417140534e+00
-7.440321841171172457e-01
-1.363272780652944771e+00
-1.238451524880398669e+00
-5.460617137878818195e-01
-1.157586163557558390e+00
-1.001267749078958325e+00
-1.045156693575587381e+00
-9.982398466985551444e-01
-9.472353028559115096e-01
-1.000080473826975513e+00
-1.007523652574622952e+00
-8.996980467248271163e-01
-2.043657221205086305e-01
-1.103376411720582206e+00
-1.001183625003469801e+00
-1.000596013767759640e+00
-1.062791498576913574e+00
-9.852049030160556775e-01
-6.444166350737592364e-01
-9.336808750332016293e-01
-1.000263441617690097e+00
-1.065295900653828065e+00
-9.947423302841591486e-01
-9.603953834881165941e-01
-8.132540624001877161e-01
-1.090907748832025348e+00
-9.999095749927754406e-01
-1.000167151552795453e+00
-1.000327016001107072e+00
-1.000256701296275530e+00
-1.002354948955916036e+00
-1.059043397606215464e+00
-8.249031369242945111e-01
2.249602276962446856e-01
-7.387588179090993634e-01
-9.555938670415018432e-01
-9.487252854972300087e-01
-1.064427896947205854e+00
-1.438197253653030749e-01
-1.023571081464481614e+00
-1.273782865967257205e+00
-1.103209551279216161e+00
-2.512566609698366760e-01
-4.776787978900521869e-01
-6.917860859113696970e-01
-1.022484452135835609e+00
-6.536876868048295819e-01
-9.309630512240527622e-01
-1.118315881407089929e+00
-1.220079402508815081e+00
-1.078112468948196678e+00
-1.057224170060429014e+00
-8.261016503855538318e-01
-1.005416475294061307e+00
-6.192658806845223740e-01
-1.263862022953000430e+00
-1.448337297246439448e+00
-9.982212204583829074e-01
-6.825179125249315470e-01
-1.001225260153281837e+00
-9.398260989868574278e-01
-1.032618289638829845e+00
-1.021030048275581859e+00
-1.118989503829257659e+00
-6.208629026196295086e-01
-5.268123046940127452e-01
-1.703594210977782408e-01
-9.910795283190213523e-01
-1.045362555940988925e+00
-2.093999342754079285e-01
-6.592360649755877322e-01
-1.292516935943577749e+00
-1.125556123204258796e+00
-1.067786836391015903e+00
-9.646715425306797709e-01
-1.175695699194233113e+00
-7.118987031965497980e-01
-1.337318802311550092e+00
-1.000776088644629525e+00
-9.051430568123395304e-01
-1.080151279190569857e+00
-1.122590123108013538e+00
-1.001268939102584632e+00
-1.208541415524147400e+00
-7.289501528276591813e-01
-9.962375301415391515e-01
-9.352486111718254502e-01
-1.026825160392753178e+00
-1.354509359852472672e+00
-7.042306485251363934e-01
-8.230747327803618063e-01
-1.768889441429768450e-01
-1.153251420204851829e+00
-7.736500616331090097e-01
-1.079171509190651079e+00
-1.001696173152638591e+00
-8.507042389815377970e-01
-7.403849939487318066e-01
-1.029618901014227372e+00
-9.883586388035439096e-01
-6.249623930329658572e-01
-9.915478484983573093e-01
-1.204021158327529761e+00
-3.114128511470145577e-01
-1.249128965750558429e+00
-9.223772552560172144e-01
-1.006810299941351516e+00
-1.002456039078377881e+00
-1.022671655211587316e+00
-1.273547852660706026e+00
-1.104927190501520329e+00
-1.117134926268928297e+00
-8.756742387329878863e-01
-8.026351147155716959e-01
-1.128004719777848663e-01
-6.471433558202104308e-01
-6.454421776633768593e-01
-5.658390167990214881e-01
-5.076876258910192341e-01
-7.045085315766690393e-01
-8.214224924520752147e-01
-1.200912210684602632e+00
-5.204004286707863969e-02
-1.235953442715290507e+00
-4.154191862991009065e-01
-1.650885487471172697e+00
-9.926706508054178313e-01
-7.365070023633595309e-01
-1.278245312571829606e+00
-9.867563417496688638e-01
-9.832107242798009406e-01
-1.048070631675414921e+00
-8.953416590553173737e-01
-1.003559088446473790e+00
-1.018759938177940860e+00
-1.004725756230750999e+00
-1.068687197062531125e+00
-4.908280325202841743e-01
-2.762848466551063309e-01
8.126089672038638856e-02
-6.863908995771905719e-01
-5.721407769250629327e-01
-8.507878013865981526e-01
-1.044965554997405288e+00
-1.159683621092658434e+00
-1.122685505750558033e+00
-7.790573577268822270e-01
-1.018099585585741540e+00
-1.459187127121729377e+00
-7.464519940228453443e-01
3.987225396139272293e-01
-9.983302649604727241e-01
-1.335436382887256856e+00
-1.070249932394815362e+00
-5.996780052249005566e-01
-3.062485431329374785e-01
-9.966154289432730407e-01
-3.715041349018141092e-01
-1.009278358953840549e+00
-9.808189483252496288e-01
-9.976058855599098107e-01
-1.026423837201193567e+00
-2.575541204509789184e-01
-6.444166350737592364e-01
-9.991812782964528683e-01
-9.496121127837396925e-01
-1.452206064376863281e+00
-1.098203761782772903e+00
-1.043687140927361590e+00
-5.475696351842095355e-01
-8.620862457655216193e-01
-1.013240999518017382e+00
-1.078705313518512732e+00
-6.947560071384706326e-02
-1.016430074289565555e+00
-5.223588893081488882e-01
-7.358533898059937961e-02
-1.092270665740190161e+00
-1.010348705371743483e+00
-6.444166350737592364e-01
-6.444166350737592364e-01
-7.213382072641092435e-01
-9.581460510763264438e-01
-1.422206667642635924e+00
-8.590813503042336041e-01
-7.705930364618799322e-01
-1.176225260050515642e+00
-8.227324893167924369e-01
-3.014125283312117931e-01
-7.530582291879004408e-01
-9.067303146795488988e-01
-1.725196224393795719e-01
-4.590715376243165169e-01
-6.256950626455113351e-01
-5.335208879536645910e-01
-6.444166350737592364e-01
-7.304007010426627478e-01
-6.428413255549720873e-01
-9.423036838670812987e-01
-9.549353007909424651e-01
7.473290670655041712e-02
-1.050475674668973625e+00
-5.917973085207210993e-01
-5.888074466073316415e-01
-1.855168750753978246e-01
-9.316195593940829189e-01
6.453414723694449462e-01
-1.136658981693605242e+00
-8.989738460160762168e-01
-2.775018759408162117e-01
6.044160837330613267e-01
-7.627157597126492661e-01
-3.615950077090746007e-02
-1.037511162350648108e+00
-1.001013319463887274e+00
-5.070865260509902495e-01
-1.023516009592748688e+00
-1.313231501807156087e+00
-2.996677046371104547e-01
-5.450508632976421852e-01
-1.120002853266247600e+00
-9.997137259215499450e-01
-7.863609473813681916e-01
-6.444166350737592364e-01
-1.323069350470913230e+00
-1.051064039079260271e+00
-6.010642339762196640e-01
1.600627368601369449e-01
-1.143938440275068746e+00
-9.921376371857186793e-01
1.712899832575046632e-01
-9.983136751243473217e-01
-1.000882566958097852e+00
-8.120186969346839811e-01
-1.038899125608442997e+00
-1.459745512508600296e+00
-1.000116594892080712e+00
-1.271975724234818195e+00
-1.025829271387486141e+00
-1.042156752765184047e+00
-1.152315236414187316e+00
-9.993892058976392434e-01
-6.511484525194355388e-01
-8.447862575690237019e-01
-1.007248048503358806e+00
-9.816150199094759721e-01
-3.892721265711840406e-02
-2.508869563573791206e-01
-5.923193348532795888e-01
-1.068270425862366535e+00
-1.006308014595078015e+00
-1.402792894728383866e+00
-1.214342008896593050e+00
-1.422806023453498270e+00
6.081193842799653693e-01
-8.481479166707465156e-01
-1.118004158126321590e+00
-1.195552644273354392e+00
-9.942839576361359732e-01
-1.038366458205924658e+00
-1.033976750122375332e+00
-1.173927100298699955e+00
-6.200534865191807965e-01
-7.106589259491061794e-01
-1.195651532195479705e-01
4.460280375817956555e-01
-2.851882275675793332e-01
-1.040318031366229912e+00
-1.034871834790072942e+00
-1.202154903754911075e+00
-8.232311042189498496e-01
-7.547666335379905611e-01
-4.842539792110907015e-01
-1.534339690030523951e+00
-1.244982420002714196e+00
-1.339674675019445482e+00
-1.281616081520469574e+00
-1.133915234730524135e+00
-1.014758954807146063e+00
-4.222712586801438128e-01
-6.995963024472713343e-01
1.164087576985345374e-01
-1.546845902578711796e-01
-6.930676703995675147e-01
-1.164238592442007336e+00
3.452778630607539201e-01
-5.951997981227348244e-01
-1.268188243599048803e+00
-6.440008074419121264e-01
-1.496316143396918985e+00
-8.347519629797534035e-01
-1.247739221001691767e+00
-7.736760937079807388e-01
-9.979022885316007896e-01
-5.758147476841245505e-01
-9.787133534805259050e-01
-1.010951818477938247e+00
-1.286065240873923710e+00
-7.581178986205683312e-01
-1.074043878563708976e+00
-1.116613458267471604e+00
-7.881165481063403533e-01
-1.195283345741620096e+00
-1.250813678722538569e+00
-1.023403182286029445e+00
-1.104152564910404699e+00
-1.881401021808861707e-01
-4.627322207596384906e-02
-1.541439054520546970e-01
-1.234020467949956235e+00
-1.406265616401443985e+00
-1.006484362741747240e+00
-1.198057022640870217e+00
-5.028731605490307510e-01
-9.981720431355320944e-01
-1.266302377027228365e+00
-8.344255103818928321e-01
-1.068026222991058205e+00
-5.383235289255611233e-01
-2.242963367453766343e-01
1.868159680875310924e-01
-1.173979027756664406e+00
-9.644919150914257333e-01
-1.221600617440036896e+00
-7.671082915502095423e-01
-3.005723320934609033e-01
-4.577403333267416885e-01
-6.785714194420063849e-01
-9.939836132420594161e-01
-8.548363765938926662e-01
-1.609675297509894687e+00
-1.578546095508150060e+00
-1.575795582347532697e+00
-1.617546442019883290e+00
-1.285243578943241261e+00
4.418607365736478831e-01
-6.444166350737592364e-01
-1.031868276087556602e+00
-5.242923325707498083e-01
-6.694744831516977746e-01
-1.139177308960579893e+00
-9.986196005086026561e-01
-4.816069804635417784e-01
-1.344918866230140342e+00
-1.213948565454244788e+00
-4.551680696395851156e-01
-6.444166350737592364e-01
-5.101852732097198473e-01
-4.636246372393253434e-01
-1.488500000105013044e+00
-1.455054320489004294e+00
-1.190261618658448706e+00
-1.525694035968158335e+00
-1.493173583235951618e+00
-6.956774550585539396e-01
-1.398403920938624978e+00
-2.194283094536967349e-01
-6.258598359100417952e-01
-3.739053697964338507e-01
-5.564111953583843473e-01
-7.879787528407686814e-01
-7.607773658527623439e-01
-1.589279529672331215e+00
-1.581082023709799333e+00
-1.053188662108525797e+00
-1.413996924723798010e+00
-1.063429227232484120e+00
-1.246468555570222625e-01
-4.803710989291108957e-01
-1.336275172194271832e+00
9.651186392130883807e-02
-1.286862075297614316e+00
-1.173671325276164579e+00
-1.009534990452963132e+00
-1.184146350100528933e+00
-6.418999840028434267e-01
3.252881209377311844e-02
-1.414026219486452352e+00
-1.203580338430565888e+00
-7.204062126421013623e-01
-1.101198077001344755e+00
-1.034167053688666460e+00
-9.966775484575602917e-01
-1.070969372736755298e+00
-1.196164653584502302e+00
-7.552720149680964834e-01
-1.319791046238069310e+00
-7.164145341520045118e-01
-1.100731183081888220e+00
-7.156178577644856098e-01
5.286914288283867114e-01
-1.316555751119663720e+00
-1.008456967789863823e+00
-3.987567725212438630e-01
-1.025185546768453415e+00
-9.926308217789713284e-01
-8.757555622236523618e-01
-6.981826014111159884e-01
-3.718177889821060456e-01
-1.032512915362860939e+00
-1.061040653997659566e+00
-5.746742514376118605e-01
-1.093077826740054936e+00
-1.144483637208279614e+00
-7.237197049908313806e-01
-9.926234774582658460e-01
-9.917521321193143446e-01
-1.022070863612949632e+00
5.867252494455887923e-02
-5.692127884875096688e-01
-4.123087203762655362e-01
-1.182612477869974699e+00
-8.255402293635254463e-01
-1.274230197176579482e+00
-6.086093607435774100e-01
-1.168333701816315129e+00
-1.073003297987089599e+00
-1.013787821949635903e+00
-2.346956358625912342e-01
-1.000207196322490777e+00
-6.658626845181809806e-01
-9.475888199070116036e-01
-5.951114124012300000e-01
-7.398070301176974395e-01
-1.010873396729720985e+00
-8.245558935301928738e-01
-1.332150174091027983e-01
-9.552863717218917916e-02
9.018443446391499752e-02
-8.490734080919680737e-01
-9.825122723756991583e-01
-2.234192533435581662e-01
-7.500603235417466763e-01
-1.002080142363616533e+00
-9.320668258477754486e-01
-9.201860615384213071e-01
-1.289032748099543824e+00
-1.204762008666088846e+00
-9.974684272650852224e-01
-1.008541705192279592e+00
-1.161034988399298307e+00
-1.214645597836365720e+00
-1.151658546576547648e+00
-5.783133135693886429e-01
-1.541718533437381522e+00
-9.201004023685954714e-01
-1.231438240736974832e+00
-9.094199868944172760e-01
-6.522241016653422818e-01
-6.976535747492673689e-01
-7.985748374660111004e-01
-6.910596667296153850e-01
-6.444166350737592364e-01
-6.444166350737592364e-01
-1.338730166164451951e+00
-9.933506543580790105e-01
-4.765425425858215158e-01
-9.982922438679947552e-01
-1.000697779982922864e+00
-5.559281917388971817e-01
-1.282819698066873126e+00
-1.035525393922127169e+00
-1.276347123758362567e+00
-1.124001445937651056e+00
-1.034386509892989192e+00
-3.040309601649282545e-01
-1.128138697430036697e+00
-1.191228764170888965e+00
-1.000502768126363629e+00
-1.348616193948647624e+00
-1.255140974912864360e+00
-9.916856329435026485e-01
-6.646868461351460589e-01
-1.173172908998020958e+00
-6.444166350737592364e-01
-1.085261797351054769e+00
-1.272568523632361615e+00
-6.444166350737592364e-01
-1.229160734937467581e+00
-1.136689427742309633e+00
-1.241002564022031240e+00
1.563145748697308823e-01
-1.006871816744062897e+00
-1.044781336856794418e+00
-9.976347754945469326e-01
-4.485861641012178769e-02
-9.567585881646061274e-01
-1.009736199110371269e+00
-1.444664185596153505e+00
-9.378759872183666246e-01
-1.016869511704861395e+00
-1.284256784224472314e+00
-1.502491674759948381e+00
-1.359838200933334962e+00
-2.983669947972747982e-01
-7.655048857775645921e-01
-1.001781133386042466e+00
-3.314057834092393184e-01
-1.018033914101996507e+00
-1.022870908139240864e+00
-1.362473281686236160e+00
-1.123843135164104057e+00
-3.038667639461328784e-01
-1.134854145812242976e+00
-1.012393773704129973e+00
-2.875962989842072437e-01
-1.524831558649182739e+00
-4.338159919050103008e-01
-1.238852314794333331e+00
-1.023085414752192168e+00
-1.342185902704555511e+00
-1.151016392070894678e+00
8.526346037586595150e-01
-8.734289016492726709e-01
-8.365305668446449960e-01
-1.156758689228462478e+00
-9.820205425821789680e-01
-1.288377432227183039e+00
-4.589623318891915549e-01
-2.374628051854217325e-01
-8.686363288046389242e-01
-8.464921110291563355e-01
-7.918686896041118306e-01
-7.563065590106096137e-01
-8.585191334131981877e-01
-6.444166350737592364e-01
-1.020848101590376089e+00
-8.460904052939606235e-01
-1.307525893367051051e+00
-6.930846507684053082e-01
-1.143545006562743271e+00
-1.111236161496186314e+00
-1.112696428881611910e+00
-4.647180385449184437e-01
-9.981081956723408810e-01
-1.088289083116174449e+00
-9.927921333782964153e-01
-9.605436627922558923e-01
-1.709224668523287027e-01
-1.153524677280832744e+00
-1.000177570270079697e+00
-4.609651158404449722e-01
-1.585436245703565117e+00
-6.102425125878732093e-01
-1.440107660563182401e-01
-1.419104743870380769e+00
-1.338549009337742568e+00
-5.323248945833811696e-01
-1.222796876373535291e+00
-1.148369231081888264e+00
-1.253730971195368138e+00
-1.080884238530847252e+00
-8.959745178182958458e-01
-8.032744529987980719e-01
-1.269281784063570395e+00
-9.638876857935044784e-01
-1.065417377005163369e+00
-8.406938848391128927e-01
-1.402196627959497288e+00
-1.242376353529187405e+00
-1.328700776296401598e+00
-1.164087255596538251e+00
-1.026952896358652945e+00
-1.226645964037575087e+00
-1.078650326757896405e+00
-3.736152631739906305e-01
-1.000224346925657315e+00
-5.441616581571162570e-01
4.930822805986342372e-01
-6.444166350737592364e-01
-8.429784016098986754e-01
-1.211827627748901515e+00
3.487103976202706734e-01
-1.138446450129987575e+00
-9.784857660546877334e-01
-1.062843919105616264e+00
-1.419195445802889921e+00
-1.205302936709525596e+00
-5.016497073193115774e-01
-1.096452855760988720e+00
-1.250316219184658184e+00
-1.045706375066900451e-01
-1.330891794462805588e+00
-1.235174004534238978e+00
-1.051955724844062967e+00
-1.683040842955407790e-01
-1.202995521050076233e+00
-5.081188462159093033e-01
-1.314000056000217853e+00
-5.280932930894428612e-01
-1.015905683925214520e+00
-1.218352436939282191e+00
-8.632380668133284862e-01
-1.126145737647321621e+00
-6.688318149123531065e-01
-7.775866010765735137e-01
-1.190967962677650149e+00
-1.441516021669903669e+00
-5.066153610827877074e-01
-2.090509561870003141e-01
-1.130755982053860187e+00
-6.869570691998571066e-01
-1.297279467256969188e+00
-8.942154104539478121e-01
-1.487474059078568001e+00
-1.135703102609041837e+00
-8.743555841150865149e-01
-9.560774585988267571e-01
-1.152191120233208022e+00
-1.054279961292523771e+00
-1.058151771701430821e+00
-6.624339943199023528e-01
-1.459459074744174911e+00
-9.882651874869265995e-01
7.591355842743717774e-01
-9.673012047100142397e-01
-1.192350581389383546e+00
-1.584786811244941251e+00
-1.002613234073792992e+00
-1.280411317121755488e+00
-1.337650004389608460e+00
-6.972855757628648732e-01
-9.982427609577910754e-01
-1.238883130429936585e+00
-9.398616823217866845e-01
-8.171566718283880260e-01
-1.068132495380021085e+00
-1.000387242696440859e+00
-1.000275202206762915e+00
-1.007965742560588351e+00
-1.000306984806582422e+00
-1.000399926540913143e+00
-1.342955260880524193e+00
-7.639071198206429658e-01
-1.296041827755979536e+00
-5.530685178189795881e-01
-1.159093855151517971e+00
-6.120526281541901481e-01
-5.292401388444022414e-01
-1.023004493700820694e+00
-1.121613500859782731e+00
-8.605877854856572862e-01
-1.141731549332347440e+00
-9.985137412749139907e-01
-9.984398118759026941e-01
-1.037465381318049218e+00
-1.166017005866455625e+00
3.465260753379580949e-01
-3.520966008591827068e-01
-1.058684840210944333e+00
-9.533712111427281588e-01
-1.024582703344343537e+00
-1.259462856096362326e+00
-6.444166350737592364e-01
-3.577230179850640068e-01
-1.029851248534195962e+00
-1.073412440976503346e+00
-1.166026504256623131e+00
-1.005608338993493778e+00
-1.375726087577944678e+00
-9.443549278321359264e-01
-1.181185107927554157e+00
-8.955301503503588778e-01
-1.298455078125917428e+00
-1.225126325155166729e+00
-1.020919091155773950e+00
-1.606462968328788765e+00
-9.926417667766743724e-01
-2.079532516704408751e-01
-1.000328599966205267e+00
2.367366358482104749e-01
-1.341391221630561015e+00
-1.315407565873707663e+00
-7.670600971414796021e-01
-1.441185813376919755e+00
4.375488233763202839e-02
-5.263125544563742597e-01
-8.879051193974517586e-01
-1.431262950137651480e+00
-1.452551148643629775e+00
-1.431474911064370081e+00
-9.832622920863919314e-01
-6.535386670319144331e-01
-6.444166350737592364e-01
-6.444166350737592364e-01
-9.209071575222274042e-01
-4.684800961588841961e-01
1.717992682713741504e-01
-1.451013627465605360e+00
-1.391668904415720442e+00
-1.374787909093599492e+00
-1.061187116207331194e+00
-1.251902711180579164e+00
-1.332184880258117099e+00
-6.444166350737592364e-01
-1.000590444765216303e+00
-9.973461800701877156e-01
1.893153369536991759e-01
-9.994640345629811629e-01
-6.444166350737592364e-01
9.122620252681190589e-02
-9.628652572096850770e-01
-1.065389867727774664e+00
-4.271286134846338234e-01
-1.013732379557239494e+00
-1.359473075938200992e+00
-1.054911908886335681e-02
-4.008730275893471751e-01
-9.073410041072199617e-01
5.329255507460425312e-01
-8.749325221466810465e-01
-5.721143729762692143e-01
-1.003935458311558504e+00
-1.131528535396247648e+00
-2.390401544442423143e-01
-6.898963963111193198e-01
-8.921575241026596936e-01
-1.301806979958430421e+00
-1.066911356898015084e+00
-8.700053320178895433e-01
-1.292365821354244382e+00
