-1.598608439017962235e+00
-6.010226475894210330e-01
-6.010226475894210330e-01
-1.698592562631471514e+00
-1.698592562631471514e+00
-8.983668321721886008e-01
-3.771654482106476802e-01
-2.921351324220429202e-01
-4.891102225347412347e-01
-4.309030730586549396e-01
-4.309030730586549396e-01
-4.309030730586549396e-01
-4.309030730586549396e-01
-5.174693702145525265e-01
-1.602959145460345791e+00
-1.602959145460345791e+00
-1.641996076637293411e+00
-3.331642316162697348e-02
-4.982684373204668837e-01
-1.613616878036892244e+00
-4.834560376527579084e-01
4.130023682916610372e-01
-1.076058216591955219e+00
-1.197014020755688968e-01
-1.465067521049232324e+00
-1.648229952494370654e+00
-1.330537717136034859e+00
-1.330537717136034859e+00
3.591421030131178860e-01
-9.319229298107283288e-01
-6.206269325677976623e-01
-6.850593419252658522e-01
4.579304511086730312e-01
-1.391239325416422368e-01
-1.391239325416422368e-01
-1.391239325416422368e-01
-1.391239325416422368e-01
-1.620027848592198616e+00
-1.598425633546569191e+00
-9.693405236291235960e-01
-7.032775523572912801e-01
-1.349013533226261385e+00
-1.598343196658440046e+00
2.872467000102831847e-01
-3.448775151202261302e-01
-1.422554749744076030e+00
-6.157562419353102001e-01
6.448412082882537533e-02
-1.529697426897796309e+00
-1.598777553023331022e+00
-1.348137557968874578e+00
-1.486415067538953805e+00
-3.277772988532166032e-01
-3.277772988532166032e-01
-1.051548850942640945e+00
-1.542615121979185711e+00
-3.277772988532166032e-01
-3.277772988532166032e-01
-3.277772988532166032e-01
-3.277772988532166032e-01
-3.277772988532166032e-01
-3.277772988532166032e-01
-3.277772988532166032e-01
-3.277772988532166032e-01
-3.277772988532166032e-01
-3.277772988532166032e-01
-3.277772988532166032e-01
-1.599244235263022285e+00
-1.598586016817075128e+00
-1.267468806618323951e+00
-1.507144587438742800e+00
-1.507144587438742800e+00
-1.598343196658440046e+00
-1.598343196658440046e+00
-1.760952697103334241e+00
-4.845545149598702306e-01
-1.585981567540341031e+00
-1.614297413025094441e+00
-8.160343456044588661e-01
-1.598598309423797881e+00
-1.598598309423797881e+00
-1.598598309423797881e+00
-8.585542900699042468e-01
-8.586189075857103559e-01
2.427516013810346873e-01
-1.643066893320264787e+00
-8.594330465621260462e-01
-6.883949292353036542e-01
-1.413381338227233996e+00
-2.841441683503513893e-01
-1.347535777489622610e+00
-5.878850577444407755e-01
-1.574166007530624078e+00
-1.574166007530624078e+00
-1.217518674198667661e+00
-1.629957037180715052e+00
-1.629957037180715052e+00
-1.629957037180715052e+00
-1.629957037180715052e+00
-1.595299282275327801e+00
-1.619889227539605292e+00
-1.360376097364111025e-01
-4.145802020686588651e-01
-3.277772988532166032e-01
-3.277772988532166032e-01
2.424259210658046282e-01
-3.277772988532166032e-01
-5.951721318578238051e-01
-5.951721318578238051e-01
-1.277501146069421889e-01
-1.277501146069421889e-01
-3.277772988532166032e-01
-3.809259904347375159e-01
-3.809259904347375159e-01
-1.578042844834011360e+00
-1.375727924475729225e+00
-1.598606787228323611e+00
-1.642675265332864454e+00
-1.642675265332864454e+00
-1.642675265332864454e+00
-1.642675265332864454e+00
-1.560984702543531499e+00
-1.571151032287749327e+00
-1.612267576306747774e+00
-1.075499616894317612e+00
-1.075499616894317612e+00
-1.474361650514454558e+00
-1.585346571000160631e+00
-1.197127102238190632e+00
-1.197127102238190632e+00
-1.556526414852516416e+00
-1.556526414852516416e+00
-1.556526414852516416e+00
-1.593100156063066652e+00
-1.538003571521068036e+00
-9.693044935717078925e-01
-9.693044935717078925e-01
-9.693044935717078925e-01
-1.623669483051263907e+00
-1.845169616783164379e+00
-1.845169616783164379e+00
-1.553344586250508419e+00
-1.347879097450449093e+00
-1.034731682467227909e+00
-1.598610992098516093e+00
-1.598610992098516093e+00
-1.598610992098516093e+00
-1.598610992098516093e+00
-1.601238222849115767e+00
-1.601238222849115767e+00
-1.601238222849115767e+00
-1.774622535968574999e+00
4.862925272985603176e-01
-9.008514064174796276e-01
-1.590178245325688078e+00
-1.629203761843902365e+00
-1.570300068169371066e+00
-1.623714238533890519e+00
-1.602959145460345791e+00
-1.358293180024347180e+00
-1.358293180024347180e+00
-6.229945376501102583e-01
-1.476052262676368798e+00
-1.691221152789615045e+00
-1.189062039897621714e+00
-1.444703418298205921e+00
-1.526009263709139141e+00
-9.204866666735710412e-01
-8.569204156611220924e-02
-8.569204156611220924e-02
-1.180649631611845107e+00
-2.360727242625568767e+00
-2.360727242625568767e+00
-9.999286681108112695e-01
-3.890005237356732870e-01
-1.598652713139920856e+00
-1.143512103196329788e+00
1.006540444010025181e+00
1.006540444010025181e+00
-3.986502155202675812e-01
2.242361152159890736e-01
-1.276747230973932501e+00
-1.554693318930361778e+00
-1.598343196658440046e+00
-7.599815677037944361e-01
-1.227804809052939206e+00
-2.512312379542041008e-01
-1.423509317616873826e+00
-3.926686098647824696e-01
-2.681993272014118190e-01
-1.265761956832035739e+00
-1.592460432917865987e+00
-1.614026889325342662e+00
-5.246277269992964953e-01
-5.246277269992964953e-01
-1.556682629000857077e+00
-9.410754228089558415e-01
-1.598343196658440046e+00
-3.277772988532166032e-01
3.427689103650610747e-02
-9.744606873625438759e-01
-9.044180343099093022e-01
-9.019054139271001080e-01
4.039324425653467721e-02
-2.853821823511748512e-01
-5.337792060312640530e-02
-5.749505659817470971e-01
-1.612267576306747774e+00
-1.462862977565915656e+00
-1.570089695969899779e+00
-3.261959050226548307e-02
-1.252839246479975133e+00
-1.252839246479975133e+00
-2.042755360491680161e+00
-1.240240186575137127e+00
-9.887000308511639801e-03
-1.250023501775124224e+00
-3.606007260690531346e-01
-7.469106719617831791e-01
-3.277772988532166032e-01
-8.302699755448214036e-01
1.882049938581531467e-01
-9.426044699300099028e-01
-3.277772988532166032e-01
-1.598610992098516093e+00
-1.854644771648828350e+00
-4.372361419829717821e-01
-4.372361419829717821e-01
-1.591728102538406908e+00
-9.258848795352491168e-01
-1.019598184904327631e+00
-7.389113424458531032e-01
-1.250253814332292546e+00
-2.277116657982500403e+00
-5.435517254251043262e-01
-3.277772988532166032e-01
-9.112352465487498776e-01
-3.277772988532166032e-01
-3.277772988532166032e-01
-1.828976373661979071e+00
-1.602384611317452690e+00
-1.602384611317452690e+00
-1.602384611317452690e+00
-1.598751671221634529e+00
-3.277772988532166032e-01
-1.598751671221634529e+00
-3.277772988532166032e-01
-3.277772988532166032e-01
-3.277772988532166032e-01
-3.277772988532166032e-01
-3.277772988532166032e-01
-3.277772988532166032e-01
-1.254594527326299058e+00
-3.277772988532166032e-01
-1.622754671712592245e+00
-8.791299306479221087e-01
-1.026319947775686137e+00
-3.210196752699134848e-01
4.684660735373087359e-01
-1.598788031109387608e+00
4.671678888708186150e-02
-9.585106604015874998e-01
-1.917074887253371607e-01
-1.315865036720200942e+00
-1.465619848866384300e+00
-3.090987730234644459e-01
-3.090987730234644459e-01
-1.479710362637862042e+00
-3.277772988532166032e-01
-1.059155998863563486e+00
-1.394298171603828962e+00
-1.590503427054187346e+00
-1.172054977140218224e+00
-9.140120709581053271e-01
-8.546791754145266484e-01
-8.584565910176494841e-01
-1.641480871287485099e+00
-3.277772988532166032e-01
-1.482433083229329984e+00
-1.348054051127939523e+00
-1.425833341355904782e+00
-3.277772988532166032e-01
3.480216453257001241e-02
-1.364982440911282069e+00
-6.698017887774279089e-01
-1.178451884826098972e+00
-4.917477902449562954e-01
-4.962432047791025536e-01
-1.037057858554927270e+00
-1.103961882064349531e+00
-9.586248056754098634e-02
-8.945176941325642117e-01
-1.631490054685748037e+00
-3.277772988532166032e-01
-5.167339600906741826e-01
-1.596867263536420722e+00
-9.958215097317842934e-01
-2.727736627697585625e-02
-1.353795427502751503e+00
-1.567742491684486650e+00
-4.968908506138542958e-01
-4.968908506138542958e-01
-1.237546693990674074e+00
-1.237546693990674074e+00
-1.569963288555789038e+00
-1.585221058216294221e+00
-1.585221058216294221e+00
-1.585221058216294221e+00
-1.225791355284785000e+00
-1.435021017611548988e+00
-3.277772988532166032e-01
-1.894282179772728281e-01
-1.767230317212887147e+00
-1.598425633546569191e+00
-5.246880780744136441e-01
-1.990942206965116146e-01
-5.484631396381327573e-01
-1.151220575905181231e+00
-6.224927794986769847e-01
-1.402376581663014932e+00
-1.402376581663014932e+00
-1.402376581663014932e+00
6.753215008220125881e-03
-1.014154087409104843e-01
-3.277772988532166032e-01
-1.036874287143286999e+00
-1.986414979355810573e-02
-1.787838401128036825e-01
-1.673275658739996841e+00
-1.646088347838800425e+00
-1.289095008568257983e+00
-1.070298259006622787e+00
-1.573607238489978633e+00
-5.838738320620140421e-01
-1.062868132209614735e+00
-9.523831350933509299e-01
1.254395505062930738e-01
-1.047095417336587175e+00
-6.864755524777670370e-01
-8.818637238920205013e-01
-5.640653616551851712e-01
-5.640653616551851712e-01
-5.640653616551851712e-01
1.287906243566350195e-01
1.764993158325327549e-01
-9.333967210164737516e-01
-7.772229634455403158e-01
-7.556229297939975886e-02
-9.470762959492767807e-01
3.140989251837134066e-01
3.140989251837134066e-01
3.140989251837134066e-01
3.140989251837134066e-01
-1.669166805013683419e+00
-1.669166805013683419e+00
-8.032137551159087563e-01
-1.073120015904931002e+00
-1.598678528223146822e+00
-1.598777553023331022e+00
-8.811962176506153988e-01
-3.277772988532166032e-01
1.818243416323070960e-01
-6.258565887284650575e-01
-5.674435664605332885e-01
1.692731597403152044e-02
-7.432363494400846538e-01
-1.356811923735649517e+00
-1.492409882772370189e+00
-1.599095005747977360e+00
-1.598968362979694469e+00
1.896164015066328368e-01
-1.186010059720154386e+00
-7.099981348622017574e-01
-1.380601171046712095e+00
-2.007639629887800758e-01
-8.339443195872471293e-01
-1.129843668695805325e+00
-3.277772988532166032e-01
3.683937193677122579e-02
-1.679627539560358152e+00
-1.574352241627824833e+00
3.861142617974111513e-01
-8.118769015615080464e-01
-3.277772988532166032e-01
-7.742260832363282441e-01
-5.216164996420828981e-01
-1.209400485693487237e+00
-1.344490469896177043e+00
-8.798540783726307435e-01
-1.540537596002975906e+00
-4.675782881581258543e-01
-1.961728150828919048e+00
2.158942806966157590e-03
-6.903870667309210951e-01
-7.646387250352211229e-01
-7.646387250352211229e-01
-1.068760685753491035e+00
-7.553416960143911618e-01
-1.585162877175124496e+00
-1.598596623849099840e+00
-1.458429549043608553e+00
2.850759341651900591e-01
-1.891518114214579160e+00
-9.174493223076956028e-01
-7.984284573047808475e-01
-1.298368356892238618e+00
-1.298368356892238618e+00
-1.487796007009381194e+00
-9.830995496233523312e-01
-9.421779054223559102e-01
-3.077491175114288602e-01
-8.302249147119069583e-01
-1.278026043194469885e+00
-1.596910299214604034e+00
-1.725573866181940641e+00
-5.947143673917885121e-01
-4.322862821420674351e-01
-1.449342911135802048e+00
-1.598343196658440046e+00
-3.756623354175450125e-01
-1.390643141285439865e+00
-1.390643141285439865e+00
2.913764900535609215e-01
-1.607666054544053980e+00
-1.598788031109387608e+00
-1.588561934964477729e+00
-1.447936245662895915e+00
-1.212460488905746647e+00
-1.542034562506967577e+00
-4.532715583894220135e-01
-4.532715583894220135e-01
-1.715494626349689522e-01
-1.088034414848498166e+00
-1.088034414848498166e+00
-1.088034414848498166e+00
-1.468286718091530885e+00
-1.381994300451561575e+00
-9.999286681108112695e-01
-9.999286681108112695e-01
-9.999286681108112695e-01
-5.600260489064463609e-01
-6.533654556975347916e-01
-8.140015777883504722e-01
-1.352074769460734016e+00
-1.717692619985659475e+00
-1.717692619985659475e+00
-3.477502731060793106e-01
-3.478965097900665882e-02
-3.478965097900665882e-02
-7.258550125895710803e-01
-1.349567933054708346e+00
-1.202288037466814563e+00
-1.851606805416370349e-01
-1.851606805416370349e-01
-3.277772988532166032e-01
-9.768845520735713883e-01
-1.220825364066135510e+00
-1.598652713139920856e+00
-1.622393416005377231e+00
-1.622393416005377231e+00
-1.622393416005377231e+00
-1.519052915705360274e+00
-1.633521701819244054e+00
-1.598531633460385626e+00
1.705643569107651025e-02
1.705643569107651025e-02
-1.338077278906709688e+00
-1.553388910070640616e+00
-1.553388910070640616e+00
-1.508693107347939932e+00
-1.648238393075556640e+00
-1.673106265565233119e+00
-9.616176779397047625e-01
-1.042793132277128443e+00
-1.010937421409347392e+00
-8.864944421860925239e-01
-8.807379698101581722e-01
-8.441615084643405709e-02
-1.972833338403570114e+00
-1.410947963133346139e+00
3.157189977697043570e-01
-1.598645181954552630e+00
-3.277772988532166032e-01
-1.808654136751880470e+00
-4.494908166947315653e-01
-2.301059806740807900e+00
-6.574051145134626184e-01
-1.449214377977774193e+00
-1.598591256214120015e+00
-1.665339595724008692e+00
-8.842603135645717982e-01
-1.567125465009638230e+00
-9.190496815946918030e-01
-1.918378971119627519e-01
-1.601107011411117886e+00
-1.601107011411117886e+00
-2.183661972079998570e+00
-9.999286681108112695e-01
-1.533455263291868542e+00
-1.533455263291868542e+00
-1.333826938866606415e+00
-1.190487785335671234e+00
-1.866655616756082603e+00
-1.866655616756082603e+00
-1.866655616756082603e+00
-1.598585373752886341e+00
-6.484312910708759370e-01
-1.598343196658440046e+00
-6.584632800027153676e-01
-6.584632800027153676e-01
-8.206365593679367798e-01
-8.206365593679367798e-01
-1.495876775071457665e+00
-3.621321793434633118e-01
-1.771296189132334442e+00
-1.557401279546003714e+00
-1.598343196658440046e+00
-3.277772988532166032e-01
-1.598343196658440046e+00
-1.134290289321536083e+00
3.120678951581252747e-01
3.208995798011440304e-01
-1.598788031109387608e+00
-1.424608554478362876e+00
-3.277772988532166032e-01
-1.424608554478362876e+00
-3.277772988532166032e-01
-3.277772988532166032e-01
-1.165348950501312375e+00
-3.152483424356400388e-01
-1.598343196658440046e+00
-7.337484747649973826e-01
-6.401985062397247406e-01
-1.598597612985448446e+00
-8.338846341248249416e-01
5.354613492222422000e-01
-6.112403238561494589e-01
-3.277772988532166032e-01
-1.627233881914428304e+00
-1.591221438030777868e+00
-1.598696283675280716e+00
-3.418836436988570426e-01
-9.189164577760899899e-01
-3.277772988532166032e-01
-1.043802224196092920e+00
-3.776685938560719880e-01
-3.277772988532166032e-01
-1.629255442975213963e+00
-1.845925552391370905e+00
-1.451649896552896779e+00
1.620936223520261787e-01
-1.113352655499511901e+00
-3.277772988532166032e-01
-1.624376947758074063e+00
-1.686491527695337833e+00
-1.789069558356753298e+00
-5.212494489998198421e-01
-7.829402589511248456e-01
-6.430166835548053461e-01
-1.424625471846108660e+00
-8.005313509058176180e-02
-1.460006867368901506e-01
-9.726511543625918632e-01
-1.433146241027698498e+00
-1.044569006270974931e+00
-1.261875839520772091e+00
-5.365440501594040956e-01
-7.351957451509416597e-01
-7.865908274824248148e-01
-1.452494721588905247e+00
-3.858001465998073254e-01
5.126118460224760032e-01
-1.600540663128920293e+00
-1.143919550902660731e+00
-1.598599002737257857e+00
-1.247279139463353115e+00
-3.095769111149782038e-01
-3.277772988532166032e-01
5.651311464066817170e-01
-1.588116376468914792e+00
3.462239748393358685e-01
-1.598139090244112159e+00
-3.277772988532166032e-01
-2.633314181777364205e-01
-2.927034555741434563e-01
-3.277772988532166032e-01
-1.401236952993554219e-01
-1.598343196658440046e+00
-1.724288246287393633e+00
-7.604640749566365931e-01
-3.277772988532166032e-01
-7.604640749566365931e-01
-1.548777146257926951e-01
-1.612905317585936471e+00
-1.612905317585936471e+00
-4.391586368680253649e-01
-3.744105285380767700e-01
-1.067921959183582015e+00
-1.506603461445162884e+00
-9.037477283469641520e-01
-1.181033146347461926e+00
-5.760868102134768520e-01
-1.158342647817694360e+00
-1.266059209634343929e+00
-1.391613413762427642e+00
1.395329535839677781e-01
-8.308105164404573362e-01
-9.601074791025506761e-01
-7.668101720842286362e-01
-1.598777553023331022e+00
-1.593673714542297226e+00
-1.181139956239380062e+00
-1.181139956239380062e+00
-6.922959351928172911e-01
-6.799603213268017310e-01
-2.549728758139842011e-01
-1.498286259797674047e+00
-1.639650041389447699e+00
-1.224254551334888363e+00
-1.518738345584888627e+00
-1.229152022160902913e+00
-1.708456053176715450e+00
-5.293806553960458405e-01
-9.229693845746492764e-01
-6.207922749234960902e-01
-1.458494431921965706e+00
3.861868345466674679e-01
-1.483598903915483547e+00
-1.072524836302468643e-02
-2.631960189319355603e-01
-9.043034896697944580e-01
-1.328339386040616521e+00
-7.972884077211306320e-01
-1.404857051671522195e+00
-1.302464300953375620e+00
-1.401109251081642304e+00
-3.865775853100228421e-01
-1.608845191920857731e+00
-1.496288311697768991e+00
3.498060472997772674e-01
3.498060472997772674e-01
3.498060472997772674e-01
-6.553625848157103029e-01
-6.553625848157103029e-01
4.826329504411093207e-01
1.522384059002086509e-01
-1.580686755730323467e+00
4.728475677937253874e-01
7.059761716454395764e-01
-1.592444618696675640e+00
-1.658858484759525798e+00
-4.388286854290726069e-01
-1.598652713139920856e+00
-1.283055716502595534e+00
-1.024367277144668353e+00
-1.598788031109387608e+00
-1.500000910687429911e+00
-1.302752381950682325e+00
-1.612677411771983538e+00
-1.591088991266550012e+00
-1.240228512015074225e+00
-2.785818447231165340e-01
-1.232644982254638366e+00
-1.437632263026116242e-01
-1.355712869179957814e+00
-1.355712869179957814e+00
-1.355712869179957814e+00
-1.598588487631774191e+00
-1.564176688326749387e+00
-6.428145012708836870e-01
-9.757186666546889819e-01
-5.857492115270248600e-01
-1.165138041290634252e+00
-1.598343196658440046e+00
-1.587013482381396390e+00
-1.339054278069028880e+00
-1.509392436560671236e+00
-1.237218200346752450e+00
-1.440900214670132629e+00
-2.836683256607428483e-01
-1.384538981211158593e-01
-1.594263907425054860e+00
-9.999286681108112695e-01
-2.036726064738891839e-01
-7.138640889645938570e-01
-1.475794088957684602e+00
-1.252725993082998812e+00
-1.598139035586202628e+00
-1.550444551212560196e+00
-3.277772988532166032e-01
-1.598343196658440046e+00
-1.922176633203279028e+00
-1.598531633460385626e+00
-6.031357960234193794e-01
-3.972800471805892908e-01
-9.855376082566171814e-01
-9.554374835162504631e-02
3.304946956647585310e-01
-3.542961230573344888e-01
-3.542961230573344888e-01
-8.910397969608453428e-01
-1.964976781538274597e-01
-1.964976781538274597e-01
-1.050589568112215932e+00
-1.050589568112215932e+00
-8.284720106654683836e-01
-1.473446103769664672e+00
-1.194922728143565038e+00
-6.071821220855876389e-01
-8.502561668600152611e-01
3.796112615114277666e-02
-1.034263619654637090e+00
-6.365052675013728178e-01
3.769132505825165680e-01
-3.298399859441920601e-01
-3.298399859441920601e-01
1.037377699667163533e-02
-3.277772988532166032e-01
1.037377699667163533e-02
1.037377699667163533e-02
1.037377699667163533e-02
1.037377699667163533e-02
-1.598585104258272160e+00
1.722032539745119717e-01
-4.745138350874051891e-01
-4.745138350874051891e-01
-4.745138350874051891e-01
-1.481476137254626568e+00
4.060555045552602937e-01
-9.255732577290427532e-01
-1.659560860335442145e+00
-1.204221781761972476e+00
-1.405641327509286720e+00
-1.131048444443950363e+00
-8.611954368652733338e-01
-1.356762854438962496e+00
-1.616825238095689565e+00
-1.189924133071444956e-01
-3.277772988532166032e-01
-1.882144311157178951e-01
-1.882144311157178951e-01
-1.769341512079597889e+00
-6.645186378852419029e-01
-6.645186378852419029e-01
-9.726271458144367665e-01
-9.726271458144367665e-01
-1.614069685405123522e+00
-1.060272491005574302e+00
-1.294148145719167919e+00
7.646453050769164150e-04
-9.589696405364609433e-01
-9.589696405364609433e-01
-1.011330901123324688e+00
-7.223953742942009759e-01
-1.612905087963380169e+00
-6.110152280313189133e-01
-6.110152280313189133e-01
-1.598591498694401203e+00
-1.505043578382795566e+00
-1.673075269742074100e+00
-7.873502167133497043e-01
-7.370909752883275656e-01
-1.471104577434946936e+00
-3.277772988532166032e-01
-3.277772988532166032e-01
-3.277772988532166032e-01
-1.137289052838370562e+00
-1.137289052838370562e+00
-1.266924485192557404e+00
-1.266924485192557404e+00
-1.119554361948257082e+00
-5.321314753652981455e-01
2.533743716046827910e-01
-1.621657755796635403e+00
-7.000899850405234437e-01
2.796836649466027946e-01
5.491010927376114292e-01
-3.203087222436211690e-01
-1.588015079038519017e+00
-1.819669596983062965e+00
-3.277772988532166032e-01
-1.299673234875888816e+00
-1.374865477456286511e+00
-1.979881128758629316e-01
-1.258570768183313149e+00
-1.047232331037244446e-01
3.992946126423644326e-01
1.841274870320832591e-01
7.512493667318009827e-02
-3.103823205647417982e-01
1.879136266948588929e-01
-1.473124108246124608e+00
-1.598343196658440046e+00
7.538674749067486580e-02
-3.414323202236548838e-01
-5.455546820469283631e-01
3.849626242247548014e-01
-1.598591619049418933e+00
-1.410347974489747358e+00
-1.015415406736904114e+00
-1.175568201042495042e+00
-1.598343196658440046e+00
-1.598945940978588443e+00
-1.598945940978588443e+00
-3.277772988532166032e-01
-1.598945940978588443e+00
-5.077004687029615937e-01
-3.277772988532166032e-01
-5.988462982018667446e-01
-8.988120974492370685e-01
-7.666927892658245147e-01
-1.102049313811916731e+00
-8.756755270285931925e-01
-1.526941071998229260e+00
-1.585261349772279837e+00
-1.393011744619876868e+00
-8.967895208336382762e-01
-8.906689143017612054e-01
-1.238086783530572887e+00
-1.126990686306867495e+00
-3.277772988532166032e-01
-1.587210976630272441e+00
-6.288423513593814906e-01
-6.720327492787318002e-01
-2.000533048927064517e-01
-1.579263587703608973e+00
-2.563915476233802337e-03
-1.555312599001541729e+00
-7.974571632556545220e-01
-1.160004185103645780e+00
-2.727428515197627412e-01
-1.517689151590712493e+00
-9.373424883127213780e-01
1.294918156241988694e-01
-3.277772988532166032e-01
-4.373690616974772460e-01
9.121201547592128200e-02
-5.407652217353176027e-03
8.767928237257760493e-02
1.974872729712193742e-01
-1.488892885842732605e+00
-1.323805927866498644e+00
-1.540339847718535271e+00
-1.598652713139920856e+00
-1.598652713139920856e+00
-2.267871145394028787e+00
-1.594313148660262636e+00
-1.594313148660262636e+00
-1.275933154926526703e+00
-5.338003328893083932e-01
4.058122794563476798e-01
-5.544874822955110361e-01
-1.061127030234811475e+00
3.183015993757101203e-01
1.214769978804799422e-01
-1.518840976594087344e+00
-5.836247473516043005e-01
-1.839561744900606310e-01
5.870065204770889000e-01
6.238643837117023860e-01
-5.425907159794720602e-01
-1.455232822663189429e+00
-3.277772988532166032e-01
-1.346590858172023619e+00
-2.569186160673795349e-01
-1.441020330507844616e+00
2.537179222690502112e-01
-7.495137540287787337e-01
-6.502731583365766177e-01
-1.592038869832973269e+00
-9.538890128327359719e-01
-1.526621173410033450e+00
-2.723860786494016750e-01
-2.723860786494016750e-01
-2.723860786494016750e-01
-2.723860786494016750e-01
-2.723860786494016750e-01
-1.545889523598639403e+00
-1.598652713139920856e+00
-1.470301504365808087e+00
-9.405509011454299406e-01
-1.277779281810997869e-01
1.053792853421664510e-02
-1.029747709298165503e-01
-9.361801955768189742e-01
-1.598696283675280716e+00
-6.981456416548468269e-01
-6.981456416548468269e-01
-9.568630012128811479e-01
-3.277772988532166032e-01
-1.598270304588753188e+00
-3.277772988532166032e-01
-9.698502626987639541e-01
-3.629818742980353008e-01
-1.598645181954552630e+00
-6.322557912134207925e-02
-3.277772988532166032e-01
-3.277772988532166032e-01
-3.277772988532166032e-01
2.062165205466914841e-01
-9.096990068227787107e-01
3.152002119004335690e-01
-3.277772988532166032e-01
5.334293879605112032e-02
-3.277772988532166032e-01
2.134903819152715876e-01
-5.359726058317486608e-01
3.133193047935185493e-01
3.133193047935185493e-01
3.133193047935185493e-01
-6.384767858083184588e-01
5.658498672269438590e-01
3.852302140606229663e-01
-1.598565988524043968e+00
-1.103642478072826005e+00
-1.103642478072826005e+00
-1.445618255126654317e+00
-1.555580109460572791e+00
-8.563058430092845841e-01
3.263415499825426114e-01
-8.508134188795543063e-01
4.183006749611839492e-01
4.529164794672173588e-01
-3.277772988532166032e-01
-1.213520944735626994e+00
8.584599880345744616e-02
-3.289957976267301465e-01
-1.398414762312815807e+00
-1.398414762312815807e+00
-1.607802140286230141e+00
-1.607802140286230141e+00
-1.261231985575921977e+00
-5.324425520549198598e-01
-6.620730301031740872e-01
-1.955842011909585398e-01
-6.210006820353681789e-01
-7.643936983905624816e-01
-6.085752799305321759e-01
-1.394931451745472284e+00
-1.072411573621648184e+00
-1.917044354112606097e+00
-9.517501297936431515e-01
-1.697964203637301051e-01
1.321644213083414954e-01
-1.366224602026885115e+00
-1.578788796680296702e+00
-1.242942798678510208e+00
-8.415219397966788861e-02
-1.307657335630079354e+00
-9.599738894588897287e-01
-1.634624093152809099e+00
-1.634624093152809099e+00
-7.168269141138116085e-01
-7.063852007244092457e-01
-1.594236422004470910e+00
-1.725624855795815149e+00
-1.725624855795815149e+00
-5.809489403426164600e-01
-1.362926424375136891e+00
-1.362926424375136891e+00
-1.640148391962959140e+00
-1.640148391962959140e+00
-1.640148391962959140e+00
-1.066041235541280940e+00
-1.121891607025647053e+00
-2.152835649948621199e-01
-1.069719471441676450e+00
-1.598652713139920856e+00
-1.879923196571406496e+00
-1.601317880809812966e+00
-1.601317880809812966e+00
-9.435782006213205841e-01
-1.551405631779686489e+00
-4.888750837300461782e-01
-4.888750837300461782e-01
-3.942800326189692672e-01
-1.316756757916836440e+00
-1.240582440492078664e+00
-9.528571475207180397e-01
-8.625771158587007825e-01
-1.598652713139920856e+00
-1.605498384865093220e+00
-1.598343196658440046e+00
-8.940346472758039509e-01
-1.598343196658440046e+00
-7.414845977714866754e-01
-6.404931076822687475e-01
-1.589070627723562001e+00
-1.589070627723562001e+00
-1.588450305425099351e+00
-1.588450305425099351e+00
-9.999286681108112695e-01
-1.029485361910698060e+00
-8.839362121968332708e-01
-1.599514309725776906e+00
2.018372614644858842e-02
-3.277772988532166032e-01
2.018372614644858842e-02
-1.594480053366628125e+00
5.108304152757845440e-01
5.108304152757845440e-01
-1.802624453143979455e-01
-1.486631194367841857e+00
-1.435957883208003993e+00
4.015629384484276088e-02
4.015629384484276088e-02
-9.878060073404156816e-01
-5.631450533916984025e-01
-1.628198403135796335e+00
-1.598608439017962235e+00
-1.687745721583994385e+00
-2.278173227191127026e-01
-7.936989967135682500e-01
-9.001765876027992830e-01
-7.554124189467079642e-01
-3.852781316545124124e-01
-1.596834541122634787e+00
-1.015379420530159171e+00
-1.500068703201594911e+00
-8.072012315424887952e-01
-1.439348127620743600e+00
-1.265082433227361136e+00
-1.383427262355191978e+00
-1.174760322536641644e+00
2.415548211037343851e-01
-5.385191104695485897e-02
6.678437732677089400e-02
6.678437732677089400e-02
-1.153776731788260346e+00
-1.598587621195159292e+00
-7.984198614548174699e-01
-7.414430332992861805e-01
-1.664945126624008953e-01
-1.353076359254472782e+00
-3.826459566265132395e-01
-1.538645161353371815e+00
-6.376863667446351913e-01
-6.851055736856103140e-01
-1.302148916349145091e+00
-1.009266031717536372e+00
-1.598777553023331022e+00
-1.053213632568843039e+00
-9.508502469433843807e-02
-1.750386467105242705e-01
-1.600269090086703594e+00
2.861322270234438747e-01
-9.999286681108112695e-01
-1.727044072504617667e+00
-1.727044072504617667e+00
-3.035051598145788176e-01
-9.300066241510118736e-02
-2.792963859163113405e-01
1.522968224385421454e-01
7.793067187147806330e-02
-1.292623168621629848e+00
-1.233619499850239887e+00
-6.116887188108310891e-01
-5.183613479971147520e-01
-1.080452333887099270e+00
-7.174684993046801518e-01
1.300092735041462610e-01
-5.578401184154448966e-01
-7.466611434717163043e-01
-5.158398529455785475e-01
-1.152814560120170251e+00
-1.137380702670023780e+00
-9.999286681108112695e-01
-1.363092835665363767e+00
-3.805984101943609144e-01
-3.805984101943609144e-01
-3.805984101943609144e-01
-1.320143903507329464e+00
-9.200199218030529202e-01
-8.139602435640941325e-01
-1.182337844989824305e+00
-9.478231307487686719e-01
-1.814995135104414237e+00
-1.460482783750364444e+00
-9.012767500742788762e-01
-8.325152834881787145e-01
-1.298818536152102965e+00
-6.841672482967694480e-01
-7.057990545921977166e-01
-5.414869029446243154e-01
-1.523448131035898712e+00
-1.686912212397700284e+00
-9.621802181701644141e-01
-1.299452255546837076e+00
6.971276444746357104e-01
-1.674006198327104622e+00
4.105379848271326626e-01
4.690779464100731655e-01
-3.448687832842045609e-01
4.896091067410466291e-01
4.922966490946592000e-01
6.094713000723268603e-01
4.938063471531017878e-01
4.185216576972854430e-01
2.781324638182272047e-01
-1.588116376468914792e+00
-1.598696283675280716e+00
-1.116862530655042596e+00
-1.116862530655042596e+00
-1.740202566099129822e+00
-7.839015693158501996e-01
-1.366036038901461414e+00
-1.366036038901461414e+00
-4.686077246515756300e-01
-5.129407234842460195e-01
-1.129471817273819179e+00
-9.913253508619039867e-01
-3.603750047198159834e-01
-5.845595937687910748e-01
-4.135674914475251374e-01
-1.661645641654426520e+00
-1.426590226902140879e+00
-1.426590226902140879e+00
-1.347914447571771479e+00
-1.143917096201487293e+00
-8.819145199188889173e-01
-1.907660015349771143e+00
-1.593286993222417181e+00
-1.665484560625336563e+00
1.132223100853921860e-01
-1.551420238469063628e+00
-7.841353643297610532e-02
-1.443712361899387009e+00
-9.766821433427234078e-01
-2.034906038981008081e-01
-1.590937047390980075e+00
-1.590937047390980075e+00
-1.590937047390980075e+00
-6.708160098312365704e-02
-1.838923323718217873e-01
-8.973755865965041822e-01
-1.591889963202919978e+00
-9.547877422971045025e-01
-1.466570870762317735e+00
-1.598623498159800205e+00
-9.105467796523031287e-01
-1.034254655315849147e+00
-3.277772988532166032e-01
-1.626309121671926095e+00
-1.300793234588406566e+00
-1.964230223846214818e+00
-1.271214856116538394e+00
-1.271214856116538394e+00
-8.511322167789086013e-01
-2.369202702554924489e-01
8.241360299303690518e-02
-9.831496994783234245e-01
-1.287909018279836504e+00
-1.598788031109387608e+00
-6.301079652986741886e-01
-1.505630666750581437e+00
-1.598652713139920856e+00
-7.481069254965656556e-01
-3.277772988532166032e-01
-3.277772988532166032e-01
-1.474221916705282798e-01
-1.858763246899526322e+00
-2.539350880147517309e-01
-9.412197979875895903e-01
-1.355180944224477324e+00
-1.554438971314746398e+00
-7.184392195034876583e-01
-5.893982036924105827e-01
-4.806339988502086324e-01
-1.006027636287380567e+00
-1.599564410475076581e+00
-1.372746444995782911e+00
-6.388913261121197396e-01
-6.122747775357736399e-01
-3.277772988532166032e-01
-1.598585104258272160e+00
-1.242026845787733702e+00
-1.598343196658440046e+00
-1.517821998264786476e+00
-1.590794017365455115e+00
-1.595960022084852881e+00
-1.003119580789435084e+00
-7.093548457932401519e-01
-1.445026527434388530e+00
-7.082605405110140584e-01
-8.672996271654381806e-01
-1.742557372121540826e+00
-1.598652713139920856e+00
-3.277772988532166032e-01
-1.109353846690045664e+00
-7.864414236254317903e-01
-1.534124465520198211e+00
-1.184156789615088856e+00
-1.317301166930940015e+00
-1.425060873517187021e+00
-1.596950021168817901e+00
-1.675878453924466882e+00
-1.371164721013349297e+00
3.820313021515016061e-01
3.820313021515016061e-01
-1.501419653767559037e+00
-9.579741709497934243e-01
-3.277772988532166032e-01
-5.820346782219434356e-01
-1.018107397714627105e+00
-1.018107397714627105e+00
-1.598585104258272160e+00
-1.194027819155894399e+00
-1.390874502624399378e+00
-7.246012733796527439e-01
-1.579534861097888765e+00
-1.654592687487521419e+00
-1.548852936408830372e+00
-1.532101669629379659e+00
-1.043579605774823893e+00
-1.043579605774823893e+00
-1.043579605774823893e+00
-1.690038456314315596e-01
-5.148473042548404877e-01
-1.598652713139920856e+00
-7.991412862319728916e-01
-1.190959730259215643e+00
-1.612267576306747774e+00
8.659079555149729046e-02
8.659079555149729046e-02
-1.593993685071313449e+00
4.164913102496401454e-01
-1.598343196658440046e+00
-1.399655767638466664e+00
-4.958536481309445687e-01
-9.789625748785729664e-01
-1.213849654544202128e+00
-1.400625917109214580e+00
-3.971769336705632814e-01
-3.971769336705632814e-01
-1.700724149943174224e+00
-6.557258330271351632e-01
-1.171455044795741918e+00
-9.999286681108112695e-01
-6.694106432971143050e-01
-1.244084633401977946e+00
-1.599747248097156849e+00
-1.104649697787833951e+00
-1.843572245761415873e+00
-3.993701163335994231e-01
-3.802663518483750948e-01
-1.598585104258272160e+00
-1.199593777939947259e+00
-1.367167005845136174e+00
-6.839895501704723602e-01
-1.572133798987742415e+00
-7.416274696883849993e-01
-1.626400274025235682e+00
-1.626400274025235682e+00
-1.223027164303886805e+00
-1.854833873844931036e+00
-2.984184375557905611e-01
-1.502752576737549806e+00
-1.502752576737549806e+00
-1.149565129879094316e+00
-1.409371266696028746e+00
-1.075018189474512553e+00
-6.617979820400901048e-01
-1.085977994486107434e+00
-9.287763279798251226e-01
-7.886343428107613907e-01
-1.163071853443318204e+00
-4.009846060063806394e-01
-1.031038305308090486e+00
-1.230518768667325347e+00
-1.223186602996425121e+00
-2.865868355407243939e-01
-1.677394183106865944e+00
-1.153912235264156205e+00
-1.248463135496104437e+00
-1.387257724721937091e+00
-1.658951881304887355e+00
-1.598343196658440046e+00
-4.864035328066247388e-01
-9.478993404559602487e-01
-2.507271794665248965e-01
-8.171769263588982701e-01
1.998897361643916515e-01
-1.070205456095485230e+00
-1.474172405176538136e+00
-1.515368493856489751e+00
-1.050658476402178687e+00
-1.050658476402178687e+00
-2.862583110811665055e-01
-1.441207605304371642e+00
-2.070098435314957630e-01
-1.683706062463099284e+00
-9.957677072861950140e-01
-9.957677072861950140e-01
-2.369512814960468283e-01
-1.020210604887576533e+00
-8.019258941054174805e-02
-1.159284115487907663e+00
-1.598678528223146822e+00
-3.288343331251468715e-01
-1.598678528223146822e+00
-1.598678528223146822e+00
-7.333799879603971617e-01
-7.859515177891369664e-01
-4.040466186333246945e-01
-4.990280829094422277e-01
-1.518614692397771693e+00
-1.118679922760293044e+00
-1.723425163024892015e+00
-1.723425163024892015e+00
-1.723425163024892015e+00
-1.598777553023331022e+00
-1.598777553023331022e+00
-1.598777553023331022e+00
-7.678126072340344388e-01
-3.277772988532166032e-01
-7.678126072340344388e-01
-1.600276722166088073e+00
-1.468359428299090830e+00
-1.468359428299090830e+00
-1.468359428299090830e+00
-1.530787360870771163e+00
-1.437827924132286661e-01
-1.437827924132286661e-01
-5.676119606976799403e-01
-3.277772988532166032e-01
-9.464576383638733104e-01
4.943621838980118977e-01
-1.598777553023331022e+00
-1.949242986575380643e+00
-1.949242986575380643e+00
-1.598652713139920856e+00
-2.896849206120435394e-01
1.766128999832941027e-01
-1.547287719602683298e+00
-1.179120750217714342e+00
-1.592521922174725768e+00
-7.182786214744789621e-01
-1.100399282664181522e+00
-1.144409937430809210e+00
-2.577294323850563007e-01
-1.609786184661325059e+00
-9.859751366621906099e-01
-1.580177773113752959e+00
-1.377275617240657279e+00
-1.590146992190279773e+00
5.894955809246928968e-01
-1.598343196658440046e+00
-1.581256765978779510e+00
-9.989082600995649042e-01
-1.524215029143122901e+00
-1.031328371091124296e+00
-9.493331641714148894e-01
1.823409595870519873e-01
-4.323842735967113882e-01
3.590763837645427614e-01
-1.589700547801180752e+00
-1.424376364163266295e+00
-7.301710213011842754e-01
-1.254264618678689880e+00
7.219924569840507900e-02
-1.441016783050477201e+00
8.887244360934531962e-02
-1.411474592275268281e+00
-1.511270765586967268e+00
-1.420994323876593635e+00
-1.420994323876593635e+00
-5.352695934115434540e-01
-5.862884367980734091e-01
-1.074628160952533662e+00
-1.074628160952533662e+00
-1.598343196658440046e+00
-4.887412176579255529e-01
1.339791096193421183e-01
1.223101777526760525e-01
2.486792511390722993e-01
3.555651006999109853e-01
3.130349191674821618e-01
4.888288593004719296e-02
2.915241188441406450e-01
2.221996613020724709e-01
3.269094069342037834e-01
1.875131023378275863e-01
-1.584194934568670998e+00
-1.417265153016775470e+00
-6.905885695069881036e-01
-1.632192415254963835e+00
-1.083298799532782741e+00
-5.388977258168274886e-01
-1.088931900112721340e+00
3.727885471850607146e-01
-5.791996831171279947e-01
-9.940508508716150438e-01
-9.963349429148493641e-01
4.276107864155040961e-01
-7.885664058484014305e-01
-1.598599055669098545e+00
-8.545080512567746478e-01
-1.792085178887226515e+00
-9.140700581317900975e-01
-1.435333464259572533e+00
-1.651444349010520174e-01
-2.327458555735293366e-01
-5.149707343284339878e-01
-1.526941071998229260e+00
-1.268524862793135144e+00
-1.554112284690721602e+00
-1.592674123484302706e+00
-1.592674123484302706e+00
-7.165927160110181493e-01
-1.747327530982980770e+00
-1.556605145081647157e+00
-1.953886078773711787e+00
-1.554518256140369203e+00
-1.554518256140369203e+00
-1.554518256140369203e+00
-2.652132512904008532e-01
-1.098363271066310709e+00
-1.098363271066310709e+00
-1.476303710656207135e+00
-1.476303710656207135e+00
-7.140401691985669430e-01
-1.305108564789336345e+00
-1.305108564789336345e+00
-1.305108564789336345e+00
-1.582859611753666629e+00
-1.383797204743793197e+00
-1.434956480715381844e+00
-5.456827192808884064e-01
-1.598523518615080574e+00
-9.562833626705437018e-01
-3.277772988532166032e-01
-3.277772988532166032e-01
-9.562833626705437018e-01
-1.503502001020128098e+00
-6.566041094886069240e-01
-5.836964384277734119e-01
3.131290956108401247e-02
-1.551294662260716439e+00
-1.602339502287779549e+00
-1.598696283675280716e+00
-1.246505958542211800e+00
-1.246505958542211800e+00
-1.202803418715753025e+00
-1.559006311129160771e+00
-1.044965810261278882e+00
-1.171909214287314871e+00
-9.636045705686935303e-01
-1.598777553023331022e+00
-5.753195354773303904e-01
-5.257131757237960556e-01
-5.257131757237960556e-01
-1.545428216920516684e+00
-3.277772988532166032e-01
-1.001521999502310800e+00
-7.937222676718240777e-01
-3.277772988532166032e-01
-7.042163246913697439e-01
-1.598343196658440046e+00
-1.598343196658440046e+00
-7.714036551241542083e-01
-6.726876879158077971e-01
-1.260489750188714897e+00
-1.260489750188714897e+00
-1.598652713139920856e+00
-9.999286681108112695e-01
-1.228656886780424173e+00
-1.583737879509790947e+00
-1.350255201619826151e+00
-1.029917724454076255e+00
-1.517853176854488062e+00
1.471648180160767261e-01
-1.514396208743662209e+00
-1.546155609944936060e+00
-1.511197394105517899e+00
-1.598585104258272160e+00
-1.598585104258272160e+00
3.773292179957465908e-01
-3.758851630840671643e-01
-1.101801269156149399e+00
-1.640209951018780199e+00
-1.486752296237651150e+00
-1.109282065692171582e+00
-1.036268396689528970e+00
-1.201070899842374251e+00
-7.584348433361594033e-01
-1.114137603114468078e+00
-3.665402024287001126e-01
-1.699935535949190113e+00
-8.541270082291351207e-01
-1.570063849573680725e+00
-9.962772539169522101e-01
-1.527447142456595852e+00
-5.800823332362261553e-01
-1.169470537197452309e+00
-1.090746418722138067e+00
-1.011515777255842963e+00
-1.060701485521926113e+00
-3.369071308956059774e-01
-2.980288026959683201e-01
-7.407468984188102512e-01
7.925703812521689429e-02
-6.369820233264790188e-01
-1.030206316595664973e+00
-3.277772988532166032e-01
-6.947067396627363278e-01
-6.947067396627363278e-01
-8.760263574721053326e-01
-9.662252027146317479e-01
-1.325612005381222369e+00
-1.211941492145035770e+00
-1.211941492145035770e+00
-1.552000107401579676e+00
-5.974163541666144273e-01
-5.974163541666144273e-01
-5.974163541666144273e-01
-4.620462379740692960e-01
-1.570353345209117402e+00
-3.920834293161752360e-01
-1.446349467336559780e+00
-1.228216746159642714e+00
-1.325532517604006255e+00
-6.808062300049706472e-01
-1.475460997823903941e+00
-1.475460997823903941e+00
-1.488691918111959334e+00
-1.488691918111959334e+00
-7.221004769855435823e-01
-7.036463294532929735e-01
-8.396969438575316858e-01
-1.135439976195180112e+00
-2.828004880469616733e-01
-6.981753264712786677e-01
-1.559104603395708111e+00
-5.015051229848870307e-01
-6.447453782483536511e-01
-4.788210559655732279e-01
-1.598585418207519204e+00
-1.541026942755931106e+00
-1.541026942755931106e+00
-1.549530083275848291e+00
-7.215406825825183557e-01
-1.275914945552099500e+00
-3.277772988532166032e-01
-1.275914945552099500e+00
-8.761953734563880936e-01
-5.424727231875485778e-01
-5.424727231875485778e-01
-3.277772988532166032e-01
-1.273291438906928086e+00
-7.457798119954670568e-01
-4.236408652046093071e-01
-1.385034707044661140e+00
-1.526205408313527245e+00
-1.050510157518479204e+00
-7.789709112849181327e-01
-1.598788031109387608e+00
-1.387912688397933580e+00
-1.598652713139920856e+00
-7.140322989644439788e-01
-1.713595914249554930e-01
-7.586993045640020306e-01
-7.586993045640020306e-01
-9.999286681108112695e-01
-1.049065889431993082e+00
-1.345996270626650393e+00
-1.598623498159800205e+00
-1.635471351278847463e+00
-9.239350768784232448e-01
-1.542075096790126221e+00
-2.733267305971129879e-01
2.740850816686934976e-02
-9.337105751229185513e-01
-1.662086990178185175e+00
-1.532555653719245514e+00
-1.542623352786521407e+00
-1.542623352786521407e+00
-1.056998524477974710e+00
-8.081850703386909140e-01
-1.545095109125735444e+00
-1.320536720881298143e+00
-1.263684202634989928e+00
-9.190114000176582421e-01
-9.606420375630798647e-01
-5.384795360437997225e-01
-1.956262666532580408e+00
-1.154447924470724418e+00
-6.597495389430660939e-01
-4.703513865442030539e-01
-5.024395165606283520e-01
-4.359285725157677760e-01
-1.946394302415625610e+00
-6.269459947396464061e-01
-6.888675488941384817e-01
-6.502922502349194334e-01
-6.502922502349194334e-01
-6.502922502349194334e-01
-6.502922502349194334e-01
-6.502922502349194334e-01
3.967987059193873733e-01
-1.219625359771542739e+00
-1.606336682504062363e+00
-1.596378326110608370e+00
-9.897915264108581024e-01
-1.017365092731947085e+00
6.400019200746067671e-01
7.289903807470892172e-01
-4.621910664953499115e-02
7.584805791889988047e-01
6.434915167858656915e-03
2.719415133788778416e-01
5.328854762926187316e-01
-2.065117874970290313e-01
1.147703272121021190e-01
-9.080310857059455953e-01
4.345892450818424901e-01
3.581464395314171156e-02
-1.226786437636671057e+00
-1.458368547795849457e+00
-9.207771457256727077e-01
5.669602320869271406e-01
1.391689353409897301e-02
-1.573254928860420065e+00
-1.739933098549259594e+00
-1.258234222621213316e+00
-1.498301286893854334e+00
-1.000485194042853410e+00
3.610725889860608717e-01
-1.362846109387453764e+00
-1.134321637777924163e+00
-1.556271707745572552e+00
-8.101592012352648586e-01
-3.277772988532166032e-01
-1.106681079313229787e-01
-1.541298340379916754e+00
2.343744749617804324e-01
-4.786635966715979684e-01
-1.320377759840434262e+00
-1.598591498694401203e+00
-1.598343196658440046e+00
-1.598585104258272160e+00
-6.849037783473066465e-01
-1.558122352013030287e+00
-1.558122352013030287e+00
-1.756964365388294480e+00
-1.756964365388294480e+00
-1.756964365388294480e+00
-1.510092415220107176e+00
-3.277772988532166032e-01
-1.608471678933785842e+00
-1.608471678933785842e+00
-1.608471678933785842e+00
-1.908426278175886948e+00
-1.908426278175886948e+00
-5.090096260136782735e-01
-7.206532561642863266e-01
-1.598343196658440046e+00
-1.598343196658440046e+00
-1.598343196658440046e+00
-1.602646158884491800e+00
-1.257162784554761714e+00
-1.458660932918908859e+00
-3.277772988532166032e-01
-3.277772988532166032e-01
-1.104274042375884335e+00
-8.351401390459131102e-01
-2.345012768159999705e-01
-1.576340761295209836e+00
-9.999286681108112695e-01
-1.807431948507796760e+00
-1.807431948507796760e+00
-1.669432993709176971e+00
-1.598777553023331022e+00
-3.277772988532166032e-01
-1.598343196658440046e+00
-1.345951471325672610e-01
-1.177328661155191636e+00
-1.462973384357181716e+00
-3.277772988532166032e-01
-9.999286681108112695e-01
-9.999286681108112695e-01
-7.443388755739154261e-01
-1.414676950399406774e+00
1.276310772842954577e-01
-9.124088778367049901e-01
-1.393331437351543745e+00
-1.598531633460385626e+00
-1.599791418321248049e+00
-1.231125407631806556e+00
-1.563379349650745542e+00
-8.230789940131111315e-01
-1.588510945416134135e+00
-1.564484292470512905e+00
6.124580011894864562e-02
-9.921656222921764190e-01
-1.571134132604681266e+00
-1.602959145460345791e+00
-1.602959145460345791e+00
-1.101515636709478718e+00
-1.234849655252037604e+00
