-1.000008950131937135e+00
-6.045825187086613095e-01
-6.045825187086613095e-01
-9.113560521312518148e-01
-9.113560521312518148e-01
-1.467716927670267069e+00
-1.220490215624198793e+00
-1.198245503705401394e+00
-1.037662180145855650e+00
-1.241260132009128547e+00
-1.241260132009128547e+00
-1.241260132009128547e+00
-1.241260132009128547e+00
-9.430726875496107109e-01
-9.474101840039604872e-01
-9.474101840039604872e-01
-6.079791969829448917e-01
-1.226722365827723538e+00
-7.944555673055619938e-01
-1.039696770244752155e+00
-1.013470511247864581e+00
-1.059566935201388560e+00
-9.914158766459703065e-01
-1.095530779384890741e+00
-9.560692655233312687e-01
-8.324413496354216013e-01
-9.102012894461141146e-01
-9.102012894461141146e-01
-9.835838776947034567e-01
-9.845232621470200174e-01
-7.022072353090762498e-01
-7.460687414506997905e-01
-1.049497297994719025e+00
-1.104831514131932924e+00
-1.104831514131932924e+00
-1.104831514131932924e+00
-1.104831514131932924e+00
-6.533738365648329438e-01
-9.315384701143055723e-01
-4.739921729761893965e-01
-8.502294559794115747e-01
-1.082878631000288250e+00
-9.998030715479275798e-01
-9.838017428743148773e-01
-9.664641218037268722e-01
-1.199781211804924919e+00
-9.181614388849965724e-01
-1.192468584638509022e+00
-9.233362476890762949e-01
-9.998995075133730870e-01
-7.055324146606583025e-01
-9.423476341525303113e-01
-1.151096945779780834e+00
-1.151096945779780834e+00
-1.214832487436182662e+00
-1.231750547732462620e+00
-1.151096945779780834e+00
-1.151096945779780834e+00
-1.151096945779780834e+00
-1.151096945779780834e+00
-1.151096945779780834e+00
-1.151096945779780834e+00
-1.151096945779780834e+00
-1.151096945779780834e+00
-1.151096945779780834e+00
-1.151096945779780834e+00
-1.151096945779780834e+00
-1.039456376768773227e+00
-9.315165315530085088e-01
-3.890000486598248486e-01
-9.349016328901843531e-01
-9.349016328901843531e-01
-9.998030715479275798e-01
-9.998030715479275798e-01
-9.196132827033978163e-01
-1.185221980970515787e+00
-9.356417666259008170e-01
-9.439252893289254986e-01
-1.244105918262667920e+00
-9.319821235099530199e-01
-9.319821235099530199e-01
-9.319821235099530199e-01
-9.019502776026626645e-01
-1.186975370283160469e+00
-1.221169492677030455e+00
-9.007214136190977438e-01
-1.276131842145485695e+00
-1.095037643051873788e+00
-1.032949777859842211e+00
-9.745459311591088136e-01
-9.392295375100343513e-01
-1.513639591472407897e+00
-9.321336283885107710e-01
-9.321336283885107710e-01
-1.125245969282598013e+00
-8.959150588690012462e-01
-8.959150588690012462e-01
-8.959150588690012462e-01
-8.959150588690012462e-01
-9.880688434933599940e-01
-9.556220285074723542e-01
-6.224513601485270886e-01
-1.323502253172712306e+00
-1.151096945779780834e+00
-1.151096945779780834e+00
-1.351630625673831076e+00
-1.151096945779780834e+00
-9.991288898831989229e-01
-9.991288898831989229e-01
-1.097614034122536220e+00
-1.097614034122536220e+00
-1.151096945779780834e+00
-8.485290999657670863e-01
-8.485290999657670863e-01
-8.690110632325322992e-01
-1.148175208939622438e+00
-9.315377631205918885e-01
-9.464642620140573115e-01
-9.464642620140573115e-01
-9.464642620140573115e-01
-9.464642620140573115e-01
-8.112568486873616980e-01
-1.147587753312983017e+00
-1.000383217272794223e+00
-7.353238772699625114e-01
-7.353238772699625114e-01
-6.450662091394522291e-01
-9.360692195848657748e-01
-1.051214244025092670e+00
-1.051214244025092670e+00
-9.421894806868640337e-01
-9.421894806868640337e-01
-9.421894806868640337e-01
-9.335517818501902765e-01
-8.988392696025179207e-01
-1.077432902077125831e+00
-1.077432902077125831e+00
-1.077432902077125831e+00
-9.235349471166817148e-01
-1.084418944792514994e+00
-1.084418944792514994e+00
-9.393402280492098022e-01
-9.901650233189237538e-01
-1.036220097411169716e+00
-9.994599062668758638e-01
-9.994599062668758638e-01
-9.994599062668758638e-01
-9.994599062668758638e-01
-9.413144084363658237e-01
-9.413144084363658237e-01
-9.413144084363658237e-01
-9.823656701840536298e-01
-1.064607698739406416e+00
-1.080728482329600837e+00
-9.359250466127213564e-01
-9.994528663426593962e-01
-1.022699533566632013e+00
-8.955273587429054549e-01
-9.474101840039604872e-01
-1.026940099550032404e+00
-1.026940099550032404e+00
-1.190753764143982485e+00
-7.693511431088089214e-01
-1.172545249720934546e+00
-1.089601504742641058e+00
-9.754036902717093671e-01
-9.649515099215667524e-01
-1.218719415592481203e+00
-1.097217247825631237e+00
-1.097217247825631237e+00
-1.317990185134316317e+00
-1.079265470417881012e+00
-1.079265470417881012e+00
9.996349627767419088e-01
-8.913605730695904894e-01
-9.999050905401988265e-01
-1.121354079971566664e+00
-4.163237439261949779e-01
-4.163237439261949779e-01
-1.081489123864965318e+00
-1.220869216263325674e+00
-1.068205355951624691e+00
-9.895353157756190399e-01
-9.998030715479275798e-01
-1.022749694355524097e+00
-3.481658371441375133e-01
-9.961588893623660734e-01
-6.455105558833478252e-01
-1.020001858862887856e+00
-1.195588118060638472e+00
-6.224520142951474044e-01
-1.503827855065288155e+00
-9.419338570268630528e-01
-9.930049347575957697e-01
-9.930049347575957697e-01
-1.001114533262608575e+00
-6.540719310262215203e-01
-9.998030715479275798e-01
-1.151096945779780834e+00
-1.160737106328399326e+00
-1.143894978512949967e+00
-1.505441190279698249e+00
-9.885041306418409501e-01
-1.241229865130308641e+00
-1.066809353309825958e+00
-1.003698631850827416e+00
-1.213167230001781949e+00
-1.000383217272794223e+00
-1.148345307283049177e+00
-9.388645480083017691e-01
-8.762839116725076316e-01
-9.044691184431837838e-01
-9.044691184431837838e-01
-8.992662634926900100e-01
-1.270533415823121626e+00
-1.108273534512544067e+00
-1.034769773694167005e+00
-1.324496991364327858e+00
-1.273508977078365412e+00
-1.151096945779780834e+00
-1.281541498064617368e+00
-1.103303030466172618e+00
-9.385872455750473575e-01
-1.151096945779780834e+00
-9.994599062668758638e-01
-8.813959302803120455e-01
-6.584600802560316435e-01
-6.584600802560316435e-01
-9.996753858533868886e-01
-1.049301452364211462e+00
-1.060844448078869906e+00
-1.403107837192399732e+00
-9.471088466000836537e-01
-9.673635535443024791e-01
-1.146580682408065766e+00
-1.151096945779780834e+00
-1.325008669389484695e+00
-1.151096945779780834e+00
-1.151096945779780834e+00
-8.200189849284453825e-01
-9.274798152550493002e-01
-9.274798152550493002e-01
-9.274798152550493002e-01
-9.999910612618918559e-01
-1.151096945779780834e+00
-9.999910612618918559e-01
-1.151096945779780834e+00
-1.151096945779780834e+00
-1.151096945779780834e+00
-1.151096945779780834e+00
-1.151096945779780834e+00
-1.151096945779780834e+00
-8.111507767639140054e-01
-1.151096945779780834e+00
-7.495445587490754402e-01
-8.050143503704512149e-01
-8.507177734134628855e-01
-1.198336143251327313e+00
-1.185167573691055409e+00
-9.599750022741313504e-01
-1.065422946832695894e+00
-9.957923061679281318e-01
-1.156306042924161837e+00
-1.138776672965128522e+00
-7.983274218215943296e-01
-9.917473551774420581e-01
-9.917473551774420581e-01
-1.085846133954733395e+00
-1.151096945779780834e+00
-1.020267151753013080e+00
-9.679939064767862922e-01
-1.107831800992496341e+00
-1.054821066573455868e+00
-1.222904999757467692e+00
-7.868648530851948264e-01
-7.519158421575684592e-01
-8.577488114388406304e-01
-1.151096945779780834e+00
-9.989076945924217910e-01
-1.040652301782176048e+00
-1.091133599846760616e+00
-1.151096945779780834e+00
-1.156930865377291395e+00
-1.079018521396609032e+00
-1.172286135116430206e+00
-7.882321658973796552e-01
-1.155662863997948930e+00
-1.138541071284812078e+00
-1.043027373470604369e+00
-1.066056028980094661e+00
-9.701424054869010050e-01
-1.220285861889964796e+00
-9.171346496094707756e-01
-1.151096945779780834e+00
-1.161955259810257823e+00
-9.746198534203365238e-01
-7.256704105976048425e-01
-1.124611488434428930e+00
-1.025890860540219940e+00
-1.108322223001362072e+00
-1.120947862995187672e+00
-1.120947862995187672e+00
-8.162718493838325706e-01
-8.162718493838325706e-01
-1.093989047044625851e+00
-9.682232895112120596e-01
-9.682232895112120596e-01
-9.682232895112120596e-01
-5.507294667384523557e-01
-9.699069395710497865e-01
-1.151096945779780834e+00
-1.218411163458277713e+00
-9.115357415632535654e-01
-9.315384701143055723e-01
-9.939714844394184068e-01
-9.760121920817776964e-01
-1.185112943884425896e+00
-8.991172764592858524e-01
-1.233263478049686057e+00
-1.044201437270438682e+00
-1.044201437270438682e+00
-1.044201437270438682e+00
-1.177988190226613829e+00
-1.086482365524628957e+00
-1.151096945779780834e+00
-7.359415820314088030e-01
-1.100559112773003889e+00
-1.030726458841280113e+00
-1.004792416787550602e+00
-3.294017662882985364e-01
-1.068265274294318168e+00
-9.792681157052516294e-01
-9.528715016704999430e-01
-1.012039682578484756e+00
-7.260343453256696833e-01
-1.000321152346060005e+00
-9.776695863236444239e-01
-9.820457124660599835e-01
-8.504945610167342629e-01
-1.219712037597558751e+00
-1.205213524627544608e+00
-1.205213524627544608e+00
-1.205213524627544608e+00
-1.048605255391323210e+00
-1.094091021610555936e+00
-9.842409200187126617e-01
-1.210014417634085682e+00
-9.086236886536902535e-01
-1.262750572447677744e+00
-1.304213023821911399e+00
-1.304213023821911399e+00
-1.304213023821911399e+00
-1.304213023821911399e+00
-1.047214984552539363e+00
-1.047214984552539363e+00
-9.381499869744043263e-01
-1.204508482052808027e+00
-9.327982396396140574e-01
-9.998995075133730870e-01
-1.125022679767381462e+00
-1.151096945779780834e+00
-1.142122282426575541e+00
-8.091980361574856451e-01
-1.339669205954209685e+00
-1.041900195338246515e+00
-1.351397350209226245e+00
-1.049956981237167630e+00
-8.961505871546384672e-01
-9.336415159662552199e-01
-1.000266674656441257e+00
-1.096838915743174159e+00
-8.776486839773365300e-01
-1.361759096388797552e+00
-1.275349934675148678e+00
-1.267078326447554470e+00
-1.187506931051052872e+00
-1.095782639062626407e+00
-1.151096945779780834e+00
-1.088254421916461157e+00
-1.416429241295154462e+00
-9.738596703864911275e-01
-1.441488442362443223e+00
-1.252568275878933157e+00
-1.151096945779780834e+00
-1.460947692278557586e+00
-1.368616274186776449e+00
-7.622138077366304998e-01
-9.306404675962252071e-01
-9.109411246258523054e-01
-1.048696327058723066e+00
-1.045952810720216286e+00
-9.239599862560151644e-01
-7.889239624715755905e-01
-1.149677961935568149e+00
-1.235986472921532631e+00
-1.235986472921532631e+00
-1.003130853820331625e+00
-9.344744764400803039e-01
-1.151991225141506314e+00
-9.315299170535261686e-01
-8.710381613209731144e-01
-9.781425241060549558e-01
-1.153697332399217013e+00
-1.286365270682987116e+00
-9.033034843194853725e-01
-8.336933788641405219e-01
-8.336933788641405219e-01
-9.391031171712082015e-01
-1.167462507522894377e+00
-1.153478123522166943e+00
-9.215282890385331216e-01
-1.315311383354194952e+00
-1.196705278826475372e+00
-9.581238709822668120e-01
-1.087233962440830037e+00
-9.591945967510470128e-01
-1.050448696921809866e+00
-1.256384836197972810e+00
-9.998030715479275798e-01
-1.181366874555204838e+00
-9.097334915086413565e-01
-9.097334915086413565e-01
-1.013127754604564723e+00
-9.413609928849610009e-01
-9.599750022741313504e-01
-9.374103783966437620e-01
-9.522985878138557903e-01
-1.015204066906690628e+00
-9.154924232638536052e-01
-8.015907751338016141e-01
-8.015907751338016141e-01
-1.077683258624176466e+00
-1.160428222188831571e+00
-1.160428222188831571e+00
-1.160428222188831571e+00
-6.389171748308569709e-01
-8.819652359293095323e-01
9.996349627767419088e-01
9.996349627767419088e-01
9.996349627767419088e-01
-7.600852372399815593e-01
-1.199560640021974933e+00
-1.056505095260601879e+00
-9.125942448384328776e-01
-8.849490268829538486e-01
-8.849490268829538486e-01
-1.257537122187996736e+00
-8.231626377804287520e-01
-8.231626377804287520e-01
-8.394272321789097990e-01
-1.052080919841177131e+00
-1.186225764516616543e+00
-9.430256899142623883e-01
-9.430256899142623883e-01
-1.151096945779780834e+00
-8.154657863068676127e-01
-1.055512424389069226e+00
-9.999050905401988265e-01
-9.687045883629566978e-01
-9.687045883629566978e-01
-9.687045883629566978e-01
-9.970257612532965608e-01
-9.391566624459928292e-01
-9.373496521704720585e-01
-1.262760815915795920e+00
-1.262760815915795920e+00
-8.031490102646392515e-01
-8.929979631085686043e-01
-8.929979631085686043e-01
-9.068315251305406610e-01
-1.009757727878045186e+00
-1.378639092412444533e+00
-7.491581668443030306e-01
-9.835526810930295127e-01
-1.110375575608576471e+00
-1.400271576530710771e+00
-1.161748736176376529e+00
-8.450248713405719148e-01
-1.243119016467791660e+00
-1.022353833522520183e+00
-1.133479640011310519e+00
-9.998188077358316495e-01
-1.151096945779780834e+00
-7.630534820044679867e-01
-1.027734185098582387e+00
-6.558581721400993381e-01
-1.291498771296234693e+00
-1.004951784632579947e+00
-9.314288059382589413e-01
-9.157806169650675177e-01
-1.148224306916707960e+00
-9.075417869736528420e-01
-1.206124844137901775e+00
-1.149219208403156722e+00
-9.452052617317450167e-01
-9.452052617317450167e-01
-1.066421549702959215e+00
9.996349627767419088e-01
-8.046584817540385348e-01
-8.046584817540385348e-01
-4.709275599737509088e-01
-9.660862269876575592e-01
-9.996635356728579280e-01
-9.996635356728579280e-01
-9.996635356728579280e-01
-9.315165315530085088e-01
-1.341433766964026830e+00
-9.998030715479275798e-01
-6.666267607481870527e-01
-6.666267607481870527e-01
-1.100278486548287527e+00
-1.100278486548287527e+00
-7.639925980472245248e-01
-1.118775876859406493e+00
-1.085759815679254059e+00
-9.617201789961431491e-01
-9.998030715479275798e-01
-1.151096945779780834e+00
-9.998030715479275798e-01
-1.248167017226669229e+00
-1.047701885489647822e+00
-1.104031962861117933e+00
-9.599750022741313504e-01
-9.141859699072171219e-01
-1.151096945779780834e+00
-9.141859699072171219e-01
-1.151096945779780834e+00
-1.151096945779780834e+00
-7.402394099999272115e-01
-1.076955319023592539e+00
-9.998030715479275798e-01
-1.123186788785161205e+00
-8.040466251249660523e-01
-9.332336800426958012e-01
-1.267105503775299624e+00
-1.273160020303841344e+00
-9.325071291678186380e-01
-1.151096945779780834e+00
-1.055466188986501574e+00
-9.421924916296582353e-01
-9.998969535537950426e-01
-1.459072589363529460e+00
-1.367058207410859261e+00
-1.151096945779780834e+00
-1.332675062571066604e+00
-8.686923632803170703e-01
-1.151096945779780834e+00
-8.008453810168975062e-01
-1.030130837141506994e+00
-1.062049321583922179e+00
-1.241521134801217841e+00
-8.187758267452953653e-01
-1.151096945779780834e+00
-8.435319147976363396e-01
-1.029761252941641114e+00
-5.871605308539059598e-01
-9.947114737791669103e-01
-9.720762737401855702e-01
-1.147573468144272635e+00
-1.310377380528371827e+00
-1.342565777880079692e+00
-8.715454330761134294e-01
-7.278313506512235076e-01
-1.048245040071082101e+00
-1.144481891452756583e+00
-1.290757721183439344e+00
-1.361252257128181320e+00
-1.061414444397857926e+00
-1.101957715608623545e+00
-9.368102057638877378e-01
-1.188169259717633874e+00
-1.190366363195761501e+00
-9.373045102826671471e-01
-8.733711862788137159e-01
-9.324819085586486533e-01
-1.162396760611267288e+00
-1.464914391998929144e+00
-1.151096945779780834e+00
-1.304187221591612378e+00
-9.534528175413540252e-01
-1.192139437654893941e+00
-1.003318051016214740e+00
-1.151096945779780834e+00
-1.146545582103810190e+00
-9.985662267073395215e-01
-1.151096945779780834e+00
-1.254950476534832049e+00
-9.998030715479275798e-01
-9.926951131699044417e-01
-1.136018445667106747e+00
-1.151096945779780834e+00
-1.136018445667106747e+00
-1.458248809539744784e+00
-8.767337450741796712e-01
-8.767337450741796712e-01
-1.012748198456399740e+00
-8.113528240660898838e-01
-9.176067562416240220e-01
-1.016803799687786336e+00
-9.314212249865465587e-01
-9.771354792588354821e-01
-1.035288647528550543e+00
-1.070638660182251733e+00
-9.317977623226924022e-01
-9.992365254235022753e-01
-1.159965555722028752e+00
-9.469921429815231217e-01
-8.072418020948470829e-01
-1.080038104455356418e+00
-9.998995075133730870e-01
-9.825064041797887393e-01
-1.132376256649491708e+00
-1.132376256649491708e+00
-9.256867599205579333e-01
-5.098926410886794880e-01
-1.221955702178155523e+00
-1.077790600897441609e+00
-1.000239247530962494e+00
-1.080278335843945392e+00
-9.769347022660638258e-01
-1.131691419632360418e+00
-9.379938907991709485e-01
-1.315112039217631201e+00
-1.006352400998492547e+00
-1.017672753754150339e+00
-1.110902570330359884e+00
-1.182264759000574150e+00
-9.805333660542978613e-01
-9.770512194671931994e-01
-1.058288252071262425e+00
-1.306599432160885588e+00
-6.903838297224726972e-01
-1.084733018600213539e+00
-8.529011143887907931e-01
-1.048061947158740237e+00
-1.076406009534061514e+00
-9.064123155179926172e-01
-6.956655376017026882e-01
-9.895134732694583768e-01
-1.040221064839332188e+00
-1.040221064839332188e+00
-1.040221064839332188e+00
-1.010166071390842246e+00
-1.010166071390842246e+00
-1.223555658207653662e+00
-1.130178158012585143e+00
-9.327154904862885454e-01
-1.063032783728996344e+00
-1.200089200590529259e+00
-9.876881690903339672e-01
-1.101617073429666638e+00
-9.528890791893115386e-01
-9.999050905401988265e-01
-9.679599840670729538e-01
-1.244592375665393158e+00
-9.599750022741313504e-01
-1.042030009656295775e+00
-1.142680811154658027e+00
-1.005276604600424895e+00
-9.423991417356802902e-01
-9.717703746034354051e-01
-2.404898674566586791e-01
-1.043705630383486849e+00
-1.236660371927457813e+00
-7.972149289336378786e-01
-7.972149289336378786e-01
-7.972149289336378786e-01
-9.315170661959820686e-01
-8.517989079313245115e-01
-8.071270770682781315e-01
-1.056574284823766696e+00
-1.214751427418550467e+00
-1.115749770359884208e+00
-9.998030715479275798e-01
-9.717659472582016456e-01
-1.054003291066661241e+00
-9.004116657040208693e-01
-9.625997387218637735e-01
-6.881894167331196188e-01
-8.649524654877416285e-01
-9.238315727545454159e-01
-8.783727026973848773e-01
9.996349627767419088e-01
-5.949276573165755977e-01
-8.604115933125434657e-01
-1.110646178823264441e+00
-1.270288482862861779e+00
-1.015143696667640372e+00
-9.217411849749137520e-01
-1.151096945779780834e+00
-9.998030715479275798e-01
-6.534381386590245588e-01
-9.373496521704720585e-01
-7.933250515615684062e-01
-8.514940153922787580e-01
-8.230965385113749866e-01
-1.047411917011306315e+00
-1.182095150267536754e+00
-1.238778320288398627e+00
-1.238778320288398627e+00
-8.672969084925448158e-01
-1.192959928771859968e+00
-1.192959928771859968e+00
-1.019748373511887962e+00
-1.019748373511887962e+00
-1.245950284480449088e+00
-1.032810790042459459e+00
-1.260215480692516099e+00
-1.128418303953613977e+00
-9.518468192645483938e-01
-1.052857481621884306e+00
-9.562158177136911297e-01
-1.113406999049408874e+00
-1.071471226604579829e+00
-6.911643459612111240e-01
-6.911643459612111240e-01
-7.576618590789634400e-01
-1.151096945779780834e+00
-7.576618590789634400e-01
-7.576618590789634400e-01
-7.576618590789634400e-01
-7.576618590789634400e-01
-9.315165315530085088e-01
-1.154214477014414930e+00
-1.096069823872503957e+00
-1.096069823872503957e+00
-1.096069823872503957e+00
-9.146097383194791153e-01
-1.287173712262406067e+00
-9.654649449118808402e-01
-7.437167663170781706e-01
-1.023726682373830021e+00
-9.651172446886133738e-01
-1.172692780496184639e+00
-1.141569455451981074e+00
-1.190745877004691922e+00
-6.763678705693977333e-01
-9.959272219302633955e-01
-1.151096945779780834e+00
-1.338352556176008568e+00
-1.338352556176008568e+00
-1.137927379717890819e+00
-1.111767724205744878e+00
-1.111767724205744878e+00
-9.340392993197654814e-01
-9.340392993197654814e-01
-9.324052856875494344e-01
-1.053883731316858974e+00
-6.171134167990834918e-01
-1.255807087794568622e+00
-1.025979214989662269e+00
-1.025979214989662269e+00
-9.758481374760881177e-01
-1.163159639764977715e+00
-9.521585020840929170e-01
-9.931801845931705897e-01
-9.931801845931705897e-01
-9.316946858583051716e-01
-9.253382096533419032e-01
-1.094889756832070349e+00
-9.439948420614234781e-01
-1.192399018835605062e+00
-1.029552575718387208e+00
-1.151096945779780834e+00
-1.151096945779780834e+00
-1.151096945779780834e+00
-1.036315094617522359e+00
-1.036315094617522359e+00
-1.022602206989669638e+00
-1.022602206989669638e+00
-1.022094068631373531e+00
-1.121713534374786159e+00
-1.205994896201599831e+00
-1.025893322789519724e+00
-1.299997567936082454e+00
-1.094016908172544156e+00
-1.335930237286854005e+00
-5.547804127948454678e-01
-9.536001450570810167e-01
-9.594144741464369908e-01
-1.151096945779780834e+00
-1.065662772760467725e+00
-9.749122535562469993e-01
-1.107895948640870154e+00
-1.124627610756509410e+00
-1.359275150393565834e+00
-1.277317100289647289e+00
-1.136539072409665119e+00
-1.192710228645154302e+00
-1.251575496501545537e+00
-1.124938909457951164e+00
-1.033883998998979870e+00
-9.998030715479275798e-01
-1.202404439148234250e+00
-1.163612405933657001e+00
-1.050901954175905706e+00
-1.007238238100327088e+00
-9.315184390236542766e-01
-1.117691913706793549e+00
-9.825752192850463196e-01
-1.174044176567413889e+00
-9.998030715479275798e-01
-9.633506333671860711e-01
-9.633506333671860711e-01
-1.151096945779780834e+00
-9.633506333671860711e-01
-9.930960423265277059e-01
-1.151096945779780834e+00
-1.127289940628232401e+00
-9.021691342670457026e-01
-1.006126852599140031e+00
-1.176968301523574567e+00
-1.159504631552190856e+00
-8.595617963624840874e-01
-9.340313565933047180e-01
-8.532943637811585269e-01
-1.157622726217074627e+00
-1.103118850018364849e+00
-1.329353484346999625e+00
-1.228488456870918233e+00
-1.151096945779780834e+00
-9.378762860198004425e-01
-9.701432637757995137e-01
-1.097796289707727579e+00
-7.878145718114142326e-01
-9.669875069476882024e-01
-1.193497703475918215e+00
-1.130177924079338370e+00
-1.222088925857816477e+00
-8.931418270620335997e-01
-1.233096243727958896e+00
-9.240285821965282809e-01
-7.276154735830038245e-01
-7.038017121939298404e-01
-1.151096945779780834e+00
-4.399535922733549542e-01
-1.353580861182365203e+00
-1.212139630605226337e+00
-1.230570465241266565e+00
-1.270580087558378812e+00
-9.557270111483562314e-01
-7.015846416180169243e-01
-8.921239002920478001e-01
-9.999050905401988265e-01
-9.999050905401988265e-01
-1.355099086384758955e+00
-9.965824533899111382e-01
-9.965824533899111382e-01
-9.212797100074731071e-01
-9.842358180031558490e-01
-1.271356871313317205e+00
-1.243522931893517924e+00
-7.157071407925601481e-01
-1.026045787445210911e+00
-1.161819783998809363e+00
-1.000041756773581092e+00
-1.171331508075078132e+00
-1.036429090173425882e+00
-1.229095659176260957e+00
-1.207675904910773923e+00
-9.574475262487605054e-01
-1.060578880089267262e+00
-1.151096945779780834e+00
-1.016246906713547560e+00
-8.850429327537535640e-01
-9.903709317515206889e-01
-1.007030493832308027e+00
-1.137228707095962355e+00
-8.465906773840679023e-01
-9.877422424204658213e-01
-8.594407121154425955e-01
-9.685762042104442138e-01
-8.165696797702453047e-01
-8.165696797702453047e-01
-8.165696797702453047e-01
-8.165696797702453047e-01
-8.165696797702453047e-01
-9.418155230371439979e-01
-9.999050905401988265e-01
-7.244603260446212945e-01
-1.130501944120360758e+00
-1.382199926127455569e+00
-8.949530157225050742e-01
-8.955932222089706407e-01
-9.277602133434241782e-01
-9.998969535537950426e-01
-9.993584329851513681e-01
-9.993584329851513681e-01
-1.190639997767189318e+00
-1.151096945779780834e+00
-9.368974407349849320e-01
-1.151096945779780834e+00
-1.098624987572635048e+00
-1.034730617578901279e+00
-9.998188077358316495e-01
-1.229410411897754685e+00
-1.151096945779780834e+00
-1.151096945779780834e+00
-1.151096945779780834e+00
-1.008482168049370298e+00
-1.044670544468845108e+00
-1.230941546996586755e+00
-1.151096945779780834e+00
-1.170486866832288531e+00
-1.151096945779780834e+00
-1.051585821443546065e+00
-9.776355028480515630e-01
-9.971873324300144503e-01
-9.971873324300144503e-01
-9.971873324300144503e-01
-8.051817417368128948e-01
-1.153305410324924729e+00
-1.146183762653630200e+00
-1.000247823064242869e+00
-1.309503276735694666e+00
-1.309503276735694666e+00
-8.677220534119524098e-01
-9.448590710379524138e-01
-1.199884376906698247e+00
-1.332519795565406451e+00
-1.007427417179689089e+00
-1.031539579497211090e+00
-1.175731642464066251e+00
-1.151096945779780834e+00
-8.938187497865057729e-01
-1.144701827648269665e+00
-1.321189566514965552e+00
-1.027981070955708454e+00
-1.027981070955708454e+00
-8.615100052004807107e-01
-8.615100052004807107e-01
-1.093760413597439696e+00
-1.018074597178472374e+00
-1.190534722373107090e+00
-5.861762399879323349e-01
-1.173023902145237995e+00
-1.438178464458820027e+00
-1.013037209367415592e+00
-6.074661425667298165e-01
-8.365164533959950077e-01
-1.127567912401269190e+00
-9.842831759884251852e-01
-1.197305555265937071e+00
-1.258506026888168927e+00
-9.642837705100366641e-01
-9.994892069154210912e-01
-1.012112324573205102e+00
-1.157416873782037614e+00
-1.366898703219818767e+00
-9.532418470279429012e-01
-9.803766593885580027e-01
-9.803766593885580027e-01
-9.774470354604573030e-01
-1.061149642588407493e+00
-8.772055650812552452e-01
-9.107778837145985573e-01
-9.107778837145985573e-01
-1.180118255045603970e+00
-8.571058605765836669e-01
-8.571058605765836669e-01
-9.216321768169571937e-01
-9.216321768169571937e-01
-9.216321768169571937e-01
-1.122466994172434562e+00
-6.792082351344868041e-01
-6.769628664806508489e-01
-9.596120418924911633e-01
-9.999050905401988265e-01
-9.097192785972636475e-01
-1.052931589252258160e+00
-1.052931589252258160e+00
-1.028062405736138940e+00
-9.127097306677424138e-01
-9.865915639442310869e-01
-9.865915639442310869e-01
-9.151520306266893723e-01
-9.438477921191531506e-01
-1.123600216135350660e+00
-1.050048586629456215e+00
-1.166697909110461007e+00
-9.999050905401988265e-01
-9.795916771042015858e-01
-9.998030715479275798e-01
-1.347797232105109488e+00
-9.998030715479275798e-01
-1.011619377766922900e+00
-1.242773992951850870e+00
-9.375918536242970891e-01
-9.375918536242970891e-01
-8.204340756453361028e-01
-8.204340756453361028e-01
9.996349627767419088e-01
-8.379066511284717356e-01
-1.025034276137521960e+00
-9.382193733700359140e-01
-1.223121794403405627e+00
-1.151096945779780834e+00
-1.223121794403405627e+00
-7.106599727922068288e-01
-9.773308609689602688e-01
-9.773308609689602688e-01
-1.390929423084829031e+00
-9.424744757870677780e-01
-1.021594645096334908e+00
-1.234330605447515827e+00
-1.234330605447515827e+00
-9.007980923266387663e-01
-1.300820879878455072e+00
-8.039188244110571091e-01
-1.000008950131937135e+00
-9.919063034259016920e-01
-1.266696086479172756e+00
-9.348691218504212586e-01
-1.241480540190927462e+00
-1.185684845250574160e+00
-8.794569060263158766e-01
-9.685507249776280636e-01
-1.100475888650214618e+00
-8.411886209862733388e-01
-1.032337418113739691e+00
-1.173602894477926428e+00
-6.946399658247890407e-01
-1.042826457570020127e+00
-1.288213446135626938e+00
-1.352520481432867072e+00
-9.214860597155600797e-01
-9.800046683298931915e-01
-9.800046683298931915e-01
-1.029113227567276745e+00
-9.319489138223455704e-01
-9.357142810455009174e-01
-8.233041096542139670e-01
-8.794117212018345286e-01
-1.142020838943711869e+00
-1.290375922352245741e+00
-1.100219991089340876e+00
-5.857519023630360921e-01
-9.955777395015308340e-01
-1.055069004658975018e+00
-1.197176576266506531e+00
-9.998995075133730870e-01
-9.889187875373922632e-01
-6.623764659422566314e-01
-1.055012017375240863e+00
-9.647196724019544423e-01
-1.280073402206054034e+00
9.996349627767419088e-01
-8.668870506217306593e-01
-8.668870506217306593e-01
-9.777444813207387675e-01
-1.085383776102463171e+00
-1.017314366932527747e+00
-1.202664015934944874e+00
-9.645358958661470750e-01
-1.236509706294048438e+00
-9.982605160422481916e-01
-9.679810629112799436e-01
-7.074200221867620320e-01
-8.789447194134387686e-01
-6.671640889422678633e-01
-1.091477969235815859e+00
-8.458163358983074032e-01
-1.077436706638620123e+00
-1.303486697084021095e+00
-9.382682386989349421e-01
-1.013063431901065181e+00
9.996349627767419088e-01
-9.214275045926375585e-01
-1.027493178913492677e+00
-1.027493178913492677e+00
-1.027493178913492677e+00
-1.087372891110370832e+00
-4.281084452942186536e-01
-1.079378431780534608e+00
-9.961705875353259465e-01
-9.605383069817367003e-01
-9.094433631050503619e-01
-1.160770802769204968e+00
-1.253031205785069879e+00
-1.142108388349994286e+00
-8.411577161729175689e-01
-1.008868649735537915e+00
-1.043185903224913780e+00
-1.244444153019294452e+00
-9.527724372473515002e-01
-9.380506188972786985e-01
-1.149946591472937429e+00
-1.009324047474945862e+00
-8.736631102455559850e-01
-7.967195366396737644e-01
-1.033572104023158689e+00
-1.075108942057764860e+00
-1.097603809800152597e+00
-1.127025436829631966e+00
-1.224418845746211293e+00
-1.083481675384592169e+00
-1.207840671761783113e+00
-1.171820972646821168e+00
-1.036889289708231132e+00
-9.534528175413540252e-01
-9.998969535537950426e-01
-1.283321385065781639e+00
-1.283321385065781639e+00
-9.886416429715925158e-01
-1.004906070134150342e+00
-9.856929162427622293e-01
-9.856929162427622293e-01
-9.101648443758714180e-01
-1.232277215813288862e+00
-1.093419247834384489e+00
-1.139957591028572192e+00
-7.758729236341508351e-01
-1.272907390225169966e+00
-9.423201898523835274e-01
-1.012815556831655917e+00
-1.016426541541961992e+00
-1.016426541541961992e+00
-1.211017140888738242e+00
-1.238198940502064138e+00
-1.377941874706252401e+00
-1.236306335498808640e+00
-1.007736008639061431e+00
-1.124989815332762877e+00
-6.257012758442996869e-01
-1.303273890296992699e+00
-9.352366175121031855e-01
-1.189593044761219742e+00
-1.135505256427074450e+00
-1.291015671862005831e+00
-9.337085928416574143e-01
-9.337085928416574143e-01
-9.337085928416574143e-01
-1.213085715190306058e+00
-1.234575872190229573e+00
-1.155950596259851082e+00
-1.218868528933199080e+00
-1.231476553460181034e+00
-7.875712323920671665e-01
-1.000056078657238334e+00
-8.479760165975605002e-01
-7.945585359067168785e-01
-1.151096945779780834e+00
-2.168839590512682269e-01
-1.159055721897822355e+00
-1.119110958337614203e+00
-9.792045916263271144e-01
-9.792045916263271144e-01
-1.157402987276144879e+00
-9.973748662880779214e-01
-1.205330013834462477e+00
-1.125005980709564035e+00
-1.196438441686695331e+00
-9.599750022741313504e-01
-1.146230515066663180e+00
-1.026401931967192649e+00
-9.999050905401988265e-01
-9.617540660249076501e-01
-1.151096945779780834e+00
-1.151096945779780834e+00
-1.043440904909133549e+00
-9.700415427090233189e-01
-1.040971291860888659e+00
-9.672488003968152670e-01
-9.192889157106947096e-01
-1.296848769362869636e+00
-1.075575359961107091e+00
-9.999005452302968111e-01
-1.119343280374076377e+00
-8.477748266793441179e-01
-9.358652199067472033e-01
-1.453450267673393803e+00
-1.134199608235698209e+00
-1.137109676382830781e+00
-1.151096945779780834e+00
-9.315165315530085088e-01
-1.105659847910292370e+00
-9.998030715479275798e-01
-9.738896188604936333e-01
-9.948632907305438033e-01
-1.086806040965694997e+00
-9.323430719530922950e-01
-7.987278541524927000e-01
-8.501845179968304800e-01
-9.425436665356324850e-01
-1.072431414670577121e+00
-1.141835301262440261e+00
-9.999050905401988265e-01
-1.151096945779780834e+00
-8.759937881749015887e-01
-9.631803114746561034e-01
-1.147200652710161695e+00
-9.727929431699442464e-01
-9.487961987609894177e-01
-7.080368811048076694e-01
-1.000387515621468992e+00
-9.644255147001093986e-01
-9.835078138773103440e-01
-1.064041131117767325e+00
-1.064041131117767325e+00
-1.167973283233055382e+00
-1.042971917372421453e+00
-1.151096945779780834e+00
-1.151426858900900463e+00
-9.894492131650245437e-01
-9.894492131650245437e-01
-9.315165315530085088e-01
-1.245927991626748943e+00
-1.012893937464238947e+00
-1.118399725778116860e+00
-9.799184755973660010e-01
-1.023819327692747416e+00
-9.488430998302127550e-01
-9.624734065576450170e-01
-9.017493374195794109e-01
-9.017493374195794109e-01
-9.017493374195794109e-01
-9.550899089510253015e-01
-9.772252720828463746e-01
-9.999050905401988265e-01
-1.060803661923291674e+00
-9.969141340313903976e-01
-1.000383217272794223e+00
-7.860889020123138504e-01
-7.860889020123138504e-01
-9.935519203838110158e-01
-1.412463569815242792e+00
-9.998030715479275798e-01
-1.067430813596190742e+00
-1.266678965672125123e+00
-1.091633432382261404e+00
-1.110401598854109162e+00
-9.588999588484033998e-01
-1.036623975279183929e+00
-1.036623975279183929e+00
-1.109432730815781643e+00
-9.652792779830078329e-01
-9.470678359181444739e-01
9.996349627767419088e-01
-1.177708715206435386e+00
-1.015677447167416814e+00
-9.303270338097892056e-01
-8.094004889692989479e-01
-1.009156005217484831e+00
-1.137739612012903745e+00
-1.068913396710611696e+00
-9.315165315530085088e-01
-1.063545980479211561e+00
-7.062579106438242604e-01
-1.359501447133047103e+00
-9.683904912842781210e-01
-1.110618886545290396e+00
-1.000437474183681008e+00
-1.000437474183681008e+00
-1.266869772715852438e+00
-8.458358673710745235e-01
-7.609331786273071385e-01
-1.191840214924087649e+00
-1.191840214924087649e+00
-1.111822143852728706e+00
-1.178043598203725617e+00
-1.204929498435847623e+00
-1.243745617628104316e+00
-1.146184706317910251e+00
-1.078263630974323872e+00
-1.259706003291533039e+00
-1.067951390950948154e+00
-9.982313291414913747e-01
-6.605119435966912977e-01
-1.249216989802723887e+00
-1.186895332155267546e+00
-1.233455496838747667e+00
-9.925397720602390228e-01
-9.561849166857062654e-01
-1.068313692744102372e+00
-8.495372453622944686e-01
-1.090172173786812637e+00
-9.998030715479275798e-01
-1.051507569098506290e+00
-1.512715064823032307e+00
-1.241981825426029751e+00
-1.077785521527758306e+00
-1.141822397083502194e+00
-8.906084100788197455e-01
-8.418238990929658438e-01
-9.230295097505096802e-01
-1.088817787382901692e+00
-1.088817787382901692e+00
-1.268330343485182032e+00
-1.061560383304246180e+00
-1.106933704214700720e+00
-8.646619558100483438e-01
-1.116905521143284341e+00
-1.116905521143284341e+00
-9.364039576593982117e-01
-1.063984498404108914e+00
-8.644956663299868671e-01
-1.075645377578621220e+00
-9.327982396396140574e-01
-1.141062632270521071e+00
-9.327982396396140574e-01
-9.327982396396140574e-01
-9.778855741546050862e-01
-7.827038311722231967e-01
-1.013074326910460288e+00
-1.239019594063177854e+00
-1.189783952958080038e+00
-9.942891695853888212e-01
-1.204799897754081695e+00
-1.204799897754081695e+00
-1.204799897754081695e+00
-9.998995075133730870e-01
-9.998995075133730870e-01
-9.998995075133730870e-01
-1.133288666679947543e+00
-1.151096945779780834e+00
-1.133288666679947543e+00
-9.419688890122897007e-01
-9.773206284708776392e-01
-9.773206284708776392e-01
-9.773206284708776392e-01
-9.785941030271997354e-01
-1.098189513517152660e+00
-1.098189513517152660e+00
-1.396002491721500594e+00
-1.151096945779780834e+00
-6.708730779229086227e-01
-1.176264579424236567e+00
-9.998995075133730870e-01
-1.042902280287812733e+00
-1.042902280287812733e+00
-9.999050905401988265e-01
-1.172640535275381479e+00
-9.829935861819280030e-01
-1.211366813244660001e+00
-1.240924977863737677e+00
-9.333776139177977216e-01
-1.221889842674098059e+00
-6.756251290619956773e-01
-1.088795531716191478e+00
-8.789329969590434777e-01
-8.504655340016782361e-01
-1.270866201079339897e+00
-9.314694337000826163e-01
-1.126509222326584903e+00
-9.330651990885077129e-01
-1.268181387050683284e+00
-9.998030715479275798e-01
-9.277922560354225912e-01
-1.477911633211844489e+00
-9.513287143806480328e-01
-1.387342104172773816e+00
-1.200131823628483252e+00
-1.104203589230333460e+00
-1.109814247320481284e+00
-1.054826494858087216e+00
-9.330986751200468499e-01
-7.757133611631019665e-01
-1.124390199354042608e+00
-1.386943757882659112e+00
-1.157593521387248137e+00
-1.036160895764791423e+00
-9.497591488499187440e-01
-8.694370646669338232e-01
-9.325158579555937743e-01
-1.078709748260191947e+00
-1.078709748260191947e+00
-1.209842138928949762e+00
-1.269870568686440659e+00
-1.137742307016087029e+00
-1.137742307016087029e+00
-9.998030715479275798e-01
-9.039368135756696843e-01
-1.267951216126445235e+00
-1.061967330337049376e+00
-1.042342429354847999e+00
-1.245336687778875406e+00
-1.226246685246177748e+00
-1.149291393379236581e+00
-1.181860199015677626e+00
-1.216485400561619024e+00
-1.111537465504391919e+00
-1.125237206236936238e+00
-9.804465410234398659e-01
-9.883220244748445182e-01
-1.189951586885758417e+00
-9.779980311919725944e-01
-6.702688272368997335e-01
-1.201978871994508591e+00
-8.930250684879930123e-01
-6.491147719770543612e-01
-1.066275818649598861e+00
-1.023177057809181667e+00
-1.065548333039739726e+00
-1.139871006642186657e+00
-7.437742175046671012e-01
-9.319237466626425492e-01
-9.878815142184771414e-01
-1.186256647260885755e+00
-1.145575621424953949e+00
-9.112814461037290759e-01
-1.304070698181391430e+00
-1.225067148133191397e+00
-1.288860256737806242e+00
-8.595617963624840874e-01
-1.008356511284497437e+00
-1.059300507662368496e+00
-9.371002739623284228e-01
-9.371002739623284228e-01
-8.968769624226227144e-01
-9.627934018847273956e-01
-1.269881286946556331e+00
-1.088865727715363052e+00
-9.395336801054727793e-01
-9.395336801054727793e-01
-9.395336801054727793e-01
-1.127588817142127109e+00
-1.072498411374047667e+00
-1.072498411374047667e+00
-9.345347274436281992e-01
-9.345347274436281992e-01
-1.181881140812608422e+00
-1.072211135969576956e+00
-1.072211135969576956e+00
-1.072211135969576956e+00
-9.368088074955880362e-01
-1.231457584262594107e+00
-1.312324271482451454e+00
-1.282084693176200219e+00
-9.999832805845408901e-01
-7.511871712020028458e-01
-1.151096945779780834e+00
-1.151096945779780834e+00
-7.511871712020028458e-01
-9.003318150818855337e-01
-6.082348449292329651e-01
-5.709033378152907900e-01
-1.051564697361214495e+00
-1.265242711973269651e+00
-9.045252797842244785e-01
-9.998969535537950426e-01
-1.018168762768496549e+00
-1.018168762768496549e+00
-9.316402505264330669e-01
-1.224991770382184875e+00
-1.097682826426551905e+00
-9.530759597440967568e-01
-1.167991773912858910e+00
-9.998995075133730870e-01
-1.108524035902574534e+00
-8.164963070543295176e-01
-8.164963070543295176e-01
-1.180544670505170979e+00
-1.151096945779780834e+00
-1.000694878479190919e+00
-1.327797531824969068e+00
-1.151096945779780834e+00
-1.049843674554110207e+00
-9.998030715479275798e-01
-9.998030715479275798e-01
-1.190694167062792630e+00
-6.612686375956325913e-01
-8.874228883178246763e-01
-8.874228883178246763e-01
-9.999050905401988265e-01
9.996349627767419088e-01
-9.420290610388946106e-01
-9.933425836366597261e-01
-4.196508557869741418e-01
-1.360744010304876905e+00
-9.944183719233237184e-01
-1.322434814998719288e+00
-7.554845354431475313e-01
-9.886501032854062565e-01
-9.140140580638178580e-01
-9.315165315530085088e-01
-9.315165315530085088e-01
-1.037344490557890131e+00
-9.101531591304543589e-01
-8.707906143889234674e-01
-1.087596624478061935e+00
-1.024292087645466198e+00
-9.884250943969459247e-01
-1.171597565519592266e+00
-1.157198977710054644e+00
-8.533638082674409597e-01
-1.037607293443973289e+00
-1.062995667150480772e+00
-9.007983130492698276e-01
-6.459937947173821637e-01
-9.344009782288330568e-01
-1.046424337547658734e+00
-9.014338371972598907e-01
-1.041915109062617972e+00
-9.232828957488270483e-01
-1.218406250945642144e+00
-4.509729668196014729e-01
-8.673852512969744133e-01
-1.342720654650261247e+00
-1.242932265766156341e+00
-1.079620355693395650e+00
-8.572445131917600936e-01
-9.563247536502146318e-01
-8.173595201092952456e-01
-1.151096945779780834e+00
-9.394465598367292003e-01
-9.394465598367292003e-01
-8.915397843083331386e-01
-1.162166854033317875e+00
-5.668146534375676504e-01
-1.114138143721013385e+00
-1.114138143721013385e+00
-1.052639507087362647e+00
-5.339431932904691314e-01
-5.339431932904691314e-01
-5.339431932904691314e-01
-1.031584214918015885e+00
-7.790037496189260446e-01
-1.315644085171322697e+00
-9.186838026620044451e-01
-4.893254213979417178e-01
-1.013425270848210769e+00
-1.229974915841390404e+00
-9.904746717645700471e-01
-9.904746717645700471e-01
-9.399947530279720853e-01
-9.399947530279720853e-01
-4.573862459816158132e-01
-8.692607533170677581e-01
-8.569428134898701144e-01
-7.083929446928083351e-01
-1.323974854594069051e+00
-1.015889108762291881e+00
-1.014672268831393831e+00
-6.976734201578767003e-01
-1.100697692586708021e+00
-1.191024043370084051e+00
-9.315298095116979482e-01
-9.493045398559298853e-01
-9.493045398559298853e-01
-9.062173743521982905e-01
-7.335609539340621765e-01
-1.102938204868187277e+00
-1.151096945779780834e+00
-1.102938204868187277e+00
-1.290704076173915471e+00
-1.118930488856706207e+00
-1.118930488856706207e+00
-1.151096945779780834e+00
-6.006115629161019598e-01
-8.466669776691650995e-01
-1.281754698122841596e+00
-1.112003401057485519e+00
-8.057746195539916556e-01
-1.180738574499825333e+00
-8.639928985679964368e-01
-9.599750022741313504e-01
-1.048885451590314766e+00
-9.999050905401988265e-01
-1.107410072842023308e+00
-1.113383238814869003e+00
-1.024862551740241878e+00
-1.024862551740241878e+00
9.996349627767419088e-01
-1.321372269658594334e+00
-9.883620965898786137e-01
-1.000056078657238334e+00
-1.167807335725167928e+00
-1.417230365966482664e+00
-8.880876574526919143e-01
-1.171583904708784374e+00
-1.021683100167547043e+00
-1.032316169892324220e+00
-9.475037897446045854e-01
-8.241647119729623716e-01
-7.060624091666563018e-01
-7.060624091666563018e-01
-1.002686618931767581e+00
-1.099040662203904839e+00
-9.427743325767269367e-01
-1.314190337790350549e+00
-1.230154822985344065e+00
-8.642508446234768993e-01
-9.294487745391338818e-01
-1.079801556307505628e+00
-7.711492056929166727e-01
-8.519858181521549056e-01
-9.815327415688304136e-01
-5.583057401351338989e-01
-1.310141968905029985e+00
-1.118556228584559165e+00
-1.134244694121347763e+00
-1.059214414604483956e+00
-1.082574327099304456e+00
-1.222217566240801911e+00
-1.222217566240801911e+00
-1.222217566240801911e+00
-1.222217566240801911e+00
-1.222217566240801911e+00
-1.109091878276284193e+00
-1.125116801587853432e+00
-5.755044856445248325e-01
-9.349326658433511072e-01
-1.004974148873696738e+00
-1.007693870640074874e+00
-1.152913517362785134e+00
-1.094700879141403682e+00
-1.037553544221809343e+00
-1.280023597759762044e+00
-1.266774145459338863e+00
-1.240820297057600552e+00
-1.123019820295400484e+00
-1.057040675366779592e+00
-1.167022307952803262e+00
-9.978415803596261124e-01
-1.182523398681175397e+00
-7.870924277372196576e-01
-9.961951225006420163e-01
-8.764307579515907554e-01
-1.087979317386126965e+00
-9.580619062506640082e-01
-1.114517640653579722e+00
-9.568592335617698286e-01
-9.761442183672472961e-01
-8.489557024974783150e-01
-8.277425451512052668e-01
-1.151339050504366579e+00
-1.116863708456605542e+00
-8.075685070955650469e-01
-1.138814932120467249e+00
-9.192000651927637600e-01
-1.286772797528756840e+00
-1.151096945779780834e+00
-1.251496385560048719e+00
-9.684640931808304876e-01
-1.411121108352993314e+00
-8.428216394451580884e-01
-8.835261612106704021e-01
-9.316946858583051716e-01
-9.998030715479275798e-01
-9.315165315530085088e-01
-5.589826986547491439e-01
-1.155565154176771081e+00
-1.155565154176771081e+00
-1.106530818192712484e+00
-1.106530818192712484e+00
-1.106530818192712484e+00
-9.656895690197635496e-01
-1.151096945779780834e+00
-1.184312298776618144e+00
-1.184312298776618144e+00
-1.184312298776618144e+00
-1.105676412172929224e+00
-1.105676412172929224e+00
-1.317009155794896857e+00
-1.207718600630428352e+00
-9.998030715479275798e-01
-9.998030715479275798e-01
-9.998030715479275798e-01
-9.158291670319339550e-01
-1.042268253526740684e+00
-1.021294402114982569e+00
-1.151096945779780834e+00
-1.151096945779780834e+00
-1.242876789041817087e+00
-9.748289329996696617e-01
-1.117745560283319506e+00
-8.212878487722043985e-01
9.996349627767419088e-01
-1.062037377195959253e+00
-1.062037377195959253e+00
-9.357202741566555959e-01
-9.998995075133730870e-01
-1.151096945779780834e+00
-9.998030715479275798e-01
-9.525746528297379667e-01
-9.746019838364780030e-01
-1.042957353085845584e+00
-1.151096945779780834e+00
9.996349627767419088e-01
9.996349627767419088e-01
-1.008703387111359984e+00
-1.089252185986518073e+00
-1.293125302602390780e+00
-1.447129806066563606e+00
-1.018039168981875964e+00
-9.373496521704720585e-01
-9.480406203440284729e-01
-9.521081134760294162e-01
-9.863441831995375386e-01
-1.176044054030864316e+00
-9.964905981606784202e-01
-9.303421156106009837e-01
-1.154248357191388408e+00
-1.166313669791136043e+00
-9.460036076450714093e-01
-9.474101840039604872e-01
-9.474101840039604872e-01
-9.221264039455313588e-01
-1.056511162093034084e+00
