-1.210573125020810048e+00
-8.519954431650273996e-01
-8.519954431650273996e-01
-1.299833517637633662e+00
-1.299833517637633662e+00
-7.278366688115935901e-01
-1.231721075589794712e+00
-4.020164627733593399e-01
-7.913888530927324361e-01
-9.085525298525918281e-01
-9.085525298525918281e-01
-9.085525298525918281e-01
-9.085525298525918281e-01
-3.939619946286554431e-01
-1.161433808872837092e+00
-1.161433808872837092e+00
-8.814805123508571150e-01
-3.392443076656035394e-01
-6.916451350503494133e-01
-1.044056167990173645e+00
-4.309938678565088388e-01
-2.589704295677992540e-01
-6.613914000787270986e-01
-1.074808726283356997e+00
-1.119583598447294159e+00
-1.293114640260357495e+00
-1.018793024594114804e+00
-1.018793024594114804e+00
-2.912329008963046029e-01
-1.118205600637338204e+00
-7.612816984814787524e-01
-6.557955734622225030e-01
-7.503901428496910775e-01
-6.703769867424198559e-01
-6.703769867424198559e-01
-6.703769867424198559e-01
-6.703769867424198559e-01
-1.235956637249828516e+00
-1.210532725164590095e+00
-4.626995510570006687e-01
-5.267876619908622438e-01
-1.095560711423664291e+00
-1.210632950764774174e+00
-3.140922915568546969e-01
-6.687484875990565847e-01
-1.218129959430455767e+00
-5.452789607764438884e-01
-4.796360799806378417e-01
-1.110923455854789133e+00
-1.210761509724576079e+00
-1.213080214389404610e+00
-1.086412135264184897e+00
-6.368284088228093331e-01
-6.368284088228093331e-01
-1.435376640200542564e+00
-6.410110450321622189e-01
-6.368284088228093331e-01
-6.368284088228093331e-01
-6.368284088228093331e-01
-6.368284088228093331e-01
-6.368284088228093331e-01
-6.368284088228093331e-01
-6.368284088228093331e-01
-6.368284088228093331e-01
-6.368284088228093331e-01
-6.368284088228093331e-01
-6.368284088228093331e-01
-1.526111250143090237e+00
-1.210542178410877190e+00
-8.878567963131898111e-01
-1.156295017557312121e+00
-1.156295017557312121e+00
-1.210632950764774174e+00
-1.210632950764774174e+00
-1.224230966012853639e+00
-7.459609060260325997e-01
-1.217920983953467928e+00
-1.410553085252719274e+00
-5.617762934503525152e-01
-1.210550234409924597e+00
-1.210550234409924597e+00
-1.210550234409924597e+00
-1.024198349436501232e+00
-5.677480287875469323e-01
-3.910181443504163745e-01
-9.403997883170818195e-01
-1.021009100823967231e+00
-1.066466321108285875e+00
-1.404919941900603320e+00
-1.028067495876283655e+00
-1.148690746179492850e+00
-9.434673510772402238e-01
-1.205240833638277387e+00
-1.205240833638277387e+00
-9.760567755656310851e-01
-1.270008326202039184e+00
-1.270008326202039184e+00
-1.270008326202039184e+00
-1.270008326202039184e+00
-1.236904134659605692e+00
-1.222822972773117689e+00
-6.274729826432952073e-01
-1.547385145063099099e+00
-6.368284088228093331e-01
-6.368284088228093331e-01
-1.267344651687126067e+00
-6.368284088228093331e-01
-1.138617177879239328e+00
-1.138617177879239328e+00
-1.167294510098668692e+00
-1.167294510098668692e+00
-6.368284088228093331e-01
-6.276086625017223142e-01
-6.276086625017223142e-01
-1.310233533621576907e+00
-6.740378360676233527e-01
-1.210553427496423140e+00
-1.087621363053607793e+00
-1.087621363053607793e+00
-1.087621363053607793e+00
-1.087621363053607793e+00
-1.282272050957075082e+00
-1.170458481773400061e+00
-1.232035199751423615e+00
-1.397642069863187508e+00
-1.397642069863187508e+00
-1.183826123295523836e+00
-1.210827828668470163e+00
-7.460669217327576819e-01
-7.460669217327576819e-01
-1.189807287207876652e+00
-1.189807287207876652e+00
-1.189807287207876652e+00
-1.146969181215013345e+00
-1.122614960371334458e+00
-9.224147500284476386e-01
-9.224147500284476386e-01
-9.224147500284476386e-01
-1.353885762025528461e+00
-8.211329910164351098e-01
-8.211329910164351098e-01
-1.190138387960496980e+00
-1.284124432449422759e+00
-9.431328626507342605e-01
-1.210577882171062214e+00
-1.210577882171062214e+00
-1.210577882171062214e+00
-1.210577882171062214e+00
-1.214137916229441005e+00
-1.214137916229441005e+00
-1.214137916229441005e+00
-7.595494202383288318e-01
-5.943210741830555754e-01
-7.250607003025755226e-01
-1.207469093111629421e+00
-1.222761926513454611e+00
-1.203337708131233974e+00
-1.258673166324203674e+00
-1.161433808872837092e+00
-1.339773744225782437e+00
-1.339773744225782437e+00
-7.237343409404162209e-01
-1.011627810999234267e+00
-8.722399242468727998e-01
-1.409302490370615946e+00
-1.074436932960351365e+00
-1.226566803575468434e+00
-1.444736128051322677e+00
-4.637767982646034959e-01
-4.637767982646034959e-01
-6.897471494836966421e-01
-1.401284535458616975e+00
-1.401284535458616975e+00
-1.201741917388139180e+00
-7.746378342242423720e-01
-9.838009179189830533e-01
-7.441642583105401165e-01
-1.175107905051901103e+00
-1.175107905051901103e+00
-1.142619292446174217e+00
-5.694718734697454821e-01
-1.418987203397805485e+00
-1.346531773109475694e+00
-1.210632950764774174e+00
-6.286558318115811339e-01
-1.093364711691141355e+00
-1.520285611371614554e+00
-1.397757096978466951e+00
-7.187143573206236091e-01
-5.661232095749504367e-01
-1.360282728261170249e+00
-1.317851590920275928e+00
-1.237078057631318950e+00
-8.017527869046667810e-01
-8.017527869046667810e-01
-1.215705641116030078e+00
-7.523856726536870543e-01
-1.210632950764774174e+00
-6.368284088228093331e-01
-2.019493823863309778e-01
-1.431935363676252404e+00
-5.562282121612689423e-01
-9.258369461987421278e-01
-6.357059045096113969e-01
-7.462621506096991375e-01
-6.847836682803989383e-01
-8.647697138806398343e-02
-1.232035199751423615e+00
-1.073912033165690172e+00
-1.209800974250436312e+00
-2.841614533686698252e-02
-8.249127191875929022e-01
-8.249127191875929022e-01
-1.440911407635182995e+00
-1.343210632138432725e+00
-4.187547404845264332e-01
-1.113661352867086896e+00
-5.865383435892677078e-01
-8.002040062088142669e-01
-6.368284088228093331e-01
-7.011514593475909329e-01
-5.086440259355282656e-01
-1.121303228745427649e+00
-6.368284088228093331e-01
-1.210577882171062214e+00
-1.081386919096912758e+00
-7.367823548746339490e-01
-7.367823548746339490e-01
-1.209241604615079124e+00
-7.516871311995596550e-01
-7.614841481659726519e-01
-7.944517320727944032e-01
-1.161702491151522576e+00
-1.498189304216487105e+00
-1.270127336873950963e+00
-6.368284088228093331e-01
-6.103380252736014810e-01
-6.368284088228093331e-01
-6.368284088228093331e-01
-1.122268160385019975e+00
-1.223564879147996054e+00
-1.223564879147996054e+00
-1.223564879147996054e+00
-1.210172342214084651e+00
-6.368284088228093331e-01
-1.210172342214084651e+00
-6.368284088228093331e-01
-6.368284088228093331e-01
-6.368284088228093331e-01
-6.368284088228093331e-01
-6.368284088228093331e-01
-6.368284088228093331e-01
-5.748150950447725727e-01
-6.368284088228093331e-01
-1.278812180602552306e+00
-5.195223903760379791e-01
-1.280187420778427398e+00
-9.698602508143960854e-01
4.587238545388983013e-02
-1.211856863133401907e+00
-7.475034311247124030e-01
-1.024850334835255783e+00
-4.595310762774613700e-01
-4.652833264777789246e-01
-1.235028847138904817e+00
-1.078927874546190768e+00
-1.078927874546190768e+00
-1.351823563174563425e+00
-6.368284088228093331e-01
-9.074636073719246632e-01
-1.207647705723143616e+00
-1.195800732189017834e+00
-1.208612966205716788e+00
-3.791654033965641268e-01
-8.845878446578834264e-01
-4.653378133479164624e-01
-1.144086901835571712e+00
-6.368284088228093331e-01
-6.737839667573516378e-01
-1.387512253331147694e+00
-1.235637241998924551e+00
-6.368284088228093331e-01
-5.896996923011612601e-01
-8.189123758673280129e-01
-6.718301820971945837e-01
-1.253724638308729933e+00
-4.872594136734078596e-01
-2.976315770141044759e-01
-5.657440952892667241e-01
-1.019816252218138874e+00
-3.488988235430228180e-01
-1.814977763264629118e-01
-1.316453091965797073e+00
-6.368284088228093331e-01
-7.778630109371271750e-01
-4.735915295711712325e-01
-4.937214943764463015e-01
-8.861873832811251184e-01
-1.395518544564485541e+00
-1.277055230441522360e+00
-9.687231611706716983e-01
-9.687231611706716983e-01
-8.130470320068190482e-01
-8.130470320068190482e-01
-1.324472371764971790e+00
-1.206329187819365822e+00
-1.206329187819365822e+00
-1.206329187819365822e+00
-1.327817922920786042e+00
-1.125466151138642568e+00
-6.368284088228093331e-01
-7.324869530442503773e-01
-1.464203675311016362e+00
-1.210532725164590095e+00
-5.822685200624468926e-01
-3.392514743504571051e-01
-6.128315223747153873e-01
-8.645394749937724832e-01
-1.192643937209685312e-01
-1.109123054822626520e+00
-1.109123054822626520e+00
-1.109123054822626520e+00
-4.358810985218659617e-01
-5.685794540868474023e-01
-6.368284088228093331e-01
-1.298646270156423643e+00
-2.437531606605545242e-01
-6.602755154869659471e-01
-1.270340530196407691e+00
-1.234473848642237748e+00
-7.587750481595141316e-01
-1.080154167668315512e+00
-1.217321247463233558e+00
-5.376546653082070470e-01
-1.165333299232630626e+00
-4.718511777881588820e-01
-6.252402368012597300e-01
-9.473480029684329118e-01
-7.459506356937981586e-01
-1.173746710524874448e+00
-4.064804171708469305e-01
-4.064804171708469305e-01
-4.064804171708469305e-01
-5.189134013609213447e-01
-4.416731862568217259e-01
-8.636438210591141917e-01
-9.282522367263958962e-01
-5.653258806119967339e-01
-7.529116922719665261e-01
-3.457458604988707940e-01
-3.457458604988707940e-01
-3.457458604988707940e-01
-3.457458604988707940e-01
-1.247205044789224226e+00
-1.247205044789224226e+00
-1.275774766441744035e-01
-8.298016896373856532e-01
-1.210643783594858691e+00
-1.210761509724576079e+00
-9.732764675841920621e-01
-6.368284088228093331e-01
-6.776360461237040944e-01
-1.246185929138919679e+00
-1.070553525498243008e+00
-4.238317026830951129e-01
-1.019769929557586163e+00
-1.063165984791321961e+00
-1.127819254608869226e+00
-1.211275250613600862e+00
9.999515568420798139e-01
-5.637486371985556133e-02
-8.034378329741937996e-01
-1.050028327625403879e+00
-8.062901023155411018e-01
-9.262623598469255093e-01
-1.280318602985228704e+00
-9.484752860610656811e-01
-6.368284088228093331e-01
-2.950240477477716894e-03
-1.425097372466998191e+00
-1.201108168858354475e+00
-3.338209200293928980e-01
-5.042321710226773668e-01
-6.368284088228093331e-01
-8.904143354114033571e-01
2.889828981493822724e-01
-5.927155623428013165e-01
-1.079072289474146684e+00
-8.630404420129980103e-01
-5.958555250520812807e-01
-2.339189888264368022e-01
-1.087377758532639849e+00
-7.956309386993285493e-01
-1.076062124158168043e+00
-8.512422146267182299e-01
-8.512422146267182299e-01
-1.196255398997947861e+00
-3.586721901327725170e-01
-1.480038402688228727e+00
-1.210556346589173549e+00
-1.074252575822161049e+00
-3.336139208159143443e-01
-1.211571311641339577e+00
-9.559272393350983776e-01
-5.906351199560719856e-01
-1.233566269464895004e+00
-1.233566269464895004e+00
-1.256926256792474383e+00
-9.466524542621232996e-01
1.720145186206281096e-01
-3.695148172695579269e-01
-5.116649376590083342e-01
-5.654403552225528706e-01
-7.798481800568193290e-01
-1.315597739155206281e+00
-4.305223741789885317e-01
-8.255502189482650799e-01
-1.019113535185767638e+00
-1.210632950764774174e+00
-5.035385172100141915e-01
-1.120318179184286222e+00
-1.120318179184286222e+00
-4.473679514284243375e-01
-1.214775225742386500e+00
-1.211856863133401907e+00
-1.209674128070276744e+00
-1.145358241596953652e+00
-1.188023595872597316e+00
-1.242621649594762845e+00
-1.154659441586919577e+00
-1.154659441586919577e+00
-6.803808037928789076e-01
-1.143700516656114274e+00
-1.143700516656114274e+00
-1.143700516656114274e+00
-1.231471038048949529e+00
-1.183135967986733039e+00
-1.201741917388139180e+00
-1.201741917388139180e+00
-1.201741917388139180e+00
-3.462698800503605234e-01
-7.985025721485681238e-01
-6.654464000819815261e-01
-1.181384869009611371e+00
-1.145523846438340598e+00
-1.145523846438340598e+00
-5.320085237164611236e-01
-2.153714985716033148e-01
-2.153714985716033148e-01
-4.819575781454736862e-01
-9.497406032494086769e-01
-9.482943057868640224e-01
-2.411755101876571494e-01
-2.411755101876571494e-01
-6.368284088228093331e-01
-1.256993046025316030e+00
-1.261226420152093741e+00
-9.838009179189830533e-01
-1.230885711964405882e+00
-1.230885711964405882e+00
-1.230885711964405882e+00
-1.167994742286115883e+00
-1.047318957784878268e+00
-1.210619551396438620e+00
-5.410458555600095032e-01
-5.410458555600095032e-01
-8.520295098500088038e-01
-1.283734258742951440e+00
-1.283734258742951440e+00
-9.184380252165214031e-01
-1.330438335679002826e+00
-1.080812096059879046e+00
-7.551624207737173133e-01
-1.020391466553148607e+00
-8.040807122924658046e-01
-9.327543314357167326e-01
-8.538558349818834436e-01
-2.796514707929804722e-01
-1.167036595174781421e+00
-9.741022478703500465e-01
-2.836131967566388745e-01
-1.210684405961613530e+00
-6.368284088228093331e-01
-1.240598617820604321e+00
-6.859718280155546744e-01
-1.510211008428538726e+00
-7.157907841904438406e-01
-1.155783244729538417e+00
-1.210547417807922077e+00
-1.422488352278787449e+00
-1.215033901043141906e+00
-1.241701167883908496e+00
-6.623889641791280702e-01
-5.778677687739883773e-01
-1.218338987267829410e+00
-1.218338987267829410e+00
-1.133188852491348708e+00
-1.201741917388139180e+00
-1.337528026588074237e+00
-1.337528026588074237e+00
-6.949716374303180899e-01
-1.472899386199107763e+00
-1.162808810008877813e+00
-1.162808810008877813e+00
-1.162808810008877813e+00
-1.210541535346688402e+00
-8.706082276388116270e-01
-1.210632950764774174e+00
-5.319546822387883900e-01
-5.319546822387883900e-01
-6.709476593562198055e-01
-6.709476593562198055e-01
-1.172675423042252252e+00
-9.152355438286003952e-01
-1.054271692944601879e+00
-1.205520020605054254e+00
-1.210632950764774174e+00
-6.368284088228093331e-01
-1.210632950764774174e+00
-5.403958407660405250e-01
-3.267956702347176723e-01
-3.986084334140782559e-02
-1.211856863133401907e+00
-1.251931011537257499e+00
-6.368284088228093331e-01
-1.251931011537257499e+00
-6.368284088228093331e-01
-6.368284088228093331e-01
-5.204488919722920492e-01
-5.997874958896374231e-01
-1.210632950764774174e+00
-8.740008116030417717e-01
-9.918123651666457263e-01
-1.210550424446345863e+00
-9.121303752450700131e-01
-9.702478759035559897e-01
-8.748385078889620026e-01
-6.368284088228093331e-01
-9.612119458596355415e-01
-9.077978152127322842e-01
-1.210695021459218035e+00
-7.019690850139506111e-01
-4.487734205279889643e-01
-6.368284088228093331e-01
-5.576730131237708221e-01
-6.866308471280127002e-01
-6.368284088228093331e-01
-1.245085146895255512e+00
-1.107074944177891762e+00
-1.166151175474391621e+00
-9.256676862045472021e-01
-7.731194789602082729e-01
-6.368284088228093331e-01
-8.866755259792987731e-01
-6.376561850076993831e-01
-1.511965658035224092e+00
-5.319120479339458640e-01
-1.028484152520692030e+00
-9.352441878140882459e-01
-9.898965039820279976e-01
-9.748764481965399575e-01
-8.105223741634337564e-01
-6.376498176880773805e-01
-1.102982623970276910e+00
-1.194529587394896453e+00
-1.094609431224561780e+00
-8.852068886272292936e-01
-7.863689131959827883e-01
-8.494560874840080267e-01
-1.209438773404626355e+00
-4.514641646748454029e-01
-4.301465320653146129e-01
-1.213254932532679797e+00
-1.199713950355988601e+00
-1.210549493240298924e+00
-1.170303335484748297e+00
-7.331945093805845026e-01
-6.368284088228093331e-01
-3.320482510582158930e-01
-1.211897709393831457e+00
-4.059370010302125742e-01
-1.210670940465492285e+00
-6.368284088228093331e-01
-1.878398806750900540e-01
-5.510346896522615445e-01
-6.368284088228093331e-01
-1.146633383522774441e+00
-1.210632950764774174e+00
-9.641122778614195088e-01
-9.967883281477982749e-01
-6.368284088228093331e-01
-9.967883281477982749e-01
-5.012032074622667643e-01
-1.251603361282097815e+00
-1.251603361282097815e+00
-3.721048380134104328e-01
-5.333518232722194163e-01
-8.832701588617455357e-01
-1.241744129122133611e+00
-1.052125515650559784e+00
-8.185669263857668909e-01
-1.369356321744727545e+00
-1.080831953963761860e+00
-9.216466077914260424e-01
-1.083829174142511675e+00
-4.831723798438853912e-01
-3.285660161591907880e-02
-1.323087309585363247e+00
-6.187670929628708016e-01
-1.210761509724576079e+00
-1.208414027768536680e+00
-9.971647663766787240e-01
-9.971647663766787240e-01
-7.459524482200330375e-01
-5.616632523780529240e-01
-9.976603709911970874e-01
-1.010924477717991321e+00
-1.020473801729664398e+00
-4.729552055771333308e-01
-1.203795875059329834e+00
-1.622176992628579395e+00
-1.136826503718580295e+00
-9.513110082343261276e-01
-6.670580550556048927e-01
-3.855735114339133851e-01
-5.387239590875889661e-01
-2.596990924778590504e-01
-1.188897719826073507e+00
-2.052866997402422733e-01
-5.349543242143384170e-01
-1.015606010868296050e+00
-1.263047099337834656e+00
-1.350738346958518132e+00
-9.599263432418276842e-01
-8.976593610579559623e-01
-4.670974300601868912e-01
-7.106349460957397390e-01
-1.291325496728803035e+00
-1.260576250948039601e+00
-4.317580222301260484e-01
-4.317580222301260484e-01
-4.317580222301260484e-01
-4.846504504170683347e-01
-4.846504504170683347e-01
-5.006538232598756188e-01
-4.746677703513162427e-01
-1.200094858081447668e+00
-2.346336516034868147e-01
-8.579444886697529249e-01
-1.210397660563198530e+00
-9.765978796896266356e-01
-8.726938267063837351e-01
-9.838009179189830533e-01
-1.080106847048603935e+00
-9.121620179327927236e-01
-1.211856863133401907e+00
-1.171140106731020758e+00
-1.140424500679342756e+00
-1.237543908986884933e+00
-1.207239433592948830e+00
-9.564429439201966865e-01
-4.344767559656914635e-01
-1.579360366146391748e+00
-7.830393794165666499e-01
-1.446254338898918412e+00
-1.446254338898918412e+00
-1.446254338898918412e+00
-1.210541800495047671e+00
-1.232059047904824345e+00
-2.343111948920850729e-01
-1.097797020786799749e+00
-7.334840241414575246e-01
-1.301744703197881492e+00
-1.210632950764774174e+00
-6.322780780402428302e-01
-1.388577910868221688e+00
-1.359035409522941773e+00
-5.092174843016072927e-01
-1.041150096752986975e+00
-9.471480365165896309e-01
-7.561854779422723105e-01
-1.309804101691546929e+00
-1.201741917388139180e+00
-1.069843526239309561e+00
-9.703891988573603022e-01
-1.228485114085839935e+00
-1.192772509288042571e+00
-1.038781668616610254e+00
-8.172784509090504912e-01
-6.368284088228093331e-01
-1.210632950764774174e+00
-1.235587024549244184e+00
-1.210619551396438620e+00
-5.670414112141952678e-01
-1.038250125414962088e+00
-4.111201404626831923e-01
-3.742561186112012273e-01
-2.927049396066334630e-01
-9.910661005856078454e-01
-9.910661005856078454e-01
-8.592506055796902409e-01
-4.541388272945510174e-01
-4.541388272945510174e-01
-9.335218289095605915e-01
-9.335218289095605915e-01
-3.645600661136367826e-01
-1.025539419514769790e+00
-1.016927094457819702e+00
-5.676649073226696096e-01
-4.933182792071559852e-01
-1.079146020184764687e-01
-8.359026300276775068e-01
-5.404460115276044085e-01
-4.417965416592637418e-01
-4.199450724211533093e-01
-4.199450724211533093e-01
-4.334067782494748222e-01
-6.368284088228093331e-01
-4.334067782494748222e-01
-4.334067782494748222e-01
-4.334067782494748222e-01
-4.334067782494748222e-01
-1.210541265852074222e+00
-4.440416774127302624e-01
-1.061950047651398332e+00
-1.061950047651398332e+00
-1.061950047651398332e+00
-1.081623055024179658e+00
-9.877052787756857022e-01
-9.195181206525551154e-01
-1.248397185240213592e+00
-1.051467721924678189e+00
-8.071783544477137973e-01
-6.146387622722579991e-01
-8.987037511584849980e-01
-7.154236722908398072e-01
-1.215897084025221897e+00
-3.715266238263339460e-01
-6.368284088228093331e-01
-4.445298627509313150e-01
-4.445298627509313150e-01
-1.362882409125296679e+00
-1.185269351454000475e+00
-1.185269351454000475e+00
-5.609433518012205688e-01
-5.609433518012205688e-01
-1.224430511121567422e+00
-1.173885322301272183e+00
-1.315772869812396717e+00
-8.792205283570919683e-01
-1.191033181637869642e+00
-1.191033181637869642e+00
-1.153128461889194156e+00
-9.816794192398137220e-01
-1.189412451811769023e+00
-9.729079178501098824e-01
-9.729079178501098824e-01
-1.210509492436165457e+00
-1.196000060482770522e+00
-1.206027998432076087e+00
-9.677563565279441171e-01
-1.193285316887500613e+00
-1.022155023693573916e+00
-6.368284088228093331e-01
-6.368284088228093331e-01
-6.368284088228093331e-01
-8.393724926728416413e-01
-8.393724926728416413e-01
-1.160643430649460850e+00
-1.160643430649460850e+00
-1.002524972854546892e+00
-6.612875768508410523e-01
-4.587665774422124976e-01
-9.469306981842315896e-01
-4.655024524787454432e-01
-2.553796027298678162e-01
-1.103284973350328269e+00
-7.036534452788507643e-01
-1.207777655098345004e+00
-1.454963232060899392e+00
-6.368284088228093331e-01
-1.099569517702519761e+00
-1.186097970871600182e+00
-4.622583748001853898e-01
-1.059584301161535347e+00
-2.731007247259369386e-01
-3.635656660128367967e-01
-7.159291334718491662e-01
-1.288226053455887588e-01
-7.669388646952426392e-01
-1.208612841259992798e-01
-1.170103913588242506e+00
-1.210632950764774174e+00
-5.246478955115505549e-01
-8.151504364887984799e-01
-1.095489674782746281e+00
-1.158262294526983816e-01
-1.210548768963058963e+00
-1.750380928380246282e+00
-8.187827531066882436e-01
-9.417602575521213382e-01
-1.210632950764774174e+00
-1.210951707786932952e+00
-1.210951707786932952e+00
-6.368284088228093331e-01
-1.210951707786932952e+00
-9.242591302812108722e-01
-6.368284088228093331e-01
-8.772041959258536359e-01
-8.849343760500842926e-01
-9.661720166224798678e-01
5.409658478780299262e-02
-8.881644098567353929e-01
-1.225120533863772065e+00
-1.212062799602646956e+00
-7.951994959389341311e-01
-1.474847953513338528e+00
-1.083071041528513856e+00
-7.573684181713509211e-01
-7.669475756055255111e-01
-6.368284088228093331e-01
-1.213464206799345968e+00
-3.679700642527437005e-01
-4.988047993751396625e-01
-2.279200493971464958e-01
-1.177952855095747653e+00
-5.917988291217608499e-01
-1.022671394841001113e+00
-9.138000572522153586e-01
-9.892432567914295483e-01
-6.322204358861456264e-01
-1.215188198620615889e+00
-7.768535941246490495e-01
-8.688573696462191798e-01
-6.368284088228093331e-01
-1.456909228649672094e-01
-1.955466132359933162e-01
-2.468912815094834734e-01
-9.107865179910290543e-01
-9.643980539288583564e-01
-1.167446669148984650e+00
-8.479120711652067266e-01
-1.401358815184998718e+00
-9.838009179189830533e-01
-9.838009179189830533e-01
-1.441578909404884534e+00
-1.213805427915408464e+00
-1.213805427915408464e+00
-1.250993871790531120e+00
-6.342285348494738351e-01
-4.318393278409558000e-01
-6.277021448628805622e-01
-9.272555529749855197e-01
-7.977129150320330098e-01
-6.337189126824709362e-01
9.999092868957193403e-01
-7.365812967542366696e-01
-4.264746152296710058e-01
-4.785904635595561452e-01
-5.308651908714803191e-01
-8.927950655118075396e-01
-1.185055024182340100e+00
-6.368284088228093331e-01
-1.251669722881212365e+00
-8.164050586792002129e-01
-1.186735443099387943e+00
-7.520171636903980605e-01
-7.722730272501929782e-01
-1.015112842197863241e+00
-1.213151385199102483e+00
-6.102283279433762253e-01
-1.110979541911779833e+00
-9.289445066083357183e-01
-9.289445066083357183e-01
-9.289445066083357183e-01
-9.289445066083357183e-01
-9.289445066083357183e-01
-1.209162707656911806e+00
-9.838009179189830533e-01
-8.975107943730886717e-01
-7.466523029034279890e-01
-4.853798330059517774e-01
-3.049677074217895800e-01
-8.685655701761221259e-01
-7.455274023455702448e-01
-1.210695021459218035e+00
-7.726888604598407539e-01
-7.726888604598407539e-01
-9.485831743793604609e-01
-6.368284088228093331e-01
-1.215786828428000010e+00
-6.368284088228093331e-01
-3.987246115553220172e-01
-3.623954315579465124e-01
-1.210684405961613530e+00
2.521501008056374893e-01
-6.368284088228093331e-01
-6.368284088228093331e-01
-6.368284088228093331e-01
-2.493755611311745390e-01
-4.814325961154457545e-01
-7.459103163605527165e-01
-6.368284088228093331e-01
-1.864800493545946125e-01
-6.368284088228093331e-01
-7.992497405583720571e-01
-6.637541916889939664e-01
-2.523443865489070070e-01
-2.523443865489070070e-01
-2.523443865489070070e-01
-3.497953499884753903e-01
-6.242826880471041839e-01
-3.478125722928555597e-01
-1.210585458880627296e+00
-1.226793570574751246e+00
-1.226793570574751246e+00
-1.080602212471132750e+00
-1.270329929827012982e+00
-9.968155644638074797e-01
-3.603943169015222381e-01
-7.100337148269839638e-01
-3.397905190249201901e-01
-4.071095522174190684e-01
-6.368284088228093331e-01
-9.948627411800363696e-01
-2.337896547649545020e-01
-7.814646782020573390e-01
-9.631157142320661002e-01
-9.631157142320661002e-01
-1.207823073644162193e+00
-1.207823073644162193e+00
-1.365338712715948200e+00
-6.276476546412945723e-02
-1.986861680665703567e-01
-1.030210891449679256e+00
-3.534979290299475885e-01
-4.025795653268358087e-01
-1.043028391350436568e+00
-8.194980209094020474e-01
-8.990599649812964778e-01
-1.499370806497454911e+00
-1.012278844010751744e+00
-3.871965230947722603e-01
-7.798518083762906450e-01
-1.185960217534407724e+00
-1.217393384775802501e+00
-9.970177745599066998e-01
-3.331169073935567049e-01
-9.794225142711319165e-01
-1.060912825152717343e+00
-1.040625314604331164e+00
-1.040625314604331164e+00
-8.236888620206048728e-01
-4.473478949493965295e-01
-1.157645963728846539e+00
-1.377277064107774063e+00
-1.377277064107774063e+00
-9.127889045693984293e-01
-1.287248195976683718e+00
-1.287248195976683718e+00
-1.201649754894027256e+00
-1.201649754894027256e+00
-1.201649754894027256e+00
-9.410032480142676015e-01
-1.428536024645869595e+00
-7.438619500484420222e-01
-1.213819813648348900e+00
-9.838009179189830533e-01
-1.202170896778836262e+00
-1.457749245083469258e+00
-1.457749245083469258e+00
-7.251658707205828058e-01
-1.152120055088682316e+00
1.143519463235866951e-01
1.143519463235866951e-01
-5.067619230428834776e-01
-1.344790915011424337e+00
-8.267443662722191444e-01
-9.432994860364221079e-01
-6.177547835692416278e-01
-9.838009179189830533e-01
-1.120632681993036783e+00
-1.210632950764774174e+00
-1.420348793959242961e+00
-1.210632950764774174e+00
-6.464942997254028434e-01
-9.246291945510831667e-01
-1.203022137807381764e+00
-1.203022137807381764e+00
-1.229680983183183418e+00
-1.229680983183183418e+00
-1.201741917388139180e+00
-9.264627932359572604e-01
-1.711339527515274295e-01
-1.209730311907458278e+00
-5.770794610258627166e-01
-6.368284088228093331e-01
-5.770794610258627166e-01
-1.250979073741929071e+00
-6.157163640915017666e-01
-6.157163640915017666e-01
-9.397816930323399376e-02
-1.162435715749099652e+00
-1.027876890163595291e+00
-8.121600445994427986e-01
-8.121600445994427986e-01
-1.277667304423773631e+00
-8.684763610008370271e-01
-1.224965632005486471e+00
-1.210573125020810048e+00
-1.235385731881068150e+00
-6.932887049872360485e-01
-3.760023541460095764e-01
-7.635506984030127064e-01
-1.947800089361098053e-01
-9.575904154035836946e-01
-6.262274079646263925e-01
-1.239567487613417729e+00
-1.423745720617408450e+00
-2.426909764079736576e-01
-1.110101784305292050e+00
-9.548495073224394503e-01
-1.178220751010900180e+00
-8.907720002693300110e-01
-8.098175063333443724e-01
-4.261020442840215416e-01
-5.117161370391873909e-01
-5.117161370391873909e-01
-7.722599865461066138e-01
-1.210564581343824386e+00
-5.885834667229601358e-01
-8.229909645393878037e-01
-3.011620363138622913e-01
-1.166345858403339708e+00
-9.579925705051421936e-01
-1.000539830159142385e+00
-7.802683162343346801e-01
-1.347081939560532682e-01
-9.727805145762276062e-01
-8.476522585846253399e-01
-1.210761509724576079e+00
-4.522010888089544878e-02
-9.945747401006999056e-02
-5.947587763347432777e-01
-7.563185461780951302e-01
-4.872761340966969001e-02
-1.201741917388139180e+00
-1.534877800080852506e+00
-1.534877800080852506e+00
-9.916703029051143758e-02
-9.135374142580894308e-01
-2.270739283024387767e-01
-3.352357484251888842e-01
-2.385799247466242612e-01
-6.037114876075135861e-01
-7.840661695532742392e-01
-1.259846179036104630e+00
-5.173871566641383701e-01
-7.090075065349203953e-01
-6.730702115810278663e-01
-3.670477579693343095e-01
-1.031533144508142374e+00
-3.349562052386665378e-01
-6.636782274609114296e-01
-7.664752948123392251e-01
-1.422131080780866697e+00
-1.201741917388139180e+00
-1.137713795174218445e+00
-1.060665499234370035e+00
-1.060665499234370035e+00
-1.060665499234370035e+00
-6.576250101234095702e-01
-3.077206377670709259e-01
-2.544709596814147545e-01
-1.087147660445257014e+00
-1.010944688868151697e+00
-1.292674610936530133e+00
-9.335510623683180853e-01
-1.105480660029760198e+00
-9.938129809863451847e-01
-1.481762628670723281e+00
-8.671919985506000295e-01
-1.457806016406619332e+00
-1.088457355280433081e+00
-1.155061207100357867e+00
-1.569169986222283875e+00
-8.589194638793626879e-01
-9.091427746423286216e-01
-7.742494604890706178e-01
-1.345385200065758458e+00
-6.209526990894143061e-01
-7.240881953620399436e-01
-7.044766755501981059e-01
-4.831062069061053954e-01
-7.155810842411773898e-01
-5.604214843701309512e-01
-8.977629419912589448e-01
-6.063521291288425097e-01
-5.846262970626985300e-01
-1.211897709393831457e+00
-1.210695021459218035e+00
-9.318690013753525569e-01
-9.318690013753525569e-01
-1.295814474987824649e+00
-9.981359074415387944e-01
-7.060999835459864649e-01
-7.060999835459864649e-01
-8.845158887103088396e-01
-6.620273109972818482e-01
-9.006286225928309408e-01
-1.080521991084673061e+00
-6.618794670850220996e-01
-1.119006573174740726e+00
-7.404439127942477050e-01
-1.301641360916605539e+00
-1.112840846698074371e+00
-1.112840846698074371e+00
-8.969469388530089127e-01
-1.071213870762700804e+00
-2.988154855388018838e-01
-1.546091478771253858e+00
-1.210948941025817627e+00
-7.370577656523304988e-01
-6.298460723087271340e-01
-1.046768824187346514e+00
-5.435865164241184821e-01
-1.082286694341518807e+00
-1.085280234597584492e+00
-1.120921855981389825e+00
-1.207389268226553902e+00
-1.207389268226553902e+00
-1.207389268226553902e+00
-1.264158123607850737e+00
-4.223465006448061665e-01
-9.406935519795527334e-01
-8.429484113879057716e-01
-1.016810552794661593e+00
-5.256606848104952157e-01
-1.210587659504900548e+00
-6.764258608236399795e-01
-1.029778993664462572e+00
-6.368284088228093331e-01
-1.257125969459684134e+00
-1.087993512403325980e+00
-1.613726256404216075e+00
-1.273520273410654546e+00
-1.273520273410654546e+00
-9.474784550171242437e-01
-8.290220508751988682e-01
-8.281324390570410365e-01
-6.126082014681297760e-01
-1.356545720464357618e+00
-1.211856863133401907e+00
-3.784384001112317542e-01
-1.159205609268719517e+00
-9.838009179189830533e-01
-2.567213677830610941e-01
-6.368284088228093331e-01
-6.368284088228093331e-01
-3.852192158972189695e-01
-1.590932927128871910e+00
-5.895149119648945835e-01
-8.852798222821354202e-01
-1.161509381057848511e+00
-1.090694569497668187e+00
-8.579226090434217689e-01
-1.298753027967051832e+00
-1.014651578519553787e+00
-6.204703090133567578e-01
-1.212023738148811702e+00
-1.169438625772711848e+00
-7.994479862431798090e-01
-6.148186617968991463e-01
-6.368284088228093331e-01
-1.210541706873337953e+00
-8.966457640648726191e-01
-1.210632950764774174e+00
-1.210009317861791667e+00
-1.215574072079622425e+00
-1.164614720087446154e+00
-1.130865148747515203e+00
-1.094307578866169806e+00
-1.296485470990335509e+00
-9.617995131437027112e-01
-8.730094505732828303e-01
-1.448674791979984722e+00
-9.838009179189830533e-01
-6.368284088228093331e-01
-8.473515179818575938e-01
-6.272024012203343268e-01
-1.453867762998923840e+00
-7.552833316586977652e-01
-1.246612564965360992e+00
-8.967853794913067667e-01
-1.224740226016195255e+00
-1.057171928976505582e+00
-1.124724851140432857e+00
-2.210672694109256931e-01
-2.210672694109256931e-01
-8.388397878581410616e-01
-3.818713835524527589e-01
-6.368284088228093331e-01
-4.108658077154605515e-01
-1.107596051901014622e+00
-1.107596051901014622e+00
-1.210541265852074222e+00
-1.403455932091571157e+00
-1.219455044554667911e+00
-9.874304170326362318e-01
-1.100068616096841367e+00
-1.250968550782700639e+00
-1.227257218420702456e+00
-1.177125050469029599e+00
-1.107157303505013735e+00
-1.107157303505013735e+00
-1.107157303505013735e+00
-1.204544797113671351e-02
-5.108221145071536462e-01
-9.838009179189830533e-01
-7.473183986656826150e-01
-1.137108181508138971e+00
-1.232035199751423615e+00
-9.623350925733658023e-01
-9.623350925733658023e-01
-1.213803311944838370e+00
-6.006570223865628222e-01
-1.210632950764774174e+00
-1.064072243265576700e+00
-9.124314753724918070e-01
-6.001007313558508471e-01
-8.069692092410951645e-01
-1.057979400473356257e+00
-6.183628296588405959e-01
-6.183628296588405959e-01
-9.923446581200869865e-01
-9.229596005152922444e-01
-7.835530545272173519e-01
-1.201741917388139180e+00
-7.293307543627682854e-01
-1.029745613348120203e+00
-1.166160207640304813e+00
-4.782686215906664096e-01
-1.736301306343509099e+00
-9.180396329252045184e-01
-8.704630347724129358e-01
-1.210541265852074222e+00
-3.686340610698339848e-01
-1.030773613908507080e+00
-2.310759865775966482e-01
-1.154983805144800035e+00
-7.778503788200992197e-01
-1.233252091622570434e+00
-1.233252091622570434e+00
-7.001745203724896172e-01
-1.137591097893628778e+00
-4.654899683635354002e-01
-1.100863715137258225e+00
-1.100863715137258225e+00
-1.424691463678505965e+00
-8.061919129951093943e-01
-9.893347736014947991e-01
-8.706050462305805482e-01
-1.371804529921766047e+00
-8.510280947359230019e-01
-8.192517134169086113e-01
-1.058924297656121283e+00
-8.936146865594305488e-01
-4.596000512493856327e-01
-1.190805432658368357e+00
-1.283463573447390482e+00
-6.365805723577522279e-01
-1.316084924432967318e+00
-1.114120633043537811e+00
-1.337594519892828959e+00
-8.004916345895143337e-01
-1.267137087974791854e+00
-1.210632950764774174e+00
-1.023068092186964595e+00
-9.807578867737904993e-01
-1.518784106217221375e+00
-4.740054692598234531e-01
1.645620731734398490e-02
-1.104489404140223119e+00
-8.301634170171046101e-01
-1.212648823843155865e+00
-7.551207811373625844e-01
-7.551207811373625844e-01
-6.096038755848627311e-01
-1.033006377202587256e+00
-6.729026236320136967e-01
-1.318070949388567614e+00
-1.229223193622134946e+00
-1.229223193622134946e+00
-5.766055413908448557e-01
-5.826509290489729764e-01
-5.662829525509738282e-01
-1.363465895086663604e+00
-1.210643783594858691e+00
-6.364188801673105189e-01
-1.210643783594858691e+00
-1.210643783594858691e+00
-5.734091128751566124e-01
-9.567876006202467032e-01
-8.788473139971038073e-01
-6.514695817038211878e-01
-9.829525813603051665e-01
-1.304385723695882682e+00
-1.364791641430167513e+00
-1.364791641430167513e+00
-1.364791641430167513e+00
-1.210761509724576079e+00
-1.210761509724576079e+00
-1.210761509724576079e+00
-6.216881261946212156e-01
-6.368284088228093331e-01
-6.216881261946212156e-01
-1.220095340863929900e+00
-1.067473365276108588e+00
-1.067473365276108588e+00
-1.067473365276108588e+00
-4.798215442407869347e-01
1.410101932208389641e-01
1.410101932208389641e-01
-5.255402033377576387e-01
-6.368284088228093331e-01
-1.249433200308387448e+00
-4.507832167621574904e-01
-1.210761509724576079e+00
-1.456105934721910522e+00
-1.456105934721910522e+00
-9.838009179189830533e-01
-7.562908405575652360e-01
-4.389134944515986625e-01
-1.251091013155059883e+00
-9.628562800404667499e-01
-1.206720037247543065e+00
-6.571147095131313343e-01
-5.265583040661989678e-01
-7.892837900044127331e-01
-5.766066509615908053e-01
-1.288699473298088760e+00
-8.292729491710670864e-01
-1.228822070177129522e+00
-1.272706572354086241e+00
-1.205902460604750592e+00
-3.376029788002106180e-01
-1.210632950764774174e+00
-1.227988303090105315e+00
-7.843207308342994288e-01
-1.260974455816215034e+00
-7.558024469764927922e-01
-1.051488145569296151e+00
-5.308792913522499823e-01
-8.369241268857439131e-01
-5.738595469500666901e-01
-1.207097784343639679e+00
-1.110493015706282893e+00
-1.149994499695582650e+00
-8.199210546092712271e-01
-3.844694642889003866e-01
-1.079720143405032751e+00
-4.195712194215306390e-01
-8.613674962855685235e-01
-1.217418135786625610e+00
-1.647222136142331816e+00
-1.647222136142331816e+00
-3.871762070709539039e-01
-5.708890813916291940e-01
-9.400080858213670787e-01
-9.400080858213670787e-01
-1.210632950764774174e+00
-6.117226457530837713e-01
-5.907293470306131944e-01
-2.783654267385711201e-01
-4.279782103569966800e-01
-3.602292445099481988e-01
-2.886672072237552733e-01
-5.071641207489130387e-01
-2.916853160003642920e-01
-1.202591686904406210e-01
-1.891848321874864958e-01
-2.530485478905037944e-01
-1.144123792795141981e+00
-1.205019701370102059e+00
-8.996365648584183639e-01
-1.231778252197645696e+00
-8.571867503922190323e-01
-5.043617303788470174e-01
-1.241963976002573578e+00
-6.338657798549545141e-01
-7.387462745414929977e-01
-5.808872499975925585e-01
-1.282590708731772278e+00
5.772678611039916419e-02
-1.152907672255882865e+00
-1.210564179051869083e+00
-9.215247052704964581e-01
-1.260352766487586429e+00
-4.537874942432238434e-01
-1.261447779308010331e+00
-7.332887954330216118e-01
-6.660566166569981128e-01
-1.253000392272304087e+00
-1.225120533863772065e+00
-1.110409824708400439e+00
-1.116623384793077767e+00
-1.213623827329709970e+00
-1.213623827329709970e+00
-8.221379751717643458e-01
-1.284498069830720901e+00
-9.237270302184490411e-01
-1.602129352470520463e+00
-1.191107865908651586e+00
-1.191107865908651586e+00
-1.191107865908651586e+00
-5.672709727250668799e-01
-6.273587488098648635e-01
-6.273587488098648635e-01
-1.193358007866689441e+00
-1.193358007866689441e+00
-1.022551282971650988e+00
-3.426991166445190196e-01
-3.426991166445190196e-01
-3.426991166445190196e-01
-1.217701381536730576e+00
-1.176446416751150803e+00
-8.323364995049715720e-01
-1.283146672221085804e+00
-1.210561580541353877e+00
-1.027306152057252842e+00
-6.368284088228093331e-01
-6.368284088228093331e-01
-1.027306152057252842e+00
-1.658947125364644837e+00
-9.161953647218035179e-01
-1.405940216892872074e+00
-1.135731913862735531e+00
-8.168340056183098774e-01
-1.207559228695859854e+00
-1.210695021459218035e+00
-1.090619524121667183e+00
-1.090619524121667183e+00
-1.456696873047168772e+00
-1.160114700176121172e+00
-6.053669955736649122e-01
-5.518257629792520103e-01
-8.731940822343724484e-01
-1.210761509724576079e+00
1.891217243538800830e-01
-8.048656804719804825e-01
-8.048656804719804825e-01
-9.286276465499012644e-01
-6.368284088228093331e-01
-9.436693947287380091e-01
-9.410981502877961979e-01
-6.368284088228093331e-01
-4.744202910166595011e-01
-1.210632950764774174e+00
-1.210632950764774174e+00
-8.317660612500716866e-01
-1.003470054877082074e+00
-1.150750624640171527e+00
-1.150750624640171527e+00
-9.838009179189830533e-01
-1.201741917388139180e+00
-1.233899633783490213e+00
-8.057334128469402224e-01
-1.050847933819981428e+00
-4.502251437789790423e-01
-1.592524561697174157e+00
-9.290853387748017056e-01
-1.250443598103355036e+00
-1.224639105336666312e+00
-1.136072446168529204e+00
-1.210541265852074222e+00
-1.210541265852074222e+00
-4.401132574697617095e-01
-7.535710186753381556e-01
-7.956385514313020213e-01
-1.135193536046158247e+00
-1.172325120371145779e+00
-1.174464734235200147e+00
-9.058358261418644197e-01
-1.067228887519668712e+00
-1.221304209763495852e+00
-4.947162953820063436e-01
-9.678879824747861349e-01
-1.160850136478617234e+00
-7.271848949491874770e-01
-1.204339280026269776e+00
-1.344279412886601133e+00
-1.145622817553478612e+00
-4.303099352472927741e-01
-1.072791438780360984e+00
-8.110587905185222546e-01
-5.194016919099939678e-01
-1.133433485733505552e+00
-7.814688040618427145e-01
-2.520919818656008893e-01
-9.023174459257430335e-01
-5.154442517573909477e-01
-7.001366961242472264e-01
-7.513988083991498534e-01
-6.368284088228093331e-01
-1.063847939016585364e+00
-1.063847939016585364e+00
-3.076922299348798795e-01
-1.175455362165743534e+00
-1.036702473167961935e+00
-1.058972574800121969e+00
-1.058972574800121969e+00
-1.290029395843932392e+00
-5.444810769741756928e-01
-5.444810769741756928e-01
-5.444810769741756928e-01
-7.835950837980791839e-01
-4.402519097693196048e-01
-9.116603401990865940e-01
-1.212077729122150505e+00
-1.194813968001645632e+00
-1.338620356179904602e+00
-6.183454276178768083e-01
-1.111180372820390616e+00
-1.111180372820390616e+00
-1.073575382473193729e+00
-1.073575382473193729e+00
-7.565345648870249740e-01
-1.100836746122375143e+00
-4.964667078370155195e-02
-1.373716656748341425e+00
-8.022432265262362527e-01
-7.941087119128611427e-01
-1.269820953349215964e+00
-7.346822708328581975e-01
-4.207395385369170349e-01
-9.921197657795803870e-01
-1.210541579801321266e+00
-1.179196417758745730e+00
-1.179196417758745730e+00
-1.251172737616463859e+00
-8.474069219527984309e-01
-1.068694248373024624e+00
-6.368284088228093331e-01
-1.068694248373024624e+00
-5.850683720866585169e-01
-5.507685733153722119e-01
-5.507685733153722119e-01
-6.368284088228093331e-01
-1.072836235262575544e+00
-7.054246886580517462e-01
-5.406023177485552722e-02
-1.078113609909808090e+00
-1.333528592040126526e+00
-1.455788055372228662e+00
-5.604201495104663699e-01
-1.211856863133401907e+00
-9.119291010328427483e-01
-9.838009179189830533e-01
-7.059892131644533997e-01
-8.365485927132003674e-01
-8.843763512914892821e-01
-8.843763512914892821e-01
-1.201741917388139180e+00
-5.841186535272164804e-01
-8.931660136054409005e-01
-1.210587659504900548e+00
-1.711423788707590266e+00
-8.061922632526909993e-01
-1.276164871761864328e+00
-8.358146745102446040e-01
-7.112896244076929442e-01
-3.560999456638405114e-01
-1.086949104926042242e+00
-1.025504874736267391e+00
-1.039258968902181834e+00
-1.039258968902181834e+00
-8.652526442084327307e-01
-1.078674168209377005e+00
-1.703369473831840342e+00
-1.045666528824520825e+00
-1.391791004966951295e+00
-9.140646663332596678e-01
-1.154478235557415244e+00
-1.045370426683580600e+00
-1.621042693174356453e+00
-5.797810661782745179e-01
-5.140000135943503246e-01
-1.174519240247625884e+00
-7.582824280949078677e-01
-8.442796105236136661e-01
-1.401589811320109513e+00
-7.864904574783024849e-01
-4.235955405854388012e-01
-8.533262812813204867e-01
-8.533262812813204867e-01
-8.533262812813204867e-01
-8.533262812813204867e-01
-8.533262812813204867e-01
-4.796987100266867365e-01
-9.607515849705667854e-01
-1.218984778665545443e+00
-1.210196180813988054e+00
-1.200952558843812579e+00
-9.588175509671295060e-01
-6.676906871342214167e-01
-1.273861616306179112e+00
-3.022795329390128849e-01
-4.244785641404220655e-01
-4.898839050336589729e-01
-3.676844568837664973e-01
-2.835428488474143194e-01
-5.052792987266614411e-01
-3.270856754659132726e-01
-2.243623193461656840e-01
-5.757425617410887320e-01
-7.066206704255093562e-01
-1.659736440405968683e+00
-1.264510115615008257e+00
-1.037938474564900293e+00
-4.228430046508218076e-01
6.892401223933530829e-02
-1.301527604371148783e+00
-1.212460024940144265e+00
-7.757315050897579667e-01
-1.217034651325900718e+00
-3.015159973873009491e-01
-3.738626575154713194e-02
-1.308245125428870281e+00
-1.094114678933211682e+00
-1.232462592801953694e+00
-6.712319212417350300e-01
-6.368284088228093331e-01
-6.864295600310703627e-01
-9.629327055314708117e-01
-5.754370909349391106e-01
-1.314717233078743774e+00
-1.213572003839876734e+00
-1.210509492436165457e+00
-1.210632950764774174e+00
-1.210541265852074222e+00
-1.172684752536806929e+00
-1.137168475764030795e+00
-1.137168475764030795e+00
-1.309009147803051221e+00
-1.309009147803051221e+00
-1.309009147803051221e+00
-1.003732091412726790e+00
-6.368284088228093331e-01
-1.063956025409429795e+00
-1.063956025409429795e+00
-1.063956025409429795e+00
-1.250434742644133568e+00
-1.250434742644133568e+00
-8.254300737123583254e-01
-9.793029828354096189e-01
-1.210632950764774174e+00
-1.210632950764774174e+00
-1.210632950764774174e+00
-1.216105464451957774e+00
-7.635224167176728471e-01
-1.017235570896804386e+00
-6.368284088228093331e-01
-6.368284088228093331e-01
-1.153899526210373505e+00
-4.259329448422310982e-01
-1.115675842967046361e+00
-1.223247428859883801e+00
-1.201741917388139180e+00
-1.195046886990944968e+00
-1.195046886990944968e+00
-1.328333191323153084e+00
-1.210761509724576079e+00
-6.368284088228093331e-01
-1.210632950764774174e+00
-4.910298230671990005e-01
-5.893206403486783707e-01
-1.072506006238276743e+00
-6.368284088228093331e-01
-1.201741917388139180e+00
-1.201741917388139180e+00
-8.546236103641411397e-01
-1.317433719956556670e+00
-3.607104066786752661e-01
-6.237049382212300763e-01
-1.179254906756794785e+00
-1.210619551396438620e+00
-1.167354260735588234e+00
-8.418691755721912084e-01
-1.226250031699432030e+00
-1.184644998265013793e+00
-1.210709591767116899e+00
-1.207000805380341157e+00
-6.182423299428059238e-01
-8.556461022189769672e-01
-1.059596496559811030e+00
-1.161433808872837092e+00
-1.161433808872837092e+00
-1.194788892383654044e+00
-9.313416309043640595e-01
